Loading climacommon/2025_05_15
  Loading requirement: climaauth/2025_05_15 openmpi/4.1.5-mpitrampoline
    julia/1.11.5 cuda/julia-pref
Using Python 3.14.2 environment at: .calkit/venvs/main/.venv
2026-01-13 17:31:48 - Running benchmark for date: 2025-11-14
2026-01-13 17:31:48 - Repository revisions:
2026-01-13 17:31:48 -   ClimaAtmos.jl: 6dc96e3dbe88521bae711adb03b50aa6d1809ec3 (updated)
2026-01-13 17:31:48 -   ClimaCoupler.jl: 909e5c1c124f539cf1d8fafd1084724c8d8b9eec (static)
2026-01-13 17:31:48 -   ClimaCore.jl: 779b0ae555875318a2f5ff68ba7072b6e08fa781 (static)
2026-01-13 17:31:48 -   ClimaTimesteppers.jl: 47a52f332cb8cc2898d90a1c5b2b760ae0b6fbab (static)
2026-01-13 17:31:48 -   Thermodynamics.jl: 9577fb1da33e52743cf915a3c1b24d8aa98780a3 (static)
2026-01-13 17:31:48 -   RRTMGP.jl: 90eadd1744d321a9e3fc600ef613ac2e4c42209a (static)
2026-01-13 17:31:48 - Copying ClimaCoupler at rev: 909e5c1c124f539cf1d8fafd1084724c8d8b9eec
2026-01-13 17:31:49 - Instantiating ClimaEarth environment at: envs/2025-11-14/ClimaCoupler.jl/experiments/ClimaEarth
Precompiling project...
           âœ— DataDeps
           âœ— FileIO â†’ HTTPExt
  12082.6 ms  âœ“ RecursiveArrayTools â†’ RecursiveArrayToolsForwardDiffExt
  27274.3 ms  âœ“ Thermodynamics
  42054.6 ms  âœ“ SciMLBase
  34550.5 ms  âœ“ NCDatasets
   8556.1 ms  âœ“ Thermodynamics â†’ CreateParametersExt
   9411.9 ms  âœ“ SciMLBase â†’ SciMLBaseChainRulesCoreExt
  12948.6 ms  âœ“ SciMLBase â†’ SciMLBaseForwardDiffExt
  13557.0 ms  âœ“ SurfaceFluxes
  15299.5 ms  âœ“ SciMLBase â†’ SciMLBaseDistributionsExt
  14311.9 ms  âœ“ ClimaUtilities â†’ ClimaUtilitiesNCDatasetsExt
  15427.7 ms  âœ“ NCDatasets â†’ NCDatasetsMPIExt
  15260.5 ms  âœ“ RRTMGP â†’ RRTMGPNCDatasetsExt
   5884.3 ms  âœ“ SurfaceFluxes â†’ CreateParametersExt
  20348.3 ms  âœ“ DiffEqBase
           âœ— MeshArrays â†’ MeshArraysDataDepsExt
  21980.1 ms  âœ“ CloudMicrophysics
   9565.3 ms  âœ“ DiffEqBase â†’ DiffEqBaseChainRulesCoreExt
   9474.0 ms  âœ“ DiffEqBase â†’ DiffEqBaseSparseArraysExt
  10503.5 ms  âœ“ DiffEqBase â†’ DiffEqBaseUnitfulExt
  12293.6 ms  âœ“ DiffEqBase â†’ DiffEqBaseForwardDiffExt
  12062.4 ms  âœ“ DiffEqBase â†’ DiffEqBaseDistributionsExt
  13297.7 ms  âœ“ DiffEqBase â†’ DiffEqBaseMPIExt
  48503.8 ms  âœ“ SciMLBase â†’ SciMLBaseMakieExt
  52694.7 ms  âœ“ ClimaCore
  20979.2 ms  âœ“ ClimaTimeSteppers
  90177.6 ms  âœ“ Oceananigans
  61826.0 ms  âœ“ ClimaAnalysis
  27585.1 ms  âœ“ ClimaCore â†’ KrylovExt
  28329.5 ms  âœ“ ClimaUtilities â†’ ClimaUtilitiesClimaCoreExt
  25006.1 ms  âœ“ Oceananigans â†’ OceananigansNCDatasetsExt
  38042.4 ms  âœ“ ClimaSeaIce
  40186.0 ms  âœ“ ClimaCalibrate â†’ ClimaAnalysisExt
  27274.1 ms  âœ“ ClimaUtilities â†’ ClimaUtilitiesClimaCoreNCDatasetsExt
  28221.6 ms  âœ“ ClimaUtilities â†’ ClimaUtilitiesClimaCoreInterpolationsExt
  32389.9 ms  âœ“ ClimaDiagnostics
  33500.0 ms  âœ“ ClimaCoupler
  60038.5 ms  âœ“ Oceananigans â†’ OceananigansMakieExt
  56590.3 ms  âœ“ ClimaAnalysis â†’ ClimaAnalysisMakieExt
  70209.8 ms  âœ“ ClimaCoreMakie
  59045.5 ms  âœ“ ClimaAnalysis â†’ ClimaAnalysisGeoMakieExt
  30831.2 ms  âœ“ ClimaLand
  38499.9 ms  âœ“ ClimaAtmos
 197972.3 ms  âœ“ CUDA
  24665.8 ms  âœ“ ClimaLand â†’ FluxnetSimulationsExt
  61936.5 ms  âœ“ SparseMatrixColorings â†’ SparseMatrixColoringsCUDAExt
  62999.2 ms  âœ“ LinearOperators â†’ LinearOperatorsCUDAExt
  65062.4 ms  âœ“ MPI â†’ CUDAExt
  65577.7 ms  âœ“ DiffEqBase â†’ DiffEqBaseCUDAExt
  68433.0 ms  âœ“ CUDA â†’ SpecialFunctionsExt
  68996.7 ms  âœ“ CUDA â†’ ChainRulesCoreExt
  68517.2 ms  âœ“ CUDA â†’ EnzymeCoreExt
  67713.8 ms  âœ“ KrylovPreconditioners â†’ KrylovPreconditionersCUDAExt
  68251.7 ms  âœ“ ArrayInterface â†’ ArrayInterfaceCUDAExt
  69224.9 ms  âœ“ ClimaInterpolations â†’ ClimaInterpolationsCUDAExt
  69653.7 ms  âœ“ MultiBroadcastFusion â†’ MultiBroadcastFusionCUDAExt
  69077.4 ms  âœ“ RRTMGP â†’ RRTMGPCUDAExt
  69843.1 ms  âœ“ Atomix â†’ AtomixCUDAExt
  70427.3 ms  âœ“ ClimaComms â†’ ClimaCommsCUDAExt
  95023.1 ms  âœ“ ClimaLand â†’ LandSimulationVisualizationExt
  70769.9 ms  âœ“ ClimaCore â†’ ClimaCoreCUDAExt
  19238.3 ms  âœ“ Oceananigans â†’ OceananigansCUDAExt
  21392.5 ms  âœ“ ClimaTimeSteppers â†’ ClimaTimeSteppersBenchmarkToolsExt
           âœ— ClimaOcean
  61 dependencies successfully precompiled in 305 seconds. 582 already precompiled.
  20 dependencies had output during precompilation:
â”Œ ArrayInterface â†’ ArrayInterfaceCUDAExt
â”‚  [33m[1mâ”Œ [22m[39m[33m[1mWarning: [22m[39mCUDA runtime library `libcublasLt.so.13` was loaded from a system path, `/usr/local/cuda/lib64/libcublasLt.so.13`.
â”‚  [33m[1mâ”‚ [22m[39mThis may cause errors.
â”‚  [33m[1mâ”‚ [22m[39m
â”‚  [33m[1mâ”‚ [22m[39mIf you're running under a profiler, this situation is expected. Otherwise,
â”‚  [33m[1mâ”‚ [22m[39mensure that your library path environment variable (e.g., `PATH` on Windows
â”‚  [33m[1mâ”‚ [22m[39mor `LD_LIBRARY_PATH` on Linux) does not include CUDA library paths.
â”‚  [33m[1mâ”‚ [22m[39m
â”‚  [33m[1mâ”‚ [22m[39mIn any other case, please file an issue.
â”‚  [33m[1mâ”” [22m[39m[90m@ CUDA ~/.julia/packages/CUDA/TPbi4/src/initialization.jl:218[39m
â”‚  [33m[1mâ”Œ [22m[39m[33m[1mWarning: [22m[39mCUDA runtime library `libnvJitLink.so.13` was loaded from a system path, `/usr/local/cuda/lib64/libnvJitLink.so.13`.
â”‚  [33m[1mâ”‚ [22m[39mThis may cause errors.
â”‚  [33m[1mâ”‚ [22m[39m
â”‚  [33m[1mâ”‚ [22m[39mIf you're running under a profiler, this situation is expected. Otherwise,
â”‚  [33m[1mâ”‚ [22m[39mensure that your library path environment variable (e.g., `PATH` on Windows
â”‚  [33m[1mâ”‚ [22m[39mor `LD_LIBRARY_PATH` on Linux) does not include CUDA library paths.
â”‚  [33m[1mâ”‚ [22m[39m
â”‚  [33m[1mâ”‚ [22m[39mIn any other case, please file an issue.
â”‚  [33m[1mâ”” [22m[39m[90m@ CUDA ~/.julia/packages/CUDA/TPbi4/src/initialization.jl:218[39m
â”‚  [33m[1mâ”Œ [22m[39m[33m[1mWarning: [22m[39mCUDA runtime library `libcusparse.so.12` was loaded from a system path, `/usr/local/cuda/lib64/libcusparse.so.12`.
â”‚  [33m[1mâ”‚ [22m[39mThis may cause errors.
â”‚  [33m[1mâ”‚ [22m[39m
â”‚  [33m[1mâ”‚ [22m[39mIf you're running under a profiler, this situation is expected. Otherwise,
â”‚  [33m[1mâ”‚ [22m[39mensure that your library path environment variable (e.g., `PATH` on Windows
â”‚  [33m[1mâ”‚ [22m[39mor `LD_LIBRARY_PATH` on Linux) does not include CUDA library paths.
â”‚  [33m[1mâ”‚ [22m[39m
â”‚  [33m[1mâ”‚ [22m[39mIn any other case, please file an issue.
â”‚  [33m[1mâ”” [22m[39m[90m@ CUDA ~/.julia/packages/CUDA/TPbi4/src/initialization.jl:218[39m
â””  
â”Œ LinearOperators â†’ LinearOperatorsCUDAExt
â”‚  [33m[1mâ”Œ [22m[39m[33m[1mWarning: [22m[39mCUDA runtime library `libcublasLt.so.13` was loaded from a system path, `/usr/local/cuda/lib64/libcublasLt.so.13`.
â”‚  [33m[1mâ”‚ [22m[39mThis may cause errors.
â”‚  [33m[1mâ”‚ [22m[39m
â”‚  [33m[1mâ”‚ [22m[39mIf you're running under a profiler, this situation is expected. Otherwise,
â”‚  [33m[1mâ”‚ [22m[39mensure that your library path environment variable (e.g., `PATH` on Windows
â”‚  [33m[1mâ”‚ [22m[39mor `LD_LIBRARY_PATH` on Linux) does not include CUDA library paths.
â”‚  [33m[1mâ”‚ [22m[39m
â”‚  [33m[1mâ”‚ [22m[39mIn any other case, please file an issue.
â”‚  [33m[1mâ”” [22m[39m[90m@ CUDA ~/.julia/packages/CUDA/TPbi4/src/initialization.jl:218[39m
â”‚  [33m[1mâ”Œ [22m[39m[33m[1mWarning: [22m[39mCUDA runtime library `libnvJitLink.so.13` was loaded from a system path, `/usr/local/cuda/lib64/libnvJitLink.so.13`.
â”‚  [33m[1mâ”‚ [22m[39mThis may cause errors.
â”‚  [33m[1mâ”‚ [22m[39m
â”‚  [33m[1mâ”‚ [22m[39mIf you're running under a profiler, this situation is expected. Otherwise,
â”‚  [33m[1mâ”‚ [22m[39mensure that your library path environment variable (e.g., `PATH` on Windows
â”‚  [33m[1mâ”‚ [22m[39mor `LD_LIBRARY_PATH` on Linux) does not include CUDA library paths.
â”‚  [33m[1mâ”‚ [22m[39m
â”‚  [33m[1mâ”‚ [22m[39mIn any other case, please file an issue.
â”‚  [33m[1mâ”” [22m[39m[90m@ CUDA ~/.julia/packages/CUDA/TPbi4/src/initialization.jl:218[39m
â”‚  [33m[1mâ”Œ [22m[39m[33m[1mWarning: [22m[39mCUDA runtime library `libcusparse.so.12` was loaded from a system path, `/usr/local/cuda/lib64/libcusparse.so.12`.
â”‚  [33m[1mâ”‚ [22m[39mThis may cause errors.
â”‚  [33m[1mâ”‚ [22m[39m
â”‚  [33m[1mâ”‚ [22m[39mIf you're running under a profiler, this situation is expected. Otherwise,
â”‚  [33m[1mâ”‚ [22m[39mensure that your library path environment variable (e.g., `PATH` on Windows
â”‚  [33m[1mâ”‚ [22m[39mor `LD_LIBRARY_PATH` on Linux) does not include CUDA library paths.
â”‚  [33m[1mâ”‚ [22m[39m
â”‚  [33m[1mâ”‚ [22m[39mIn any other case, please file an issue.
â”‚  [33m[1mâ”” [22m[39m[90m@ CUDA ~/.julia/packages/CUDA/TPbi4/src/initialization.jl:218[39m
â””  
â”Œ Oceananigans â†’ OceananigansMakieExt
â”‚  [33m[1mâ”Œ [22m[39m[33m[1mWarning: [22m[39mYou are using Julia v1.11 or later!"
â”‚  [33m[1mâ”‚ [22m[39mOceananigans is currently tested on Julia v1.10."
â”‚  [33m[1mâ”‚ [22m[39mIf you find issues with Julia v1.11 or later,"
â”‚  [33m[1mâ”‚ [22m[39mplease report at https://github.com/CliMA/Oceananigans.jl/issues/new
â”‚  [33m[1mâ”” [22m[39m[90m@ Oceananigans ~/.julia/packages/Oceananigans/A56vm/src/Oceananigans.jl:125[39m
â””  
â”Œ ClimaCore â†’ ClimaCoreCUDAExt
â”‚  [33m[1mâ”Œ [22m[39m[33m[1mWarning: [22m[39mCUDA runtime library `libcublasLt.so.13` was loaded from a system path, `/usr/local/cuda/lib64/libcublasLt.so.13`.
â”‚  [33m[1mâ”‚ [22m[39mThis may cause errors.
â”‚  [33m[1mâ”‚ [22m[39m
â”‚  [33m[1mâ”‚ [22m[39mIf you're running under a profiler, this situation is expected. Otherwise,
â”‚  [33m[1mâ”‚ [22m[39mensure that your library path environment variable (e.g., `PATH` on Windows
â”‚  [33m[1mâ”‚ [22m[39mor `LD_LIBRARY_PATH` on Linux) does not include CUDA library paths.
â”‚  [33m[1mâ”‚ [22m[39m
â”‚  [33m[1mâ”‚ [22m[39mIn any other case, please file an issue.
â”‚  [33m[1mâ”” [22m[39m[90m@ CUDA ~/.julia/packages/CUDA/TPbi4/src/initialization.jl:218[39m
â”‚  [33m[1mâ”Œ [22m[39m[33m[1mWarning: [22m[39mCUDA runtime library `libnvJitLink.so.13` was loaded from a system path, `/usr/local/cuda/lib64/libnvJitLink.so.13`.
â”‚  [33m[1mâ”‚ [22m[39mThis may cause errors.
â”‚  [33m[1mâ”‚ [22m[39m
â”‚  [33m[1mâ”‚ [22m[39mIf you're running under a profiler, this situation is expected. Otherwise,
â”‚  [33m[1mâ”‚ [22m[39mensure that your library path environment variable (e.g., `PATH` on Windows
â”‚  [33m[1mâ”‚ [22m[39mor `LD_LIBRARY_PATH` on Linux) does not include CUDA library paths.
â”‚  [33m[1mâ”‚ [22m[39m
â”‚  [33m[1mâ”‚ [22m[39mIn any other case, please file an issue.
â”‚  [33m[1mâ”” [22m[39m[90m@ CUDA ~/.julia/packages/CUDA/TPbi4/src/initialization.jl:218[39m
â”‚  [33m[1mâ”Œ [22m[39m[33m[1mWarning: [22m[39mCUDA runtime library `libcusparse.so.12` was loaded from a system path, `/usr/local/cuda/lib64/libcusparse.so.12`.
â”‚  [33m[1mâ”‚ [22m[39mThis may cause errors.
â”‚  [33m[1mâ”‚ [22m[39m
â”‚  [33m[1mâ”‚ [22m[39mIf you're running under a profiler, this situation is expected. Otherwise,
â”‚  [33m[1mâ”‚ [22m[39mensure that your library path environment variable (e.g., `PATH` on Windows
â”‚  [33m[1mâ”‚ [22m[39mor `LD_LIBRARY_PATH` on Linux) does not include CUDA library paths.
â”‚  [33m[1mâ”‚ [22m[39m
â”‚  [33m[1mâ”‚ [22m[39mIn any other case, please file an issue.
â”‚  [33m[1mâ”” [22m[39m[90m@ CUDA ~/.julia/packages/CUDA/TPbi4/src/initialization.jl:218[39m
â””  
â”Œ ClimaInterpolations â†’ ClimaInterpolationsCUDAExt
â”‚  [33m[1mâ”Œ [22m[39m[33m[1mWarning: [22m[39mCUDA runtime library `libcublasLt.so.13` was loaded from a system path, `/usr/local/cuda/lib64/libcublasLt.so.13`.
â”‚  [33m[1mâ”‚ [22m[39mThis may cause errors.
â”‚  [33m[1mâ”‚ [22m[39m
â”‚  [33m[1mâ”‚ [22m[39mIf you're running under a profiler, this situation is expected. Otherwise,
â”‚  [33m[1mâ”‚ [22m[39mensure that your library path environment variable (e.g., `PATH` on Windows
â”‚  [33m[1mâ”‚ [22m[39mor `LD_LIBRARY_PATH` on Linux) does not include CUDA library paths.
â”‚  [33m[1mâ”‚ [22m[39m
â”‚  [33m[1mâ”‚ [22m[39mIn any other case, please file an issue.
â”‚  [33m[1mâ”” [22m[39m[90m@ CUDA ~/.julia/packages/CUDA/TPbi4/src/initialization.jl:218[39m
â”‚  [33m[1mâ”Œ [22m[39m[33m[1mWarning: [22m[39mCUDA runtime library `libnvJitLink.so.13` was loaded from a system path, `/usr/local/cuda/lib64/libnvJitLink.so.13`.
â”‚  [33m[1mâ”‚ [22m[39mThis may cause errors.
â”‚  [33m[1mâ”‚ [22m[39m
â”‚  [33m[1mâ”‚ [22m[39mIf you're running under a profiler, this situation is expected. Otherwise,
â”‚  [33m[1mâ”‚ [22m[39mensure that your library path environment variable (e.g., `PATH` on Windows
â”‚  [33m[1mâ”‚ [22m[39mor `LD_LIBRARY_PATH` on Linux) does not include CUDA library paths.
â”‚  [33m[1mâ”‚ [22m[39m
â”‚  [33m[1mâ”‚ [22m[39mIn any other case, please file an issue.
â”‚  [33m[1mâ”” [22m[39m[90m@ CUDA ~/.julia/packages/CUDA/TPbi4/src/initialization.jl:218[39m
â”‚  [33m[1mâ”Œ [22m[39m[33m[1mWarning: [22m[39mCUDA runtime library `libcusparse.so.12` was loaded from a system path, `/usr/local/cuda/lib64/libcusparse.so.12`.
â”‚  [33m[1mâ”‚ [22m[39mThis may cause errors.
â”‚  [33m[1mâ”‚ [22m[39m
â”‚  [33m[1mâ”‚ [22m[39mIf you're running under a profiler, this situation is expected. Otherwise,
â”‚  [33m[1mâ”‚ [22m[39mensure that your library path environment variable (e.g., `PATH` on Windows
â”‚  [33m[1mâ”‚ [22m[39mor `LD_LIBRARY_PATH` on Linux) does not include CUDA library paths.
â”‚  [33m[1mâ”‚ [22m[39m
â”‚  [33m[1mâ”‚ [22m[39mIn any other case, please file an issue.
â”‚  [33m[1mâ”” [22m[39m[90m@ CUDA ~/.julia/packages/CUDA/TPbi4/src/initialization.jl:218[39m
â””  
â”Œ ClimaTimeSteppers â†’ ClimaTimeSteppersBenchmarkToolsExt
â”‚  [33m[1mâ”Œ [22m[39m[33m[1mWarning: [22m[39mCUDA runtime library `libcublasLt.so.13` was loaded from a system path, `/usr/local/cuda/lib64/libcublasLt.so.13`.
â”‚  [33m[1mâ”‚ [22m[39mThis may cause errors.
â”‚  [33m[1mâ”‚ [22m[39m
â”‚  [33m[1mâ”‚ [22m[39mIf you're running under a profiler, this situation is expected. Otherwise,
â”‚  [33m[1mâ”‚ [22m[39mensure that your library path environment variable (e.g., `PATH` on Windows
â”‚  [33m[1mâ”‚ [22m[39mor `LD_LIBRARY_PATH` on Linux) does not include CUDA library paths.
â”‚  [33m[1mâ”‚ [22m[39m
â”‚  [33m[1mâ”‚ [22m[39mIn any other case, please file an issue.
â”‚  [33m[1mâ”” [22m[39m[90m@ CUDA ~/.julia/packages/CUDA/TPbi4/src/initialization.jl:218[39m
â”‚  [33m[1mâ”Œ [22m[39m[33m[1mWarning: [22m[39mCUDA runtime library `libnvJitLink.so.13` was loaded from a system path, `/usr/local/cuda/lib64/libnvJitLink.so.13`.
â”‚  [33m[1mâ”‚ [22m[39mThis may cause errors.
â”‚  [33m[1mâ”‚ [22m[39m
â”‚  [33m[1mâ”‚ [22m[39mIf you're running under a profiler, this situation is expected. Otherwise,
â”‚  [33m[1mâ”‚ [22m[39mensure that your library path environment variable (e.g., `PATH` on Windows
â”‚  [33m[1mâ”‚ [22m[39mor `LD_LIBRARY_PATH` on Linux) does not include CUDA library paths.
â”‚  [33m[1mâ”‚ [22m[39m
â”‚  [33m[1mâ”‚ [22m[39mIn any other case, please file an issue.
â”‚  [33m[1mâ”” [22m[39m[90m@ CUDA ~/.julia/packages/CUDA/TPbi4/src/initialization.jl:218[39m
â”‚  [33m[1mâ”Œ [22m[39m[33m[1mWarning: [22m[39mCUDA runtime library `libcusparse.so.12` was loaded from a system path, `/usr/local/cuda/lib64/libcusparse.so.12`.
â”‚  [33m[1mâ”‚ [22m[39mThis may cause errors.
â”‚  [33m[1mâ”‚ [22m[39m
â”‚  [33m[1mâ”‚ [22m[39mIf you're running under a profiler, this situation is expected. Otherwise,
â”‚  [33m[1mâ”‚ [22m[39mensure that your library path environment variable (e.g., `PATH` on Windows
â”‚  [33m[1mâ”‚ [22m[39mor `LD_LIBRARY_PATH` on Linux) does not include CUDA library paths.
â”‚  [33m[1mâ”‚ [22m[39m
â”‚  [33m[1mâ”‚ [22m[39mIn any other case, please file an issue.
â”‚  [33m[1mâ”” [22m[39m[90m@ CUDA ~/.julia/packages/CUDA/TPbi4/src/initialization.jl:218[39m
â””  
â”Œ Oceananigans â†’ OceananigansNCDatasetsExt
â”‚  [33m[1mâ”Œ [22m[39m[33m[1mWarning: [22m[39mYou are using Julia v1.11 or later!"
â”‚  [33m[1mâ”‚ [22m[39mOceananigans is currently tested on Julia v1.10."
â”‚  [33m[1mâ”‚ [22m[39mIf you find issues with Julia v1.11 or later,"
â”‚  [33m[1mâ”‚ [22m[39mplease report at https://github.com/CliMA/Oceananigans.jl/issues/new
â”‚  [33m[1mâ”” [22m[39m[90m@ Oceananigans ~/.julia/packages/Oceananigans/A56vm/src/Oceananigans.jl:125[39m
â””  
â”Œ Atomix â†’ AtomixCUDAExt
â”‚  [33m[1mâ”Œ [22m[39m[33m[1mWarning: [22m[39mCUDA runtime library `libcublasLt.so.13` was loaded from a system path, `/usr/local/cuda/lib64/libcublasLt.so.13`.
â”‚  [33m[1mâ”‚ [22m[39mThis may cause errors.
â”‚  [33m[1mâ”‚ [22m[39m
â”‚  [33m[1mâ”‚ [22m[39mIf you're running under a profiler, this situation is expected. Otherwise,
â”‚  [33m[1mâ”‚ [22m[39mensure that your library path environment variable (e.g., `PATH` on Windows
â”‚  [33m[1mâ”‚ [22m[39mor `LD_LIBRARY_PATH` on Linux) does not include CUDA library paths.
â”‚  [33m[1mâ”‚ [22m[39m
â”‚  [33m[1mâ”‚ [22m[39mIn any other case, please file an issue.
â”‚  [33m[1mâ”” [22m[39m[90m@ CUDA ~/.julia/packages/CUDA/TPbi4/src/initialization.jl:218[39m
â”‚  [33m[1mâ”Œ [22m[39m[33m[1mWarning: [22m[39mCUDA runtime library `libnvJitLink.so.13` was loaded from a system path, `/usr/local/cuda/lib64/libnvJitLink.so.13`.
â”‚  [33m[1mâ”‚ [22m[39mThis may cause errors.
â”‚  [33m[1mâ”‚ [22m[39m
â”‚  [33m[1mâ”‚ [22m[39mIf you're running under a profiler, this situation is expected. Otherwise,
â”‚  [33m[1mâ”‚ [22m[39mensure that your library path environment variable (e.g., `PATH` on Windows
â”‚  [33m[1mâ”‚ [22m[39mor `LD_LIBRARY_PATH` on Linux) does not include CUDA library paths.
â”‚  [33m[1mâ”‚ [22m[39m
â”‚  [33m[1mâ”‚ [22m[39mIn any other case, please file an issue.
â”‚  [33m[1mâ”” [22m[39m[90m@ CUDA ~/.julia/packages/CUDA/TPbi4/src/initialization.jl:218[39m
â”‚  [33m[1mâ”Œ [22m[39m[33m[1mWarning: [22m[39mCUDA runtime library `libcusparse.so.12` was loaded from a system path, `/usr/local/cuda/lib64/libcusparse.so.12`.
â”‚  [33m[1mâ”‚ [22m[39mThis may cause errors.
â”‚  [33m[1mâ”‚ [22m[39m
â”‚  [33m[1mâ”‚ [22m[39mIf you're running under a profiler, this situation is expected. Otherwise,
â”‚  [33m[1mâ”‚ [22m[39mensure that your library path environment variable (e.g., `PATH` on Windows
â”‚  [33m[1mâ”‚ [22m[39mor `LD_LIBRARY_PATH` on Linux) does not include CUDA library paths.
â”‚  [33m[1mâ”‚ [22m[39m
â”‚  [33m[1mâ”‚ [22m[39mIn any other case, please file an issue.
â”‚  [33m[1mâ”” [22m[39m[90m@ CUDA ~/.julia/packages/CUDA/TPbi4/src/initialization.jl:218[39m
â””  
â”Œ CUDA â†’ ChainRulesCoreExt
â”‚  [33m[1mâ”Œ [22m[39m[33m[1mWarning: [22m[39mCUDA runtime library `libcublasLt.so.13` was loaded from a system path, `/usr/local/cuda/lib64/libcublasLt.so.13`.
â”‚  [33m[1mâ”‚ [22m[39mThis may cause errors.
â”‚  [33m[1mâ”‚ [22m[39m
â”‚  [33m[1mâ”‚ [22m[39mIf you're running under a profiler, this situation is expected. Otherwise,
â”‚  [33m[1mâ”‚ [22m[39mensure that your library path environment variable (e.g., `PATH` on Windows
â”‚  [33m[1mâ”‚ [22m[39mor `LD_LIBRARY_PATH` on Linux) does not include CUDA library paths.
â”‚  [33m[1mâ”‚ [22m[39m
â”‚  [33m[1mâ”‚ [22m[39mIn any other case, please file an issue.
â”‚  [33m[1mâ”” [22m[39m[90m@ CUDA ~/.julia/packages/CUDA/TPbi4/src/initialization.jl:218[39m
â”‚  [33m[1mâ”Œ [22m[39m[33m[1mWarning: [22m[39mCUDA runtime library `libnvJitLink.so.13` was loaded from a system path, `/usr/local/cuda/lib64/libnvJitLink.so.13`.
â”‚  [33m[1mâ”‚ [22m[39mThis may cause errors.
â”‚  [33m[1mâ”‚ [22m[39m
â”‚  [33m[1mâ”‚ [22m[39mIf you're running under a profiler, this situation is expected. Otherwise,
â”‚  [33m[1mâ”‚ [22m[39mensure that your library path environment variable (e.g., `PATH` on Windows
â”‚  [33m[1mâ”‚ [22m[39mor `LD_LIBRARY_PATH` on Linux) does not include CUDA library paths.
â”‚  [33m[1mâ”‚ [22m[39m
â”‚  [33m[1mâ”‚ [22m[39mIn any other case, please file an issue.
â”‚  [33m[1mâ”” [22m[39m[90m@ CUDA ~/.julia/packages/CUDA/TPbi4/src/initialization.jl:218[39m
â”‚  [33m[1mâ”Œ [22m[39m[33m[1mWarning: [22m[39mCUDA runtime library `libcusparse.so.12` was loaded from a system path, `/usr/local/cuda/lib64/libcusparse.so.12`.
â”‚  [33m[1mâ”‚ [22m[39mThis may cause errors.
â”‚  [33m[1mâ”‚ [22m[39m
â”‚  [33m[1mâ”‚ [22m[39mIf you're running under a profiler, this situation is expected. Otherwise,
â”‚  [33m[1mâ”‚ [22m[39mensure that your library path environment variable (e.g., `PATH` on Windows
â”‚  [33m[1mâ”‚ [22m[39mor `LD_LIBRARY_PATH` on Linux) does not include CUDA library paths.
â”‚  [33m[1mâ”‚ [22m[39m
â”‚  [33m[1mâ”‚ [22m[39mIn any other case, please file an issue.
â”‚  [33m[1mâ”” [22m[39m[90m@ CUDA ~/.julia/packages/CUDA/TPbi4/src/initialization.jl:218[39m
â””  
â”Œ MultiBroadcastFusion â†’ MultiBroadcastFusionCUDAExt
â”‚  [33m[1mâ”Œ [22m[39m[33m[1mWarning: [22m[39mCUDA runtime library `libcublasLt.so.13` was loaded from a system path, `/usr/local/cuda/lib64/libcublasLt.so.13`.
â”‚  [33m[1mâ”‚ [22m[39mThis may cause errors.
â”‚  [33m[1mâ”‚ [22m[39m
â”‚  [33m[1mâ”‚ [22m[39mIf you're running under a profiler, this situation is expected. Otherwise,
â”‚  [33m[1mâ”‚ [22m[39mensure that your library path environment variable (e.g., `PATH` on Windows
â”‚  [33m[1mâ”‚ [22m[39mor `LD_LIBRARY_PATH` on Linux) does not include CUDA library paths.
â”‚  [33m[1mâ”‚ [22m[39m
â”‚  [33m[1mâ”‚ [22m[39mIn any other case, please file an issue.
â”‚  [33m[1mâ”” [22m[39m[90m@ CUDA ~/.julia/packages/CUDA/TPbi4/src/initialization.jl:218[39m
â”‚  [33m[1mâ”Œ [22m[39m[33m[1mWarning: [22m[39mCUDA runtime library `libnvJitLink.so.13` was loaded from a system path, `/usr/local/cuda/lib64/libnvJitLink.so.13`.
â”‚  [33m[1mâ”‚ [22m[39mThis may cause errors.
â”‚  [33m[1mâ”‚ [22m[39m
â”‚  [33m[1mâ”‚ [22m[39mIf you're running under a profiler, this situation is expected. Otherwise,
â”‚  [33m[1mâ”‚ [22m[39mensure that your library path environment variable (e.g., `PATH` on Windows
â”‚  [33m[1mâ”‚ [22m[39mor `LD_LIBRARY_PATH` on Linux) does not include CUDA library paths.
â”‚  [33m[1mâ”‚ [22m[39m
â”‚  [33m[1mâ”‚ [22m[39mIn any other case, please file an issue.
â”‚  [33m[1mâ”” [22m[39m[90m@ CUDA ~/.julia/packages/CUDA/TPbi4/src/initialization.jl:218[39m
â”‚  [33m[1mâ”Œ [22m[39m[33m[1mWarning: [22m[39mCUDA runtime library `libcusparse.so.12` was loaded from a system path, `/usr/local/cuda/lib64/libcusparse.so.12`.
â”‚  [33m[1mâ”‚ [22m[39mThis may cause errors.
â”‚  [33m[1mâ”‚ [22m[39m
â”‚  [33m[1mâ”‚ [22m[39mIf you're running under a profiler, this situation is expected. Otherwise,
â”‚  [33m[1mâ”‚ [22m[39mensure that your library path environment variable (e.g., `PATH` on Windows
â”‚  [33m[1mâ”‚ [22m[39mor `LD_LIBRARY_PATH` on Linux) does not include CUDA library paths.
â”‚  [33m[1mâ”‚ [22m[39m
â”‚  [33m[1mâ”‚ [22m[39mIn any other case, please file an issue.
â”‚  [33m[1mâ”” [22m[39m[90m@ CUDA ~/.julia/packages/CUDA/TPbi4/src/initialization.jl:218[39m
â””  
â”Œ CUDA â†’ SpecialFunctionsExt
â”‚  [33m[1mâ”Œ [22m[39m[33m[1mWarning: [22m[39mCUDA runtime library `libcublasLt.so.13` was loaded from a system path, `/usr/local/cuda/lib64/libcublasLt.so.13`.
â”‚  [33m[1mâ”‚ [22m[39mThis may cause errors.
â”‚  [33m[1mâ”‚ [22m[39m
â”‚  [33m[1mâ”‚ [22m[39mIf you're running under a profiler, this situation is expected. Otherwise,
â”‚  [33m[1mâ”‚ [22m[39mensure that your library path environment variable (e.g., `PATH` on Windows
â”‚  [33m[1mâ”‚ [22m[39mor `LD_LIBRARY_PATH` on Linux) does not include CUDA library paths.
â”‚  [33m[1mâ”‚ [22m[39m
â”‚  [33m[1mâ”‚ [22m[39mIn any other case, please file an issue.
â”‚  [33m[1mâ”” [22m[39m[90m@ CUDA ~/.julia/packages/CUDA/TPbi4/src/initialization.jl:218[39m
â”‚  [33m[1mâ”Œ [22m[39m[33m[1mWarning: [22m[39mCUDA runtime library `libnvJitLink.so.13` was loaded from a system path, `/usr/local/cuda/lib64/libnvJitLink.so.13`.
â”‚  [33m[1mâ”‚ [22m[39mThis may cause errors.
â”‚  [33m[1mâ”‚ [22m[39m
â”‚  [33m[1mâ”‚ [22m[39mIf you're running under a profiler, this situation is expected. Otherwise,
â”‚  [33m[1mâ”‚ [22m[39mensure that your library path environment variable (e.g., `PATH` on Windows
â”‚  [33m[1mâ”‚ [22m[39mor `LD_LIBRARY_PATH` on Linux) does not include CUDA library paths.
â”‚  [33m[1mâ”‚ [22m[39m
â”‚  [33m[1mâ”‚ [22m[39mIn any other case, please file an issue.
â”‚  [33m[1mâ”” [22m[39m[90m@ CUDA ~/.julia/packages/CUDA/TPbi4/src/initialization.jl:218[39m
â”‚  [33m[1mâ”Œ [22m[39m[33m[1mWarning: [22m[39mCUDA runtime library `libcusparse.so.12` was loaded from a system path, `/usr/local/cuda/lib64/libcusparse.so.12`.
â”‚  [33m[1mâ”‚ [22m[39mThis may cause errors.
â”‚  [33m[1mâ”‚ [22m[39m
â”‚  [33m[1mâ”‚ [22m[39mIf you're running under a profiler, this situation is expected. Otherwise,
â”‚  [33m[1mâ”‚ [22m[39mensure that your library path environment variable (e.g., `PATH` on Windows
â”‚  [33m[1mâ”‚ [22m[39mor `LD_LIBRARY_PATH` on Linux) does not include CUDA library paths.
â”‚  [33m[1mâ”‚ [22m[39m
â”‚  [33m[1mâ”‚ [22m[39mIn any other case, please file an issue.
â”‚  [33m[1mâ”” [22m[39m[90m@ CUDA ~/.julia/packages/CUDA/TPbi4/src/initialization.jl:218[39m
â””  
â”Œ CUDA â†’ EnzymeCoreExt
â”‚  [33m[1mâ”Œ [22m[39m[33m[1mWarning: [22m[39mCUDA runtime library `libcublasLt.so.13` was loaded from a system path, `/usr/local/cuda/lib64/libcublasLt.so.13`.
â”‚  [33m[1mâ”‚ [22m[39mThis may cause errors.
â”‚  [33m[1mâ”‚ [22m[39m
â”‚  [33m[1mâ”‚ [22m[39mIf you're running under a profiler, this situation is expected. Otherwise,
â”‚  [33m[1mâ”‚ [22m[39mensure that your library path environment variable (e.g., `PATH` on Windows
â”‚  [33m[1mâ”‚ [22m[39mor `LD_LIBRARY_PATH` on Linux) does not include CUDA library paths.
â”‚  [33m[1mâ”‚ [22m[39m
â”‚  [33m[1mâ”‚ [22m[39mIn any other case, please file an issue.
â”‚  [33m[1mâ”” [22m[39m[90m@ CUDA ~/.julia/packages/CUDA/TPbi4/src/initialization.jl:218[39m
â”‚  [33m[1mâ”Œ [22m[39m[33m[1mWarning: [22m[39mCUDA runtime library `libnvJitLink.so.13` was loaded from a system path, `/usr/local/cuda/lib64/libnvJitLink.so.13`.
â”‚  [33m[1mâ”‚ [22m[39mThis may cause errors.
â”‚  [33m[1mâ”‚ [22m[39m
â”‚  [33m[1mâ”‚ [22m[39mIf you're running under a profiler, this situation is expected. Otherwise,
â”‚  [33m[1mâ”‚ [22m[39mensure that your library path environment variable (e.g., `PATH` on Windows
â”‚  [33m[1mâ”‚ [22m[39mor `LD_LIBRARY_PATH` on Linux) does not include CUDA library paths.
â”‚  [33m[1mâ”‚ [22m[39m
â”‚  [33m[1mâ”‚ [22m[39mIn any other case, please file an issue.
â”‚  [33m[1mâ”” [22m[39m[90m@ CUDA ~/.julia/packages/CUDA/TPbi4/src/initialization.jl:218[39m
â”‚  [33m[1mâ”Œ [22m[39m[33m[1mWarning: [22m[39mCUDA runtime library `libcusparse.so.12` was loaded from a system path, `/usr/local/cuda/lib64/libcusparse.so.12`.
â”‚  [33m[1mâ”‚ [22m[39mThis may cause errors.
â”‚  [33m[1mâ”‚ [22m[39m
â”‚  [33m[1mâ”‚ [22m[39mIf you're running under a profiler, this situation is expected. Otherwise,
â”‚  [33m[1mâ”‚ [22m[39mensure that your library path environment variable (e.g., `PATH` on Windows
â”‚  [33m[1mâ”‚ [22m[39mor `LD_LIBRARY_PATH` on Linux) does not include CUDA library paths.
â”‚  [33m[1mâ”‚ [22m[39m
â”‚  [33m[1mâ”‚ [22m[39mIn any other case, please file an issue.
â”‚  [33m[1mâ”” [22m[39m[90m@ CUDA ~/.julia/packages/CUDA/TPbi4/src/initialization.jl:218[39m
â””  
â”Œ DiffEqBase â†’ DiffEqBaseCUDAExt
â”‚  [33m[1mâ”Œ [22m[39m[33m[1mWarning: [22m[39mCUDA runtime library `libcublasLt.so.13` was loaded from a system path, `/usr/local/cuda/lib64/libcublasLt.so.13`.
â”‚  [33m[1mâ”‚ [22m[39mThis may cause errors.
â”‚  [33m[1mâ”‚ [22m[39m
â”‚  [33m[1mâ”‚ [22m[39mIf you're running under a profiler, this situation is expected. Otherwise,
â”‚  [33m[1mâ”‚ [22m[39mensure that your library path environment variable (e.g., `PATH` on Windows
â”‚  [33m[1mâ”‚ [22m[39mor `LD_LIBRARY_PATH` on Linux) does not include CUDA library paths.
â”‚  [33m[1mâ”‚ [22m[39m
â”‚  [33m[1mâ”‚ [22m[39mIn any other case, please file an issue.
â”‚  [33m[1mâ”” [22m[39m[90m@ CUDA ~/.julia/packages/CUDA/TPbi4/src/initialization.jl:218[39m
â”‚  [33m[1mâ”Œ [22m[39m[33m[1mWarning: [22m[39mCUDA runtime library `libnvJitLink.so.13` was loaded from a system path, `/usr/local/cuda/lib64/libnvJitLink.so.13`.
â”‚  [33m[1mâ”‚ [22m[39mThis may cause errors.
â”‚  [33m[1mâ”‚ [22m[39m
â”‚  [33m[1mâ”‚ [22m[39mIf you're running under a profiler, this situation is expected. Otherwise,
â”‚  [33m[1mâ”‚ [22m[39mensure that your library path environment variable (e.g., `PATH` on Windows
â”‚  [33m[1mâ”‚ [22m[39mor `LD_LIBRARY_PATH` on Linux) does not include CUDA library paths.
â”‚  [33m[1mâ”‚ [22m[39m
â”‚  [33m[1mâ”‚ [22m[39mIn any other case, please file an issue.
â”‚  [33m[1mâ”” [22m[39m[90m@ CUDA ~/.julia/packages/CUDA/TPbi4/src/initialization.jl:218[39m
â”‚  [33m[1mâ”Œ [22m[39m[33m[1mWarning: [22m[39mCUDA runtime library `libcusparse.so.12` was loaded from a system path, `/usr/local/cuda/lib64/libcusparse.so.12`.
â”‚  [33m[1mâ”‚ [22m[39mThis may cause errors.
â”‚  [33m[1mâ”‚ [22m[39m
â”‚  [33m[1mâ”‚ [22m[39mIf you're running under a profiler, this situation is expected. Otherwise,
â”‚  [33m[1mâ”‚ [22m[39mensure that your library path environment variable (e.g., `PATH` on Windows
â”‚  [33m[1mâ”‚ [22m[39mor `LD_LIBRARY_PATH` on Linux) does not include CUDA library paths.
â”‚  [33m[1mâ”‚ [22m[39m
â”‚  [33m[1mâ”‚ [22m[39mIn any other case, please file an issue.
â”‚  [33m[1mâ”” [22m[39m[90m@ CUDA ~/.julia/packages/CUDA/TPbi4/src/initialization.jl:218[39m
â””  
â”Œ ClimaSeaIce
â”‚  [33m[1mâ”Œ [22m[39m[33m[1mWarning: [22m[39mYou are using Julia v1.11 or later!"
â”‚  [33m[1mâ”‚ [22m[39mOceananigans is currently tested on Julia v1.10."
â”‚  [33m[1mâ”‚ [22m[39mIf you find issues with Julia v1.11 or later,"
â”‚  [33m[1mâ”‚ [22m[39mplease report at https://github.com/CliMA/Oceananigans.jl/issues/new
â”‚  [33m[1mâ”” [22m[39m[90m@ Oceananigans ~/.julia/packages/Oceananigans/A56vm/src/Oceananigans.jl:125[39m
â””  
â”Œ KrylovPreconditioners â†’ KrylovPreconditionersCUDAExt
â”‚  [33m[1mâ”Œ [22m[39m[33m[1mWarning: [22m[39mCUDA runtime library `libcublasLt.so.13` was loaded from a system path, `/usr/local/cuda/lib64/libcublasLt.so.13`.
â”‚  [33m[1mâ”‚ [22m[39mThis may cause errors.
â”‚  [33m[1mâ”‚ [22m[39m
â”‚  [33m[1mâ”‚ [22m[39mIf you're running under a profiler, this situation is expected. Otherwise,
â”‚  [33m[1mâ”‚ [22m[39mensure that your library path environment variable (e.g., `PATH` on Windows
â”‚  [33m[1mâ”‚ [22m[39mor `LD_LIBRARY_PATH` on Linux) does not include CUDA library paths.
â”‚  [33m[1mâ”‚ [22m[39m
â”‚  [33m[1mâ”‚ [22m[39mIn any other case, please file an issue.
â”‚  [33m[1mâ”” [22m[39m[90m@ CUDA ~/.julia/packages/CUDA/TPbi4/src/initialization.jl:218[39m
â”‚  [33m[1mâ”Œ [22m[39m[33m[1mWarning: [22m[39mCUDA runtime library `libnvJitLink.so.13` was loaded from a system path, `/usr/local/cuda/lib64/libnvJitLink.so.13`.
â”‚  [33m[1mâ”‚ [22m[39mThis may cause errors.
â”‚  [33m[1mâ”‚ [22m[39m
â”‚  [33m[1mâ”‚ [22m[39mIf you're running under a profiler, this situation is expected. Otherwise,
â”‚  [33m[1mâ”‚ [22m[39mensure that your library path environment variable (e.g., `PATH` on Windows
â”‚  [33m[1mâ”‚ [22m[39mor `LD_LIBRARY_PATH` on Linux) does not include CUDA library paths.
â”‚  [33m[1mâ”‚ [22m[39m
â”‚  [33m[1mâ”‚ [22m[39mIn any other case, please file an issue.
â”‚  [33m[1mâ”” [22m[39m[90m@ CUDA ~/.julia/packages/CUDA/TPbi4/src/initialization.jl:218[39m
â”‚  [33m[1mâ”Œ [22m[39m[33m[1mWarning: [22m[39mCUDA runtime library `libcusparse.so.12` was loaded from a system path, `/usr/local/cuda/lib64/libcusparse.so.12`.
â”‚  [33m[1mâ”‚ [22m[39mThis may cause errors.
â”‚  [33m[1mâ”‚ [22m[39m
â”‚  [33m[1mâ”‚ [22m[39mIf you're running under a profiler, this situation is expected. Otherwise,
â”‚  [33m[1mâ”‚ [22m[39mensure that your library path environment variable (e.g., `PATH` on Windows
â”‚  [33m[1mâ”‚ [22m[39mor `LD_LIBRARY_PATH` on Linux) does not include CUDA library paths.
â”‚  [33m[1mâ”‚ [22m[39m
â”‚  [33m[1mâ”‚ [22m[39mIn any other case, please file an issue.
â”‚  [33m[1mâ”” [22m[39m[90m@ CUDA ~/.julia/packages/CUDA/TPbi4/src/initialization.jl:218[39m
â””  
â”Œ MPI â†’ CUDAExt
â”‚  [33m[1mâ”Œ [22m[39m[33m[1mWarning: [22m[39mCUDA runtime library `libcublasLt.so.13` was loaded from a system path, `/usr/local/cuda/lib64/libcublasLt.so.13`.
â”‚  [33m[1mâ”‚ [22m[39mThis may cause errors.
â”‚  [33m[1mâ”‚ [22m[39m
â”‚  [33m[1mâ”‚ [22m[39mIf you're running under a profiler, this situation is expected. Otherwise,
â”‚  [33m[1mâ”‚ [22m[39mensure that your library path environment variable (e.g., `PATH` on Windows
â”‚  [33m[1mâ”‚ [22m[39mor `LD_LIBRARY_PATH` on Linux) does not include CUDA library paths.
â”‚  [33m[1mâ”‚ [22m[39m
â”‚  [33m[1mâ”‚ [22m[39mIn any other case, please file an issue.
â”‚  [33m[1mâ”” [22m[39m[90m@ CUDA ~/.julia/packages/CUDA/TPbi4/src/initialization.jl:218[39m
â”‚  [33m[1mâ”Œ [22m[39m[33m[1mWarning: [22m[39mCUDA runtime library `libnvJitLink.so.13` was loaded from a system path, `/usr/local/cuda/lib64/libnvJitLink.so.13`.
â”‚  [33m[1mâ”‚ [22m[39mThis may cause errors.
â”‚  [33m[1mâ”‚ [22m[39m
â”‚  [33m[1mâ”‚ [22m[39mIf you're running under a profiler, this situation is expected. Otherwise,
â”‚  [33m[1mâ”‚ [22m[39mensure that your library path environment variable (e.g., `PATH` on Windows
â”‚  [33m[1mâ”‚ [22m[39mor `LD_LIBRARY_PATH` on Linux) does not include CUDA library paths.
â”‚  [33m[1mâ”‚ [22m[39m
â”‚  [33m[1mâ”‚ [22m[39mIn any other case, please file an issue.
â”‚  [33m[1mâ”” [22m[39m[90m@ CUDA ~/.julia/packages/CUDA/TPbi4/src/initialization.jl:218[39m
â”‚  [33m[1mâ”Œ [22m[39m[33m[1mWarning: [22m[39mCUDA runtime library `libcusparse.so.12` was loaded from a system path, `/usr/local/cuda/lib64/libcusparse.so.12`.
â”‚  [33m[1mâ”‚ [22m[39mThis may cause errors.
â”‚  [33m[1mâ”‚ [22m[39m
â”‚  [33m[1mâ”‚ [22m[39mIf you're running under a profiler, this situation is expected. Otherwise,
â”‚  [33m[1mâ”‚ [22m[39mensure that your library path environment variable (e.g., `PATH` on Windows
â”‚  [33m[1mâ”‚ [22m[39mor `LD_LIBRARY_PATH` on Linux) does not include CUDA library paths.
â”‚  [33m[1mâ”‚ [22m[39m
â”‚  [33m[1mâ”‚ [22m[39mIn any other case, please file an issue.
â”‚  [33m[1mâ”” [22m[39m[90m@ CUDA ~/.julia/packages/CUDA/TPbi4/src/initialization.jl:218[39m
â””  
â”Œ RRTMGP â†’ RRTMGPCUDAExt
â”‚  [33m[1mâ”Œ [22m[39m[33m[1mWarning: [22m[39mCUDA runtime library `libcublasLt.so.13` was loaded from a system path, `/usr/local/cuda/lib64/libcublasLt.so.13`.
â”‚  [33m[1mâ”‚ [22m[39mThis may cause errors.
â”‚  [33m[1mâ”‚ [22m[39m
â”‚  [33m[1mâ”‚ [22m[39mIf you're running under a profiler, this situation is expected. Otherwise,
â”‚  [33m[1mâ”‚ [22m[39mensure that your library path environment variable (e.g., `PATH` on Windows
â”‚  [33m[1mâ”‚ [22m[39mor `LD_LIBRARY_PATH` on Linux) does not include CUDA library paths.
â”‚  [33m[1mâ”‚ [22m[39m
â”‚  [33m[1mâ”‚ [22m[39mIn any other case, please file an issue.
â”‚  [33m[1mâ”” [22m[39m[90m@ CUDA ~/.julia/packages/CUDA/TPbi4/src/initialization.jl:218[39m
â”‚  [33m[1mâ”Œ [22m[39m[33m[1mWarning: [22m[39mCUDA runtime library `libnvJitLink.so.13` was loaded from a system path, `/usr/local/cuda/lib64/libnvJitLink.so.13`.
â”‚  [33m[1mâ”‚ [22m[39mThis may cause errors.
â”‚  [33m[1mâ”‚ [22m[39m
â”‚  [33m[1mâ”‚ [22m[39mIf you're running under a profiler, this situation is expected. Otherwise,
â”‚  [33m[1mâ”‚ [22m[39mensure that your library path environment variable (e.g., `PATH` on Windows
â”‚  [33m[1mâ”‚ [22m[39mor `LD_LIBRARY_PATH` on Linux) does not include CUDA library paths.
â”‚  [33m[1mâ”‚ [22m[39m
â”‚  [33m[1mâ”‚ [22m[39mIn any other case, please file an issue.
â”‚  [33m[1mâ”” [22m[39m[90m@ CUDA ~/.julia/packages/CUDA/TPbi4/src/initialization.jl:218[39m
â”‚  [33m[1mâ”Œ [22m[39m[33m[1mWarning: [22m[39mCUDA runtime library `libcusparse.so.12` was loaded from a system path, `/usr/local/cuda/lib64/libcusparse.so.12`.
â”‚  [33m[1mâ”‚ [22m[39mThis may cause errors.
â”‚  [33m[1mâ”‚ [22m[39m
â”‚  [33m[1mâ”‚ [22m[39mIf you're running under a profiler, this situation is expected. Otherwise,
â”‚  [33m[1mâ”‚ [22m[39mensure that your library path environment variable (e.g., `PATH` on Windows
â”‚  [33m[1mâ”‚ [22m[39mor `LD_LIBRARY_PATH` on Linux) does not include CUDA library paths.
â”‚  [33m[1mâ”‚ [22m[39m
â”‚  [33m[1mâ”‚ [22m[39mIn any other case, please file an issue.
â”‚  [33m[1mâ”” [22m[39m[90m@ CUDA ~/.julia/packages/CUDA/TPbi4/src/initialization.jl:218[39m
â””  
â”Œ SparseMatrixColorings â†’ SparseMatrixColoringsCUDAExt
â”‚  [33m[1mâ”Œ [22m[39m[33m[1mWarning: [22m[39mCUDA runtime library `libcublasLt.so.13` was loaded from a system path, `/usr/local/cuda/lib64/libcublasLt.so.13`.
â”‚  [33m[1mâ”‚ [22m[39mThis may cause errors.
â”‚  [33m[1mâ”‚ [22m[39m
â”‚  [33m[1mâ”‚ [22m[39mIf you're running under a profiler, this situation is expected. Otherwise,
â”‚  [33m[1mâ”‚ [22m[39mensure that your library path environment variable (e.g., `PATH` on Windows
â”‚  [33m[1mâ”‚ [22m[39mor `LD_LIBRARY_PATH` on Linux) does not include CUDA library paths.
â”‚  [33m[1mâ”‚ [22m[39m
â”‚  [33m[1mâ”‚ [22m[39mIn any other case, please file an issue.
â”‚  [33m[1mâ”” [22m[39m[90m@ CUDA ~/.julia/packages/CUDA/TPbi4/src/initialization.jl:218[39m
â”‚  [33m[1mâ”Œ [22m[39m[33m[1mWarning: [22m[39mCUDA runtime library `libnvJitLink.so.13` was loaded from a system path, `/usr/local/cuda/lib64/libnvJitLink.so.13`.
â”‚  [33m[1mâ”‚ [22m[39mThis may cause errors.
â”‚  [33m[1mâ”‚ [22m[39m
â”‚  [33m[1mâ”‚ [22m[39mIf you're running under a profiler, this situation is expected. Otherwise,
â”‚  [33m[1mâ”‚ [22m[39mensure that your library path environment variable (e.g., `PATH` on Windows
â”‚  [33m[1mâ”‚ [22m[39mor `LD_LIBRARY_PATH` on Linux) does not include CUDA library paths.
â”‚  [33m[1mâ”‚ [22m[39m
â”‚  [33m[1mâ”‚ [22m[39mIn any other case, please file an issue.
â”‚  [33m[1mâ”” [22m[39m[90m@ CUDA ~/.julia/packages/CUDA/TPbi4/src/initialization.jl:218[39m
â”‚  [33m[1mâ”Œ [22m[39m[33m[1mWarning: [22m[39mCUDA runtime library `libcusparse.so.12` was loaded from a system path, `/usr/local/cuda/lib64/libcusparse.so.12`.
â”‚  [33m[1mâ”‚ [22m[39mThis may cause errors.
â”‚  [33m[1mâ”‚ [22m[39m
â”‚  [33m[1mâ”‚ [22m[39mIf you're running under a profiler, this situation is expected. Otherwise,
â”‚  [33m[1mâ”‚ [22m[39mensure that your library path environment variable (e.g., `PATH` on Windows
â”‚  [33m[1mâ”‚ [22m[39mor `LD_LIBRARY_PATH` on Linux) does not include CUDA library paths.
â”‚  [33m[1mâ”‚ [22m[39m
â”‚  [33m[1mâ”‚ [22m[39mIn any other case, please file an issue.
â”‚  [33m[1mâ”” [22m[39m[90m@ CUDA ~/.julia/packages/CUDA/TPbi4/src/initialization.jl:218[39m
â””  
â”Œ ClimaComms â†’ ClimaCommsCUDAExt
â”‚  [33m[1mâ”Œ [22m[39m[33m[1mWarning: [22m[39mCUDA runtime library `libcublasLt.so.13` was loaded from a system path, `/usr/local/cuda/lib64/libcublasLt.so.13`.
â”‚  [33m[1mâ”‚ [22m[39mThis may cause errors.
â”‚  [33m[1mâ”‚ [22m[39m
â”‚  [33m[1mâ”‚ [22m[39mIf you're running under a profiler, this situation is expected. Otherwise,
â”‚  [33m[1mâ”‚ [22m[39mensure that your library path environment variable (e.g., `PATH` on Windows
â”‚  [33m[1mâ”‚ [22m[39mor `LD_LIBRARY_PATH` on Linux) does not include CUDA library paths.
â”‚  [33m[1mâ”‚ [22m[39m
â”‚  [33m[1mâ”‚ [22m[39mIn any other case, please file an issue.
â”‚  [33m[1mâ”” [22m[39m[90m@ CUDA ~/.julia/packages/CUDA/TPbi4/src/initialization.jl:218[39m
â”‚  [33m[1mâ”Œ [22m[39m[33m[1mWarning: [22m[39mCUDA runtime library `libnvJitLink.so.13` was loaded from a system path, `/usr/local/cuda/lib64/libnvJitLink.so.13`.
â”‚  [33m[1mâ”‚ [22m[39mThis may cause errors.
â”‚  [33m[1mâ”‚ [22m[39m
â”‚  [33m[1mâ”‚ [22m[39mIf you're running under a profiler, this situation is expected. Otherwise,
â”‚  [33m[1mâ”‚ [22m[39mensure that your library path environment variable (e.g., `PATH` on Windows
â”‚  [33m[1mâ”‚ [22m[39mor `LD_LIBRARY_PATH` on Linux) does not include CUDA library paths.
â”‚  [33m[1mâ”‚ [22m[39m
â”‚  [33m[1mâ”‚ [22m[39mIn any other case, please file an issue.
â”‚  [33m[1mâ”” [22m[39m[90m@ CUDA ~/.julia/packages/CUDA/TPbi4/src/initialization.jl:218[39m
â”‚  [33m[1mâ”Œ [22m[39m[33m[1mWarning: [22m[39mCUDA runtime library `libcusparse.so.12` was loaded from a system path, `/usr/local/cuda/lib64/libcusparse.so.12`.
â”‚  [33m[1mâ”‚ [22m[39mThis may cause errors.
â”‚  [33m[1mâ”‚ [22m[39m
â”‚  [33m[1mâ”‚ [22m[39mIf you're running under a profiler, this situation is expected. Otherwise,
â”‚  [33m[1mâ”‚ [22m[39mensure that your library path environment variable (e.g., `PATH` on Windows
â”‚  [33m[1mâ”‚ [22m[39mor `LD_LIBRARY_PATH` on Linux) does not include CUDA library paths.
â”‚  [33m[1mâ”‚ [22m[39m
â”‚  [33m[1mâ”‚ [22m[39mIn any other case, please file an issue.
â”‚  [33m[1mâ”” [22m[39m[90m@ CUDA ~/.julia/packages/CUDA/TPbi4/src/initialization.jl:218[39m
â””  
â”Œ Oceananigans â†’ OceananigansCUDAExt
â”‚  [33m[1mâ”Œ [22m[39m[33m[1mWarning: [22m[39mYou are using Julia v1.11 or later!"
â”‚  [33m[1mâ”‚ [22m[39mOceananigans is currently tested on Julia v1.10."
â”‚  [33m[1mâ”‚ [22m[39mIf you find issues with Julia v1.11 or later,"
â”‚  [33m[1mâ”‚ [22m[39mplease report at https://github.com/CliMA/Oceananigans.jl/issues/new
â”‚  [33m[1mâ”” [22m[39m[90m@ Oceananigans ~/.julia/packages/Oceananigans/A56vm/src/Oceananigans.jl:125[39m
â”‚  [33m[1mâ”Œ [22m[39m[33m[1mWarning: [22m[39mCUDA runtime library `libcublasLt.so.13` was loaded from a system path, `/usr/local/cuda/lib64/libcublasLt.so.13`.
â”‚  [33m[1mâ”‚ [22m[39mThis may cause errors.
â”‚  [33m[1mâ”‚ [22m[39m
â”‚  [33m[1mâ”‚ [22m[39mIf you're running under a profiler, this situation is expected. Otherwise,
â”‚  [33m[1mâ”‚ [22m[39mensure that your library path environment variable (e.g., `PATH` on Windows
â”‚  [33m[1mâ”‚ [22m[39mor `LD_LIBRARY_PATH` on Linux) does not include CUDA library paths.
â”‚  [33m[1mâ”‚ [22m[39m
â”‚  [33m[1mâ”‚ [22m[39mIn any other case, please file an issue.
â”‚  [33m[1mâ”” [22m[39m[90m@ CUDA ~/.julia/packages/CUDA/TPbi4/src/initialization.jl:218[39m
â”‚  [33m[1mâ”Œ [22m[39m[33m[1mWarning: [22m[39mCUDA runtime library `libnvJitLink.so.13` was loaded from a system path, `/usr/local/cuda/lib64/libnvJitLink.so.13`.
â”‚  [33m[1mâ”‚ [22m[39mThis may cause errors.
â”‚  [33m[1mâ”‚ [22m[39m
â”‚  [33m[1mâ”‚ [22m[39mIf you're running under a profiler, this situation is expected. Otherwise,
â”‚  [33m[1mâ”‚ [22m[39mensure that your library path environment variable (e.g., `PATH` on Windows
â”‚  [33m[1mâ”‚ [22m[39mor `LD_LIBRARY_PATH` on Linux) does not include CUDA library paths.
â”‚  [33m[1mâ”‚ [22m[39m
â”‚  [33m[1mâ”‚ [22m[39mIn any other case, please file an issue.
â”‚  [33m[1mâ”” [22m[39m[90m@ CUDA ~/.julia/packages/CUDA/TPbi4/src/initialization.jl:218[39m
â”‚  [33m[1mâ”Œ [22m[39m[33m[1mWarning: [22m[39mCUDA runtime library `libcusparse.so.12` was loaded from a system path, `/usr/local/cuda/lib64/libcusparse.so.12`.
â”‚  [33m[1mâ”‚ [22m[39mThis may cause errors.
â”‚  [33m[1mâ”‚ [22m[39m
â”‚  [33m[1mâ”‚ [22m[39mIf you're running under a profiler, this situation is expected. Otherwise,
â”‚  [33m[1mâ”‚ [22m[39mensure that your library path environment variable (e.g., `PATH` on Windows
â”‚  [33m[1mâ”‚ [22m[39mor `LD_LIBRARY_PATH` on Linux) does not include CUDA library paths.
â”‚  [33m[1mâ”‚ [22m[39m
â”‚  [33m[1mâ”‚ [22m[39mIn any other case, please file an issue.
â”‚  [33m[1mâ”” [22m[39m[90m@ CUDA ~/.julia/packages/CUDA/TPbi4/src/initialization.jl:218[39m
â””  

The following 1 direct dependency failed to precompile:

ClimaOcean 

Failed to precompile ClimaOcean [0376089a-ecfe-4b0e-a64f-9c555d74d754] to "/home/pbachant/.julia/compiled/v1.11/ClimaOcean/jl_F4cC6y".
[33m[1mâ”Œ [22m[39m[33m[1mWarning: [22m[39mYou are using Julia v1.11 or later!"
[33m[1mâ”‚ [22m[39mOceananigans is currently tested on Julia v1.10."
[33m[1mâ”‚ [22m[39mIf you find issues with Julia v1.11 or later,"
[33m[1mâ”‚ [22m[39mplease report at https://github.com/CliMA/Oceananigans.jl/issues/new
[33m[1mâ”” [22m[39m[90m@ Oceananigans ~/.julia/packages/Oceananigans/A56vm/src/Oceananigans.jl:125[39m
[91m[1mERROR: [22m[39mLoadError: InitError: AssertionError: ret == 1
Stacktrace:
  [1] [0m[1mOpenSSL.SSLContext[22m[0m[1m([22m[90mssl_method[39m::[0mOpenSSL.SSLMethod, [90mverify_file[39m::[0mString[0m[1m)[22m
[90m    @[39m [35mOpenSSL[39m [90m~/.julia/packages/OpenSSL/fun1x/src/[39m[90m[4mssl.jl:165[24m[39m
  [2] [0m[1mSSLContext[22m
[90m    @[39m [90m~/.julia/packages/OpenSSL/fun1x/src/[39m[90m[4mssl.jl:145[24m[39m[90m [inlined][39m
  [3] [0m[1m__init__[22m[0m[1m([22m[0m[1m)[22m
[90m    @[39m [36mHTTP.Connections[39m [90m~/.julia/packages/HTTP/ShTJs/src/[39m[90m[4mConnections.jl:41[24m[39m
  [4] [0m[1mrun_module_init[22m[0m[1m([22m[90mmod[39m::[0mModule, [90mi[39m::[0mInt64[0m[1m)[22m
[90m    @[39m [90mBase[39m [90m./[39m[90m[4mloading.jl:1378[24m[39m
  [5] [0m[1mregister_restored_modules[22m[0m[1m([22m[90msv[39m::[0mCore.SimpleVector, [90mpkg[39m::[0mBase.PkgId, [90mpath[39m::[0mString[0m[1m)[22m
[90m    @[39m [90mBase[39m [90m./[39m[90m[4mloading.jl:1366[24m[39m
  [6] [0m[1m_include_from_serialized[22m[0m[1m([22m[90mpkg[39m::[0mBase.PkgId, [90mpath[39m::[0mString, [90mocachepath[39m::[0mString, [90mdepmods[39m::[0mVector[90m{Any}[39m, [90mignore_native[39m::[0mNothing; [90mregister[39m::[0mBool[0m[1m)[22m
[90m    @[39m [90mBase[39m [90m./[39m[90m[4mloading.jl:1254[24m[39m
  [7] [0m[1m_include_from_serialized[22m[90m (repeats 2 times)[39m
[90m    @[39m [90m./[39m[90m[4mloading.jl:1210[24m[39m[90m [inlined][39m
  [8] [0m[1m_require_search_from_serialized[22m[0m[1m([22m[90mpkg[39m::[0mBase.PkgId, [90msourcepath[39m::[0mString, [90mbuild_id[39m::[0mUInt128, [90mstalecheck[39m::[0mBool; [90mreasons[39m::[0mDict[90m{String, Int64}[39m, [90mDEPOT_PATH[39m::[0mVector[90m{String}[39m[0m[1m)[22m
[90m    @[39m [90mBase[39m [90m./[39m[90m[4mloading.jl:2057[24m[39m
  [9] [0m[1m_require[22m[0m[1m([22m[90mpkg[39m::[0mBase.PkgId, [90menv[39m::[0mString[0m[1m)[22m
[90m    @[39m [90mBase[39m [90m./[39m[90m[4mloading.jl:2527[24m[39m
 [10] [0m[1m__require_prelocked[22m[0m[1m([22m[90muuidkey[39m::[0mBase.PkgId, [90menv[39m::[0mString[0m[1m)[22m
[90m    @[39m [90mBase[39m [90m./[39m[90m[4mloading.jl:2388[24m[39m
 [11] [0m[1m#invoke_in_world#3[22m
[90m    @[39m [90m./[39m[90m[4messentials.jl:1089[24m[39m[90m [inlined][39m
 [12] [0m[1minvoke_in_world[22m
[90m    @[39m [90m./[39m[90m[4messentials.jl:1086[24m[39m[90m [inlined][39m
 [13] [0m[1m_require_prelocked[22m[0m[1m([22m[90muuidkey[39m::[0mBase.PkgId, [90menv[39m::[0mString[0m[1m)[22m
[90m    @[39m [90mBase[39m [90m./[39m[90m[4mloading.jl:2375[24m[39m
 [14] [0m[1mmacro expansion[22m
[90m    @[39m [90m./[39m[90m[4mloading.jl:2314[24m[39m[90m [inlined][39m
 [15] [0m[1mmacro expansion[22m
[90m    @[39m [90m./[39m[90m[4mlock.jl:273[24m[39m[90m [inlined][39m
 [16] [0m[1m__require[22m[0m[1m([22m[90minto[39m::[0mModule, [90mmod[39m::[0mSymbol[0m[1m)[22m
[90m    @[39m [90mBase[39m [90m./[39m[90m[4mloading.jl:2271[24m[39m
 [17] [0m[1m#invoke_in_world#3[22m
[90m    @[39m [90m./[39m[90m[4messentials.jl:1089[24m[39m[90m [inlined][39m
 [18] [0m[1minvoke_in_world[22m
[90m    @[39m [90m./[39m[90m[4messentials.jl:1086[24m[39m[90m [inlined][39m
 [19] [0m[1mrequire[22m[0m[1m([22m[90minto[39m::[0mModule, [90mmod[39m::[0mSymbol[0m[1m)[22m
[90m    @[39m [90mBase[39m [90m./[39m[90m[4mloading.jl:2260[24m[39m
 [20] [0m[1minclude[22m
[90m    @[39m [90m./[39m[90m[4mBase.jl:557[24m[39m[90m [inlined][39m
 [21] [0m[1minclude_package_for_output[22m[0m[1m([22m[90mpkg[39m::[0mBase.PkgId, [90minput[39m::[0mString, [90mdepot_path[39m::[0mVector[90m{String}[39m, [90mdl_load_path[39m::[0mVector[90m{String}[39m, [90mload_path[39m::[0mVector[90m{String}[39m, [90mconcrete_deps[39m::[0mVector[90m{Pair{Base.PkgId, UInt128}}[39m, [90msource[39m::[0mString[0m[1m)[22m
[90m    @[39m [90mBase[39m [90m./[39m[90m[4mloading.jl:2881[24m[39m
 [22] top-level scope
[90m    @[39m [90m[4mstdin:6[24m[39m
during initialization of module Connections
in expression starting at /home/pbachant/.julia/packages/DataDeps/Y2lje/src/DataDeps.jl:2
in expression starting at stdin:6
[91m[1mERROR: [22m[39mLoadError: Failed to precompile DataDeps [124859b0-ceae-595e-8997-d05f6a7a8dfe] to "/home/pbachant/.julia/compiled/v1.11/DataDeps/jl_XopKxC".
Stacktrace:
  [1] [0m[1merror[22m[0m[1m([22m[90ms[39m::[0mString[0m[1m)[22m
[90m    @[39m [90mBase[39m [90m./[39m[90m[4merror.jl:35[24m[39m
  [2] [0m[1mcompilecache[22m[0m[1m([22m[90mpkg[39m::[0mBase.PkgId, [90mpath[39m::[0mString, [90minternal_stderr[39m::[0mIO, [90minternal_stdout[39m::[0mIO, [90mkeep_loaded_modules[39m::[0mBool; [90mflags[39m::[0mCmd, [90mcacheflags[39m::[0mBase.CacheFlags, [90mreasons[39m::[0mDict[90m{String, Int64}[39m, [90mloadable_exts[39m::[0mNothing[0m[1m)[22m
[90m    @[39m [90mBase[39m [90m./[39m[90m[4mloading.jl:3174[24m[39m
  [3] [0m[1m(::Base.var"#1110#1111"{Base.PkgId})[22m[0m[1m([22m[0m[1m)[22m
[90m    @[39m [90mBase[39m [90m./[39m[90m[4mloading.jl:2579[24m[39m
  [4] [0m[1mmkpidlock[22m[0m[1m([22m[90mf[39m::[0mBase.var"#1110#1111"[90m{Base.PkgId}[39m, [90mat[39m::[0mString, [90mpid[39m::[0mInt32; [90mkwopts[39m::[0m@Kwargs[90m{stale_age::Int64, wait::Bool}[39m[0m[1m)[22m
[90m    @[39m [35mFileWatching.Pidfile[39m [90m/clima/software/julia/julia-1.11.5/share/julia/stdlib/v1.11/FileWatching/src/[39m[90m[4mpidfile.jl:95[24m[39m
  [5] [0m[1m#mkpidlock#6[22m
[90m    @[39m [90m/clima/software/julia/julia-1.11.5/share/julia/stdlib/v1.11/FileWatching/src/[39m[90m[4mpidfile.jl:90[24m[39m[90m [inlined][39m
  [6] [0m[1mtrymkpidlock[22m[0m[1m([22m::[0mFunction, ::[0mVararg[90m{Any}[39m; [90mkwargs[39m::[0m@Kwargs[90m{stale_age::Int64}[39m[0m[1m)[22m
[90m    @[39m [35mFileWatching.Pidfile[39m [90m/clima/software/julia/julia-1.11.5/share/julia/stdlib/v1.11/FileWatching/src/[39m[90m[4mpidfile.jl:116[24m[39m
  [7] [0m[1m#invokelatest#2[22m
[90m    @[39m [90m./[39m[90m[4messentials.jl:1057[24m[39m[90m [inlined][39m
  [8] [0m[1minvokelatest[22m
[90m    @[39m [90m./[39m[90m[4messentials.jl:1052[24m[39m[90m [inlined][39m
  [9] [0m[1mmaybe_cachefile_lock[22m[0m[1m([22m[90mf[39m::[0mBase.var"#1110#1111"[90m{Base.PkgId}[39m, [90mpkg[39m::[0mBase.PkgId, [90msrcpath[39m::[0mString; [90mstale_age[39m::[0mInt64[0m[1m)[22m
[90m    @[39m [90mBase[39m [90m./[39m[90m[4mloading.jl:3698[24m[39m
 [10] [0m[1mmaybe_cachefile_lock[22m
[90m    @[39m [90m./[39m[90m[4mloading.jl:3695[24m[39m[90m [inlined][39m
 [11] [0m[1m_require[22m[0m[1m([22m[90mpkg[39m::[0mBase.PkgId, [90menv[39m::[0mString[0m[1m)[22m
[90m    @[39m [90mBase[39m [90m./[39m[90m[4mloading.jl:2565[24m[39m
 [12] [0m[1m__require_prelocked[22m[0m[1m([22m[90muuidkey[39m::[0mBase.PkgId, [90menv[39m::[0mString[0m[1m)[22m
[90m    @[39m [90mBase[39m [90m./[39m[90m[4mloading.jl:2388[24m[39m
 [13] [0m[1m#invoke_in_world#3[22m
[90m    @[39m [90m./[39m[90m[4messentials.jl:1089[24m[39m[90m [inlined][39m
 [14] [0m[1minvoke_in_world[22m
[90m    @[39m [90m./[39m[90m[4messentials.jl:1086[24m[39m[90m [inlined][39m
 [15] [0m[1m_require_prelocked[22m[0m[1m([22m[90muuidkey[39m::[0mBase.PkgId, [90menv[39m::[0mString[0m[1m)[22m
[90m    @[39m [90mBase[39m [90m./[39m[90m[4mloading.jl:2375[24m[39m
 [16] [0m[1mmacro expansion[22m
[90m    @[39m [90m./[39m[90m[4mloading.jl:2314[24m[39m[90m [inlined][39m
 [17] [0m[1mmacro expansion[22m
[90m    @[39m [90m./[39m[90m[4mlock.jl:273[24m[39m[90m [inlined][39m
 [18] [0m[1m__require[22m[0m[1m([22m[90minto[39m::[0mModule, [90mmod[39m::[0mSymbol[0m[1m)[22m
[90m    @[39m [90mBase[39m [90m./[39m[90m[4mloading.jl:2271[24m[39m
 [19] [0m[1m#invoke_in_world#3[22m
[90m    @[39m [90m./[39m[90m[4messentials.jl:1089[24m[39m[90m [inlined][39m
 [20] [0m[1minvoke_in_world[22m
[90m    @[39m [90m./[39m[90m[4messentials.jl:1086[24m[39m[90m [inlined][39m
 [21] [0m[1mrequire[22m[0m[1m([22m[90minto[39m::[0mModule, [90mmod[39m::[0mSymbol[0m[1m)[22m
[90m    @[39m [90mBase[39m [90m./[39m[90m[4mloading.jl:2260[24m[39m
 [22] [0m[1minclude[22m
[90m    @[39m [90m./[39m[90m[4mBase.jl:557[24m[39m[90m [inlined][39m
 [23] [0m[1minclude_package_for_output[22m[0m[1m([22m[90mpkg[39m::[0mBase.PkgId, [90minput[39m::[0mString, [90mdepot_path[39m::[0mVector[90m{String}[39m, [90mdl_load_path[39m::[0mVector[90m{String}[39m, [90mload_path[39m::[0mVector[90m{String}[39m, [90mconcrete_deps[39m::[0mVector[90m{Pair{Base.PkgId, UInt128}}[39m, [90msource[39m::[0mNothing[0m[1m)[22m
[90m    @[39m [90mBase[39m [90m./[39m[90m[4mloading.jl:2881[24m[39m
 [24] top-level scope
[90m    @[39m [90m[4mstdin:6[24m[39m
in expression starting at /home/pbachant/.julia/packages/ClimaOcean/5Dct7/src/ClimaOcean.jl:1
in expression starting at stdin:2026-01-13 17:37:06 - Adding package: ClimaAtmos.jl at rev: 6dc96e3dbe88521bae711adb03b50aa6d1809ec3
[32m[1m   Resolving[22m[39m package versions...
[32m[1m    Updating[22m[39m `~/calkit/clima-perf/envs/2025-11-14/ClimaCoupler.jl/experiments/ClimaEarth/Project.toml`
  [90m[b2c96348] [39m[93m~ ClimaAtmos v0.31.8 â‡’ v0.31.8 `https://github.com/CliMA/ClimaAtmos.jl#6dc96e3`[39m
[32m[1m    Updating[22m[39m `~/calkit/clima-perf/envs/2025-11-14/ClimaCoupler.jl/experiments/ClimaEarth/Manifest-v1.11.toml`
  [90m[b2c96348] [39m[93m~ ClimaAtmos v0.31.8 â‡’ v0.31.8 `https://github.com/CliMA/ClimaAtmos.jl#6dc96e3`[39m
Precompiling project...
           âœ— DataDeps
           âœ— FileIO â†’ HTTPExt
           âœ— MeshArrays â†’ MeshArraysDataDepsExt
           âœ— ClimaOcean
  21846.8 ms  âœ“ ClimaAtmos
  1 dependency successfully precompiled in 34 seconds. 642 already precompiled.

The following 1 direct dependency failed to precompile:

ClimaOcean 

Failed to precompile ClimaOcean [0376089a-ecfe-4b0e-a64f-9c555d74d754] to "/home/pbachant/.julia/compiled/v1.11/ClimaOcean/jl_fc3ej7".
[33m[1mâ”Œ [22m[39m[33m[1mWarning: [22m[39mYou are using Julia v1.11 or later!"
[33m[1mâ”‚ [22m[39mOceananigans is currently tested on Julia v1.10."
[33m[1mâ”‚ [22m[39mIf you find issues with Julia v1.11 or later,"
[33m[1mâ”‚ [22m[39mplease report at https://github.com/CliMA/Oceananigans.jl/issues/new
[33m[1mâ”” [22m[39m[90m@ Oceananigans ~/.julia/packages/Oceananigans/A56vm/src/Oceananigans.jl:125[39m
[91m[1mERROR: [22m[39mLoadError: InitError: AssertionError: ret == 1
Stacktrace:
  [1] [0m[1mOpenSSL.SSLContext[22m[0m[1m([22m[90mssl_method[39m::[0mOpenSSL.SSLMethod, [90mverify_file[39m::[0mString[0m[1m)[22m
[90m    @[39m [35mOpenSSL[39m [90m~/.julia/packages/OpenSSL/fun1x/src/[39m[90m[4mssl.jl:165[24m[39m
  [2] [0m[1mSSLContext[22m
[90m    @[39m [90m~/.julia/packages/OpenSSL/fun1x/src/[39m[90m[4mssl.jl:145[24m[39m[90m [inlined][39m
  [3] [0m[1m__init__[22m[0m[1m([22m[0m[1m)[22m
[90m    @[39m [36mHTTP.Connections[39m [90m~/.julia/packages/HTTP/ShTJs/src/[39m[90m[4mConnections.jl:41[24m[39m
  [4] [0m[1mrun_module_init[22m[0m[1m([22m[90mmod[39m::[0mModule, [90mi[39m::[0mInt64[0m[1m)[22m
[90m    @[39m [90mBase[39m [90m./[39m[90m[4mloading.jl:1378[24m[39m
  [5] [0m[1mregister_restored_modules[22m[0m[1m([22m[90msv[39m::[0mCore.SimpleVector, [90mpkg[39m::[0mBase.PkgId, [90mpath[39m::[0mString[0m[1m)[22m
[90m    @[39m [90mBase[39m [90m./[39m[90m[4mloading.jl:1366[24m[39m
  [6] [0m[1m_include_from_serialized[22m[0m[1m([22m[90mpkg[39m::[0mBase.PkgId, [90mpath[39m::[0mString, [90mocachepath[39m::[0mString, [90mdepmods[39m::[0mVector[90m{Any}[39m, [90mignore_native[39m::[0mNothing; [90mregister[39m::[0mBool[0m[1m)[22m
[90m    @[39m [90mBase[39m [90m./[39m[90m[4mloading.jl:1254[24m[39m
  [7] [0m[1m_include_from_serialized[22m[90m (repeats 2 times)[39m
[90m    @[39m [90m./[39m[90m[4mloading.jl:1210[24m[39m[90m [inlined][39m
  [8] [0m[1m_require_search_from_serialized[22m[0m[1m([22m[90mpkg[39m::[0mBase.PkgId, [90msourcepath[39m::[0mString, [90mbuild_id[39m::[0mUInt128, [90mstalecheck[39m::[0mBool; [90mreasons[39m::[0mDict[90m{String, Int64}[39m, [90mDEPOT_PATH[39m::[0mVector[90m{String}[39m[0m[1m)[22m
[90m    @[39m [90mBase[39m [90m./[39m[90m[4mloading.jl:2057[24m[39m
  [9] [0m[1m_require[22m[0m[1m([22m[90mpkg[39m::[0mBase.PkgId, [90menv[39m::[0mString[0m[1m)[22m
[90m    @[39m [90mBase[39m [90m./[39m[90m[4mloading.jl:2527[24m[39m
 [10] [0m[1m__require_prelocked[22m[0m[1m([22m[90muuidkey[39m::[0mBase.PkgId, [90menv[39m::[0mString[0m[1m)[22m
[90m    @[39m [90mBase[39m [90m./[39m[90m[4mloading.jl:2388[24m[39m
 [11] [0m[1m#invoke_in_world#3[22m
[90m    @[39m [90m./[39m[90m[4messentials.jl:1089[24m[39m[90m [inlined][39m
 [12] [0m[1minvoke_in_world[22m
[90m    @[39m [90m./[39m[90m[4messentials.jl:1086[24m[39m[90m [inlined][39m
 [13] [0m[1m_require_prelocked[22m[0m[1m([22m[90muuidkey[39m::[0mBase.PkgId, [90menv[39m::[0mString[0m[1m)[22m
[90m    @[39m [90mBase[39m [90m./[39m[90m[4mloading.jl:2375[24m[39m
 [14] [0m[1mmacro expansion[22m
[90m    @[39m [90m./[39m[90m[4mloading.jl:2314[24m[39m[90m [inlined][39m
 [15] [0m[1mmacro expansion[22m
[90m    @[39m [90m./[39m[90m[4mlock.jl:273[24m[39m[90m [inlined][39m
 [16] [0m[1m__require[22m[0m[1m([22m[90minto[39m::[0mModule, [90mmod[39m::[0mSymbol[0m[1m)[22m
[90m    @[39m [90mBase[39m [90m./[39m[90m[4mloading.jl:2271[24m[39m
 [17] [0m[1m#invoke_in_world#3[22m
[90m    @[39m [90m./[39m[90m[4messentials.jl:1089[24m[39m[90m [inlined][39m
 [18] [0m[1minvoke_in_world[22m
[90m    @[39m [90m./[39m[90m[4messentials.jl:1086[24m[39m[90m [inlined][39m
 [19] [0m[1mrequire[22m[0m[1m([22m[90minto[39m::[0mModule, [90mmod[39m::[0mSymbol[0m[1m)[22m
[90m    @[39m [90mBase[39m [90m./[39m[90m[4mloading.jl:2260[24m[39m
 [20] [0m[1minclude[22m
[90m    @[39m [90m./[39m[90m[4mBase.jl:557[24m[39m[90m [inlined][39m
 [21] [0m[1minclude_package_for_output[22m[0m[1m([22m[90mpkg[39m::[0mBase.PkgId, [90minput[39m::[0mString, [90mdepot_path[39m::[0mVector[90m{String}[39m, [90mdl_load_path[39m::[0mVector[90m{String}[39m, [90mload_path[39m::[0mVector[90m{String}[39m, [90mconcrete_deps[39m::[0mVector[90m{Pair{Base.PkgId, UInt128}}[39m, [90msource[39m::[0mString[0m[1m)[22m
[90m    @[39m [90mBase[39m [90m./[39m[90m[4mloading.jl:2881[24m[39m
 [22] top-level scope
[90m    @[39m [90m[4mstdin:6[24m[39m
during initialization of module Connections
in expression starting at /home/pbachant/.julia/packages/DataDeps/Y2lje/src/DataDeps.jl:2
in expression starting at stdin:6
[91m[1mERROR: [22m[39mLoadError: Failed to precompile DataDeps [124859b0-ceae-595e-8997-d05f6a7a8dfe] to "/home/pbachant/.julia/compiled/v1.11/DataDeps/jl_HDUqPo".
Stacktrace:
  [1] [0m[1merror[22m[0m[1m([22m[90ms[39m::[0mString[0m[1m)[22m
[90m    @[39m [90mBase[39m [90m./[39m[90m[4merror.jl:35[24m[39m
  [2] [0m[1mcompilecache[22m[0m[1m([22m[90mpkg[39m::[0mBase.PkgId, [90mpath[39m::[0mString, [90minternal_stderr[39m::[0mIO, [90minternal_stdout[39m::[0mIO, [90mkeep_loaded_modules[39m::[0mBool; [90mflags[39m::[0mCmd, [90mcacheflags[39m::[0mBase.CacheFlags, [90mreasons[39m::[0mDict[90m{String, Int64}[39m, [90mloadable_exts[39m::[0mNothing[0m[1m)[22m
[90m    @[39m [90mBase[39m [90m./[39m[90m[4mloading.jl:3174[24m[39m
  [3] [0m[1m(::Base.var"#1110#1111"{Base.PkgId})[22m[0m[1m([22m[0m[1m)[22m
[90m    @[39m [90mBase[39m [90m./[39m[90m[4mloading.jl:2579[24m[39m
  [4] [0m[1mmkpidlock[22m[0m[1m([22m[90mf[39m::[0mBase.var"#1110#1111"[90m{Base.PkgId}[39m, [90mat[39m::[0mString, [90mpid[39m::[0mInt32; [90mkwopts[39m::[0m@Kwargs[90m{stale_age::Int64, wait::Bool}[39m[0m[1m)[22m
[90m    @[39m [35mFileWatching.Pidfile[39m [90m/clima/software/julia/julia-1.11.5/share/julia/stdlib/v1.11/FileWatching/src/[39m[90m[4mpidfile.jl:95[24m[39m
  [5] [0m[1m#mkpidlock#6[22m
[90m    @[39m [90m/clima/software/julia/julia-1.11.5/share/julia/stdlib/v1.11/FileWatching/src/[39m[90m[4mpidfile.jl:90[24m[39m[90m [inlined][39m
  [6] [0m[1mtrymkpidlock[22m[0m[1m([22m::[0mFunction, ::[0mVararg[90m{Any}[39m; [90mkwargs[39m::[0m@Kwargs[90m{stale_age::Int64}[39m[0m[1m)[22m
[90m    @[39m [35mFileWatching.Pidfile[39m [90m/clima/software/julia/julia-1.11.5/share/julia/stdlib/v1.11/FileWatching/src/[39m[90m[4mpidfile.jl:116[24m[39m
  [7] [0m[1m#invokelatest#2[22m
[90m    @[39m [90m./[39m[90m[4messentials.jl:1057[24m[39m[90m [inlined][39m
  [8] [0m[1minvokelatest[22m
[90m    @[39m [90m./[39m[90m[4messentials.jl:1052[24m[39m[90m [inlined][39m
  [9] [0m[1mmaybe_cachefile_lock[22m[0m[1m([22m[90mf[39m::[0mBase.var"#1110#1111"[90m{Base.PkgId}[39m, [90mpkg[39m::[0mBase.PkgId, [90msrcpath[39m::[0mString; [90mstale_age[39m::[0mInt64[0m[1m)[22m
[90m    @[39m [90mBase[39m [90m./[39m[90m[4mloading.jl:3698[24m[39m
 [10] [0m[1mmaybe_cachefile_lock[22m
[90m    @[39m [90m./[39m[90m[4mloading.jl:3695[24m[39m[90m [inlined][39m
 [11] [0m[1m_require[22m[0m[1m([22m[90mpkg[39m::[0mBase.PkgId, [90menv[39m::[0mString[0m[1m)[22m
[90m    @[39m [90mBase[39m [90m./[39m[90m[4mloading.jl:2565[24m[39m
 [12] [0m[1m__require_prelocked[22m[0m[1m([22m[90muuidkey[39m::[0mBase.PkgId, [90menv[39m::[0mString[0m[1m)[22m
[90m    @[39m [90mBase[39m [90m./[39m[90m[4mloading.jl:2388[24m[39m
 [13] [0m[1m#invoke_in_world#3[22m
[90m    @[39m [90m./[39m[90m[4messentials.jl:1089[24m[39m[90m [inlined][39m
 [14] [0m[1minvoke_in_world[22m
[90m    @[39m [90m./[39m[90m[4messentials.jl:1086[24m[39m[90m [inlined][39m
 [15] [0m[1m_require_prelocked[22m[0m[1m([22m[90muuidkey[39m::[0mBase.PkgId, [90menv[39m::[0mString[0m[1m)[22m
[90m    @[39m [90mBase[39m [90m./[39m[90m[4mloading.jl:2375[24m[39m
 [16] [0m[1mmacro expansion[22m
[90m    @[39m [90m./[39m[90m[4mloading.jl:2314[24m[39m[90m [inlined][39m
 [17] [0m[1mmacro expansion[22m
[90m    @[39m [90m./[39m[90m[4mlock.jl:273[24m[39m[90m [inlined][39m
 [18] [0m[1m__require[22m[0m[1m([22m[90minto[39m::[0mModule, [90mmod[39m::[0mSymbol[0m[1m)[22m
[90m    @[39m [90mBase[39m [90m./[39m[90m[4mloading.jl:2271[24m[39m
 [19] [0m[1m#invoke_in_world#3[22m
[90m    @[39m [90m./[39m[90m[4messentials.jl:1089[24m[39m[90m [inlined][39m
 [20] [0m[1minvoke_in_world[22m
[90m    @[39m [90m./[39m[90m[4messentials.jl:1086[24m[39m[90m [inlined][39m
 [21] [0m[1mrequire[22m[0m[1m([22m[90minto[39m::[0mModule, [90mmod[39m::[0mSymbol[0m[1m)[22m
[90m    @[39m [90mBase[39m [90m./[39m[90m[4mloading.jl:2260[24m[39m
 [22] [0m[1minclude[22m
[90m    @[39m [90m./[39m[90m[4mBase.jl:557[24m[39m[90m [inlined][39m
 [23] [0m[1minclude_package_for_output[22m[0m[1m([22m[90mpkg[39m::[0mBase.PkgId, [90minput[39m::[0mString, [90mdepot_path[39m::[0mVector[90m{String}[39m, [90mdl_load_path[39m::[0mVector[90m{String}[39m, [90mload_path[39m::[0mVector[90m{String}[39m, [90mconcrete_deps[39m::[0mVector[90m{Pair{Base.PkgId, UInt128}}[39m, [90msource[39m::[0mNothing[0m[1m)[22m
[90m    @[39m [90mBase[39m [90m./[39m[90m[4mloading.jl:2881[24m[39m
 [24] top-level scope
[90m    @[39m [90m[4mstdin:6[24m[39m
in expression starting at /home/pbachant/.julia/packages/ClimaOcean/5Dct7/src/ClimaOcean.jl:1
in expression starting at stdin:2026-01-13 17:38:06 - Adding package: ClimaCore.jl at rev: 779b0ae555875318a2f5ff68ba7072b6e08fa781
[32m[1m   Resolving[22m[39m package versions...
[32m[1m    Updating[22m[39m `~/calkit/clima-perf/envs/2025-11-14/ClimaCoupler.jl/experiments/ClimaEarth/Project.toml`
  [90m[d414da3d] [39m[93m~ ClimaCore v0.14.41 â‡’ v0.14.41 `https://github.com/CliMA/ClimaCore.jl#779b0ae`[39m
[32m[1m    Updating[22m[39m `~/calkit/clima-perf/envs/2025-11-14/ClimaCoupler.jl/experiments/ClimaEarth/Manifest-v1.11.toml`
  [90m[d414da3d] [39m[93m~ ClimaCore v0.14.41 â‡’ v0.14.41 `https://github.com/CliMA/ClimaCore.jl#779b0ae`[39m
Precompiling project...
           âœ— DataDeps
           âœ— FileIO â†’ HTTPExt
           âœ— MeshArrays â†’ MeshArraysDataDepsExt
  12911.4 ms  âœ“ ClimaCore
           âœ— ClimaOcean
   8689.9 ms  âœ“ ClimaUtilities â†’ ClimaUtilitiesClimaCoreExt
   9921.4 ms  âœ“ ClimaCore â†’ KrylovExt
  16744.9 ms  âœ“ ClimaUtilities â†’ ClimaUtilitiesClimaCoreInterpolationsExt
  17619.8 ms  âœ“ ClimaUtilities â†’ ClimaUtilitiesClimaCoreNCDatasetsExt
  20277.6 ms  âœ“ ClimaDiagnostics
  30663.1 ms  âœ“ ClimaCore â†’ ClimaCoreCUDAExt
  21481.2 ms  âœ“ ClimaCoupler
  37457.4 ms  âœ“ ClimaCoreMakie
  14913.4 ms  âœ“ ClimaLand
   9809.4 ms  âœ“ ClimaLand â†’ FluxnetSimulationsExt
  28891.8 ms  âœ“ ClimaAtmos
  21109.7 ms  âœ“ ClimaLand â†’ LandSimulationVisualizationExt
  13 dependencies successfully precompiled in 90 seconds. 630 already precompiled.
  1 dependency had output during precompilation:
â”Œ ClimaCore â†’ ClimaCoreCUDAExt
â”‚  [33m[1mâ”Œ [22m[39m[33m[1mWarning: [22m[39mCUDA runtime library `libcublasLt.so.13` was loaded from a system path, `/usr/local/cuda/lib64/libcublasLt.so.13`.
â”‚  [33m[1mâ”‚ [22m[39mThis may cause errors.
â”‚  [33m[1mâ”‚ [22m[39m
â”‚  [33m[1mâ”‚ [22m[39mIf you're running under a profiler, this situation is expected. Otherwise,
â”‚  [33m[1mâ”‚ [22m[39mensure that your library path environment variable (e.g., `PATH` on Windows
â”‚  [33m[1mâ”‚ [22m[39mor `LD_LIBRARY_PATH` on Linux) does not include CUDA library paths.
â”‚  [33m[1mâ”‚ [22m[39m
â”‚  [33m[1mâ”‚ [22m[39mIn any other case, please file an issue.
â”‚  [33m[1mâ”” [22m[39m[90m@ CUDA ~/.julia/packages/CUDA/TPbi4/src/initialization.jl:218[39m
â”‚  [33m[1mâ”Œ [22m[39m[33m[1mWarning: [22m[39mCUDA runtime library `libnvJitLink.so.13` was loaded from a system path, `/usr/local/cuda/lib64/libnvJitLink.so.13`.
â”‚  [33m[1mâ”‚ [22m[39mThis may cause errors.
â”‚  [33m[1mâ”‚ [22m[39m
â”‚  [33m[1mâ”‚ [22m[39mIf you're running under a profiler, this situation is expected. Otherwise,
â”‚  [33m[1mâ”‚ [22m[39mensure that your library path environment variable (e.g., `PATH` on Windows
â”‚  [33m[1mâ”‚ [22m[39mor `LD_LIBRARY_PATH` on Linux) does not include CUDA library paths.
â”‚  [33m[1mâ”‚ [22m[39m
â”‚  [33m[1mâ”‚ [22m[39mIn any other case, please file an issue.
â”‚  [33m[1mâ”” [22m[39m[90m@ CUDA ~/.julia/packages/CUDA/TPbi4/src/initialization.jl:218[39m
â”‚  [33m[1mâ”Œ [22m[39m[33m[1mWarning: [22m[39mCUDA runtime library `libcusparse.so.12` was loaded from a system path, `/usr/local/cuda/lib64/libcusparse.so.12`.
â”‚  [33m[1mâ”‚ [22m[39mThis may cause errors.
â”‚  [33m[1mâ”‚ [22m[39m
â”‚  [33m[1mâ”‚ [22m[39mIf you're running under a profiler, this situation is expected. Otherwise,
â”‚  [33m[1mâ”‚ [22m[39mensure that your library path environment variable (e.g., `PATH` on Windows
â”‚  [33m[1mâ”‚ [22m[39mor `LD_LIBRARY_PATH` on Linux) does not include CUDA library paths.
â”‚  [33m[1mâ”‚ [22m[39m
â”‚  [33m[1mâ”‚ [22m[39mIn any other case, please file an issue.
â”‚  [33m[1mâ”” [22m[39m[90m@ CUDA ~/.julia/packages/CUDA/TPbi4/src/initialization.jl:218[39m
â””  

The following 1 direct dependency failed to precompile:

ClimaOcean 

Failed to precompile ClimaOcean [0376089a-ecfe-4b0e-a64f-9c555d74d754] to "/home/pbachant/.julia/compiled/v1.11/ClimaOcean/jl_8kzPkH".
[33m[1mâ”Œ [22m[39m[33m[1mWarning: [22m[39mYou are using Julia v1.11 or later!"
[33m[1mâ”‚ [22m[39mOceananigans is currently tested on Julia v1.10."
[33m[1mâ”‚ [22m[39mIf you find issues with Julia v1.11 or later,"
[33m[1mâ”‚ [22m[39mplease report at https://github.com/CliMA/Oceananigans.jl/issues/new
[33m[1mâ”” [22m[39m[90m@ Oceananigans ~/.julia/packages/Oceananigans/A56vm/src/Oceananigans.jl:125[39m
[91m[1mERROR: [22m[39mLoadError: InitError: AssertionError: ret == 1
Stacktrace:
  [1] [0m[1mOpenSSL.SSLContext[22m[0m[1m([22m[90mssl_method[39m::[0mOpenSSL.SSLMethod, [90mverify_file[39m::[0mString[0m[1m)[22m
[90m    @[39m [35mOpenSSL[39m [90m~/.julia/packages/OpenSSL/fun1x/src/[39m[90m[4mssl.jl:165[24m[39m
  [2] [0m[1mSSLContext[22m
[90m    @[39m [90m~/.julia/packages/OpenSSL/fun1x/src/[39m[90m[4mssl.jl:145[24m[39m[90m [inlined][39m
  [3] [0m[1m__init__[22m[0m[1m([22m[0m[1m)[22m
[90m    @[39m [36mHTTP.Connections[39m [90m~/.julia/packages/HTTP/ShTJs/src/[39m[90m[4mConnections.jl:41[24m[39m
  [4] [0m[1mrun_module_init[22m[0m[1m([22m[90mmod[39m::[0mModule, [90mi[39m::[0mInt64[0m[1m)[22m
[90m    @[39m [90mBase[39m [90m./[39m[90m[4mloading.jl:1378[24m[39m
  [5] [0m[1mregister_restored_modules[22m[0m[1m([22m[90msv[39m::[0mCore.SimpleVector, [90mpkg[39m::[0mBase.PkgId, [90mpath[39m::[0mString[0m[1m)[22m
[90m    @[39m [90mBase[39m [90m./[39m[90m[4mloading.jl:1366[24m[39m
  [6] [0m[1m_include_from_serialized[22m[0m[1m([22m[90mpkg[39m::[0mBase.PkgId, [90mpath[39m::[0mString, [90mocachepath[39m::[0mString, [90mdepmods[39m::[0mVector[90m{Any}[39m, [90mignore_native[39m::[0mNothing; [90mregister[39m::[0mBool[0m[1m)[22m
[90m    @[39m [90mBase[39m [90m./[39m[90m[4mloading.jl:1254[24m[39m
  [7] [0m[1m_include_from_serialized[22m[90m (repeats 2 times)[39m
[90m    @[39m [90m./[39m[90m[4mloading.jl:1210[24m[39m[90m [inlined][39m
  [8] [0m[1m_require_search_from_serialized[22m[0m[1m([22m[90mpkg[39m::[0mBase.PkgId, [90msourcepath[39m::[0mString, [90mbuild_id[39m::[0mUInt128, [90mstalecheck[39m::[0mBool; [90mreasons[39m::[0mDict[90m{String, Int64}[39m, [90mDEPOT_PATH[39m::[0mVector[90m{String}[39m[0m[1m)[22m
[90m    @[39m [90mBase[39m [90m./[39m[90m[4mloading.jl:2057[24m[39m
  [9] [0m[1m_require[22m[0m[1m([22m[90mpkg[39m::[0mBase.PkgId, [90menv[39m::[0mString[0m[1m)[22m
[90m    @[39m [90mBase[39m [90m./[39m[90m[4mloading.jl:2527[24m[39m
 [10] [0m[1m__require_prelocked[22m[0m[1m([22m[90muuidkey[39m::[0mBase.PkgId, [90menv[39m::[0mString[0m[1m)[22m
[90m    @[39m [90mBase[39m [90m./[39m[90m[4mloading.jl:2388[24m[39m
 [11] [0m[1m#invoke_in_world#3[22m
[90m    @[39m [90m./[39m[90m[4messentials.jl:1089[24m[39m[90m [inlined][39m
 [12] [0m[1minvoke_in_world[22m
[90m    @[39m [90m./[39m[90m[4messentials.jl:1086[24m[39m[90m [inlined][39m
 [13] [0m[1m_require_prelocked[22m[0m[1m([22m[90muuidkey[39m::[0mBase.PkgId, [90menv[39m::[0mString[0m[1m)[22m
[90m    @[39m [90mBase[39m [90m./[39m[90m[4mloading.jl:2375[24m[39m
 [14] [0m[1mmacro expansion[22m
[90m    @[39m [90m./[39m[90m[4mloading.jl:2314[24m[39m[90m [inlined][39m
 [15] [0m[1mmacro expansion[22m
[90m    @[39m [90m./[39m[90m[4mlock.jl:273[24m[39m[90m [inlined][39m
 [16] [0m[1m__require[22m[0m[1m([22m[90minto[39m::[0mModule, [90mmod[39m::[0mSymbol[0m[1m)[22m
[90m    @[39m [90mBase[39m [90m./[39m[90m[4mloading.jl:2271[24m[39m
 [17] [0m[1m#invoke_in_world#3[22m
[90m    @[39m [90m./[39m[90m[4messentials.jl:1089[24m[39m[90m [inlined][39m
 [18] [0m[1minvoke_in_world[22m
[90m    @[39m [90m./[39m[90m[4messentials.jl:1086[24m[39m[90m [inlined][39m
 [19] [0m[1mrequire[22m[0m[1m([22m[90minto[39m::[0mModule, [90mmod[39m::[0mSymbol[0m[1m)[22m
[90m    @[39m [90mBase[39m [90m./[39m[90m[4mloading.jl:2260[24m[39m
 [20] [0m[1minclude[22m
[90m    @[39m [90m./[39m[90m[4mBase.jl:557[24m[39m[90m [inlined][39m
 [21] [0m[1minclude_package_for_output[22m[0m[1m([22m[90mpkg[39m::[0mBase.PkgId, [90minput[39m::[0mString, [90mdepot_path[39m::[0mVector[90m{String}[39m, [90mdl_load_path[39m::[0mVector[90m{String}[39m, [90mload_path[39m::[0mVector[90m{String}[39m, [90mconcrete_deps[39m::[0mVector[90m{Pair{Base.PkgId, UInt128}}[39m, [90msource[39m::[0mString[0m[1m)[22m
[90m    @[39m [90mBase[39m [90m./[39m[90m[4mloading.jl:2881[24m[39m
 [22] top-level scope
[90m    @[39m [90m[4mstdin:6[24m[39m
during initialization of module Connections
in expression starting at /home/pbachant/.julia/packages/DataDeps/Y2lje/src/DataDeps.jl:2
in expression starting at stdin:6
[91m[1mERROR: [22m[39mLoadError: Failed to precompile DataDeps [124859b0-ceae-595e-8997-d05f6a7a8dfe] to "/home/pbachant/.julia/compiled/v1.11/DataDeps/jl_MVA5IT".
Stacktrace:
  [1] [0m[1merror[22m[0m[1m([22m[90ms[39m::[0mString[0m[1m)[22m
[90m    @[39m [90mBase[39m [90m./[39m[90m[4merror.jl:35[24m[39m
  [2] [0m[1mcompilecache[22m[0m[1m([22m[90mpkg[39m::[0mBase.PkgId, [90mpath[39m::[0mString, [90minternal_stderr[39m::[0mIO, [90minternal_stdout[39m::[0mIO, [90mkeep_loaded_modules[39m::[0mBool; [90mflags[39m::[0mCmd, [90mcacheflags[39m::[0mBase.CacheFlags, [90mreasons[39m::[0mDict[90m{String, Int64}[39m, [90mloadable_exts[39m::[0mNothing[0m[1m)[22m
[90m    @[39m [90mBase[39m [90m./[39m[90m[4mloading.jl:3174[24m[39m
  [3] [0m[1m(::Base.var"#1110#1111"{Base.PkgId})[22m[0m[1m([22m[0m[1m)[22m
[90m    @[39m [90mBase[39m [90m./[39m[90m[4mloading.jl:2579[24m[39m
  [4] [0m[1mmkpidlock[22m[0m[1m([22m[90mf[39m::[0mBase.var"#1110#1111"[90m{Base.PkgId}[39m, [90mat[39m::[0mString, [90mpid[39m::[0mInt32; [90mkwopts[39m::[0m@Kwargs[90m{stale_age::Int64, wait::Bool}[39m[0m[1m)[22m
[90m    @[39m [35mFileWatching.Pidfile[39m [90m/clima/software/julia/julia-1.11.5/share/julia/stdlib/v1.11/FileWatching/src/[39m[90m[4mpidfile.jl:95[24m[39m
  [5] [0m[1m#mkpidlock#6[22m
[90m    @[39m [90m/clima/software/julia/julia-1.11.5/share/julia/stdlib/v1.11/FileWatching/src/[39m[90m[4mpidfile.jl:90[24m[39m[90m [inlined][39m
  [6] [0m[1mtrymkpidlock[22m[0m[1m([22m::[0mFunction, ::[0mVararg[90m{Any}[39m; [90mkwargs[39m::[0m@Kwargs[90m{stale_age::Int64}[39m[0m[1m)[22m
[90m    @[39m [35mFileWatching.Pidfile[39m [90m/clima/software/julia/julia-1.11.5/share/julia/stdlib/v1.11/FileWatching/src/[39m[90m[4mpidfile.jl:116[24m[39m
  [7] [0m[1m#invokelatest#2[22m
[90m    @[39m [90m./[39m[90m[4messentials.jl:1057[24m[39m[90m [inlined][39m
  [8] [0m[1minvokelatest[22m
[90m    @[39m [90m./[39m[90m[4messentials.jl:1052[24m[39m[90m [inlined][39m
  [9] [0m[1mmaybe_cachefile_lock[22m[0m[1m([22m[90mf[39m::[0mBase.var"#1110#1111"[90m{Base.PkgId}[39m, [90mpkg[39m::[0mBase.PkgId, [90msrcpath[39m::[0mString; [90mstale_age[39m::[0mInt64[0m[1m)[22m
[90m    @[39m [90mBase[39m [90m./[39m[90m[4mloading.jl:3698[24m[39m
 [10] [0m[1mmaybe_cachefile_lock[22m
[90m    @[39m [90m./[39m[90m[4mloading.jl:3695[24m[39m[90m [inlined][39m
 [11] [0m[1m_require[22m[0m[1m([22m[90mpkg[39m::[0mBase.PkgId, [90menv[39m::[0mString[0m[1m)[22m
[90m    @[39m [90mBase[39m [90m./[39m[90m[4mloading.jl:2565[24m[39m
 [12] [0m[1m__require_prelocked[22m[0m[1m([22m[90muuidkey[39m::[0mBase.PkgId, [90menv[39m::[0mString[0m[1m)[22m
[90m    @[39m [90mBase[39m [90m./[39m[90m[4mloading.jl:2388[24m[39m
 [13] [0m[1m#invoke_in_world#3[22m
[90m    @[39m [90m./[39m[90m[4messentials.jl:1089[24m[39m[90m [inlined][39m
 [14] [0m[1minvoke_in_world[22m
[90m    @[39m [90m./[39m[90m[4messentials.jl:1086[24m[39m[90m [inlined][39m
 [15] [0m[1m_require_prelocked[22m[0m[1m([22m[90muuidkey[39m::[0mBase.PkgId, [90menv[39m::[0mString[0m[1m)[22m
[90m    @[39m [90mBase[39m [90m./[39m[90m[4mloading.jl:2375[24m[39m
 [16] [0m[1mmacro expansion[22m
[90m    @[39m [90m./[39m[90m[4mloading.jl:2314[24m[39m[90m [inlined][39m
 [17] [0m[1mmacro expansion[22m
[90m    @[39m [90m./[39m[90m[4mlock.jl:273[24m[39m[90m [inlined][39m
 [18] [0m[1m__require[22m[0m[1m([22m[90minto[39m::[0mModule, [90mmod[39m::[0mSymbol[0m[1m)[22m
[90m    @[39m [90mBase[39m [90m./[39m[90m[4mloading.jl:2271[24m[39m
 [19] [0m[1m#invoke_in_world#3[22m
[90m    @[39m [90m./[39m[90m[4messentials.jl:1089[24m[39m[90m [inlined][39m
 [20] [0m[1minvoke_in_world[22m
[90m    @[39m [90m./[39m[90m[4messentials.jl:1086[24m[39m[90m [inlined][39m
 [21] [0m[1mrequire[22m[0m[1m([22m[90minto[39m::[0mModule, [90mmod[39m::[0mSymbol[0m[1m)[22m
[90m    @[39m [90mBase[39m [90m./[39m[90m[4mloading.jl:2260[24m[39m
 [22] [0m[1minclude[22m
[90m    @[39m [90m./[39m[90m[4mBase.jl:557[24m[39m[90m [inlined][39m
 [23] [0m[1minclude_package_for_output[22m[0m[1m([22m[90mpkg[39m::[0mBase.PkgId, [90minput[39m::[0mString, [90mdepot_path[39m::[0mVector[90m{String}[39m, [90mdl_load_path[39m::[0mVector[90m{String}[39m, [90mload_path[39m::[0mVector[90m{String}[39m, [90mconcrete_deps[39m::[0mVector[90m{Pair{Base.PkgId, UInt128}}[39m, [90msource[39m::[0mNothing[0m[1m)[22m
[90m    @[39m [90mBase[39m [90m./[39m[90m[4mloading.jl:2881[24m[39m
 [24] top-level scope
[90m    @[39m [90m[4mstdin:6[24m[39m
in expression starting at /home/pbachant/.julia/packages/ClimaOcean/5Dct7/src/ClimaOcean.jl:1
in expression starting at stdin:2026-01-13 17:40:01 - Adding package: ClimaTimesteppers.jl at rev: 47a52f332cb8cc2898d90a1c5b2b760ae0b6fbab
[32m[1m   Resolving[22m[39m package versions...
[32m[1m    Updating[22m[39m `~/calkit/clima-perf/envs/2025-11-14/ClimaCoupler.jl/experiments/ClimaEarth/Project.toml`
  [90m[595c0a79] [39m[93m~ ClimaTimeSteppers v0.8.5 â‡’ v0.8.5 `https://github.com/CliMA/ClimaTimesteppers.jl#47a52f3`[39m
[32m[1m    Updating[22m[39m `~/calkit/clima-perf/envs/2025-11-14/ClimaCoupler.jl/experiments/ClimaEarth/Manifest-v1.11.toml`
  [90m[595c0a79] [39m[93m~ ClimaTimeSteppers v0.8.5 â‡’ v0.8.5 `https://github.com/CliMA/ClimaTimesteppers.jl#47a52f3`[39m
Precompiling project...
           âœ— DataDeps
           âœ— FileIO â†’ HTTPExt
           âœ— MeshArrays â†’ MeshArraysDataDepsExt
   5828.2 ms  âœ“ ClimaTimeSteppers
           âœ— ClimaOcean
  20705.8 ms  âœ“ ClimaTimeSteppers â†’ ClimaTimeSteppersBenchmarkToolsExt
  22556.4 ms  âœ“ ClimaLand
   8937.6 ms  âœ“ ClimaLand â†’ FluxnetSimulationsExt
  35382.6 ms  âœ“ ClimaAtmos
  19952.1 ms  âœ“ ClimaLand â†’ LandSimulationVisualizationExt
  6 dependencies successfully precompiled in 61 seconds. 637 already precompiled.
  1 dependency had output during precompilation:
â”Œ ClimaTimeSteppers â†’ ClimaTimeSteppersBenchmarkToolsExt
â”‚  [33m[1mâ”Œ [22m[39m[33m[1mWarning: [22m[39mCUDA runtime library `libcublasLt.so.13` was loaded from a system path, `/usr/local/cuda/lib64/libcublasLt.so.13`.
â”‚  [33m[1mâ”‚ [22m[39mThis may cause errors.
â”‚  [33m[1mâ”‚ [22m[39m
â”‚  [33m[1mâ”‚ [22m[39mIf you're running under a profiler, this situation is expected. Otherwise,
â”‚  [33m[1mâ”‚ [22m[39mensure that your library path environment variable (e.g., `PATH` on Windows
â”‚  [33m[1mâ”‚ [22m[39mor `LD_LIBRARY_PATH` on Linux) does not include CUDA library paths.
â”‚  [33m[1mâ”‚ [22m[39m
â”‚  [33m[1mâ”‚ [22m[39mIn any other case, please file an issue.
â”‚  [33m[1mâ”” [22m[39m[90m@ CUDA ~/.julia/packages/CUDA/TPbi4/src/initialization.jl:218[39m
â”‚  [33m[1mâ”Œ [22m[39m[33m[1mWarning: [22m[39mCUDA runtime library `libnvJitLink.so.13` was loaded from a system path, `/usr/local/cuda/lib64/libnvJitLink.so.13`.
â”‚  [33m[1mâ”‚ [22m[39mThis may cause errors.
â”‚  [33m[1mâ”‚ [22m[39m
â”‚  [33m[1mâ”‚ [22m[39mIf you're running under a profiler, this situation is expected. Otherwise,
â”‚  [33m[1mâ”‚ [22m[39mensure that your library path environment variable (e.g., `PATH` on Windows
â”‚  [33m[1mâ”‚ [22m[39mor `LD_LIBRARY_PATH` on Linux) does not include CUDA library paths.
â”‚  [33m[1mâ”‚ [22m[39m
â”‚  [33m[1mâ”‚ [22m[39mIn any other case, please file an issue.
â”‚  [33m[1mâ”” [22m[39m[90m@ CUDA ~/.julia/packages/CUDA/TPbi4/src/initialization.jl:218[39m
â”‚  [33m[1mâ”Œ [22m[39m[33m[1mWarning: [22m[39mCUDA runtime library `libcusparse.so.12` was loaded from a system path, `/usr/local/cuda/lib64/libcusparse.so.12`.
â”‚  [33m[1mâ”‚ [22m[39mThis may cause errors.
â”‚  [33m[1mâ”‚ [22m[39m
â”‚  [33m[1mâ”‚ [22m[39mIf you're running under a profiler, this situation is expected. Otherwise,
â”‚  [33m[1mâ”‚ [22m[39mensure that your library path environment variable (e.g., `PATH` on Windows
â”‚  [33m[1mâ”‚ [22m[39mor `LD_LIBRARY_PATH` on Linux) does not include CUDA library paths.
â”‚  [33m[1mâ”‚ [22m[39m
â”‚  [33m[1mâ”‚ [22m[39mIn any other case, please file an issue.
â”‚  [33m[1mâ”” [22m[39m[90m@ CUDA ~/.julia/packages/CUDA/TPbi4/src/initialization.jl:218[39m
â””  

The following 1 direct dependency failed to precompile:

ClimaOcean 

Failed to precompile ClimaOcean [0376089a-ecfe-4b0e-a64f-9c555d74d754] to "/home/pbachant/.julia/compiled/v1.11/ClimaOcean/jl_te19m4".
[33m[1mâ”Œ [22m[39m[33m[1mWarning: [22m[39mYou are using Julia v1.11 or later!"
[33m[1mâ”‚ [22m[39mOceananigans is currently tested on Julia v1.10."
[33m[1mâ”‚ [22m[39mIf you find issues with Julia v1.11 or later,"
[33m[1mâ”‚ [22m[39mplease report at https://github.com/CliMA/Oceananigans.jl/issues/new
[33m[1mâ”” [22m[39m[90m@ Oceananigans ~/.julia/packages/Oceananigans/A56vm/src/Oceananigans.jl:125[39m
[91m[1mERROR: [22m[39mLoadError: InitError: AssertionError: ret == 1
Stacktrace:
  [1] [0m[1mOpenSSL.SSLContext[22m[0m[1m([22m[90mssl_method[39m::[0mOpenSSL.SSLMethod, [90mverify_file[39m::[0mString[0m[1m)[22m
[90m    @[39m [35mOpenSSL[39m [90m~/.julia/packages/OpenSSL/fun1x/src/[39m[90m[4mssl.jl:165[24m[39m
  [2] [0m[1mSSLContext[22m
[90m    @[39m [90m~/.julia/packages/OpenSSL/fun1x/src/[39m[90m[4mssl.jl:145[24m[39m[90m [inlined][39m
  [3] [0m[1m__init__[22m[0m[1m([22m[0m[1m)[22m
[90m    @[39m [36mHTTP.Connections[39m [90m~/.julia/packages/HTTP/ShTJs/src/[39m[90m[4mConnections.jl:41[24m[39m
  [4] [0m[1mrun_module_init[22m[0m[1m([22m[90mmod[39m::[0mModule, [90mi[39m::[0mInt64[0m[1m)[22m
[90m    @[39m [90mBase[39m [90m./[39m[90m[4mloading.jl:1378[24m[39m
  [5] [0m[1mregister_restored_modules[22m[0m[1m([22m[90msv[39m::[0mCore.SimpleVector, [90mpkg[39m::[0mBase.PkgId, [90mpath[39m::[0mString[0m[1m)[22m
[90m    @[39m [90mBase[39m [90m./[39m[90m[4mloading.jl:1366[24m[39m
  [6] [0m[1m_include_from_serialized[22m[0m[1m([22m[90mpkg[39m::[0mBase.PkgId, [90mpath[39m::[0mString, [90mocachepath[39m::[0mString, [90mdepmods[39m::[0mVector[90m{Any}[39m, [90mignore_native[39m::[0mNothing; [90mregister[39m::[0mBool[0m[1m)[22m
[90m    @[39m [90mBase[39m [90m./[39m[90m[4mloading.jl:1254[24m[39m
  [7] [0m[1m_include_from_serialized[22m[90m (repeats 2 times)[39m
[90m    @[39m [90m./[39m[90m[4mloading.jl:1210[24m[39m[90m [inlined][39m
  [8] [0m[1m_require_search_from_serialized[22m[0m[1m([22m[90mpkg[39m::[0mBase.PkgId, [90msourcepath[39m::[0mString, [90mbuild_id[39m::[0mUInt128, [90mstalecheck[39m::[0mBool; [90mreasons[39m::[0mDict[90m{String, Int64}[39m, [90mDEPOT_PATH[39m::[0mVector[90m{String}[39m[0m[1m)[22m
[90m    @[39m [90mBase[39m [90m./[39m[90m[4mloading.jl:2057[24m[39m
  [9] [0m[1m_require[22m[0m[1m([22m[90mpkg[39m::[0mBase.PkgId, [90menv[39m::[0mString[0m[1m)[22m
[90m    @[39m [90mBase[39m [90m./[39m[90m[4mloading.jl:2527[24m[39m
 [10] [0m[1m__require_prelocked[22m[0m[1m([22m[90muuidkey[39m::[0mBase.PkgId, [90menv[39m::[0mString[0m[1m)[22m
[90m    @[39m [90mBase[39m [90m./[39m[90m[4mloading.jl:2388[24m[39m
 [11] [0m[1m#invoke_in_world#3[22m
[90m    @[39m [90m./[39m[90m[4messentials.jl:1089[24m[39m[90m [inlined][39m
 [12] [0m[1minvoke_in_world[22m
[90m    @[39m [90m./[39m[90m[4messentials.jl:1086[24m[39m[90m [inlined][39m
 [13] [0m[1m_require_prelocked[22m[0m[1m([22m[90muuidkey[39m::[0mBase.PkgId, [90menv[39m::[0mString[0m[1m)[22m
[90m    @[39m [90mBase[39m [90m./[39m[90m[4mloading.jl:2375[24m[39m
 [14] [0m[1mmacro expansion[22m
[90m    @[39m [90m./[39m[90m[4mloading.jl:2314[24m[39m[90m [inlined][39m
 [15] [0m[1mmacro expansion[22m
[90m    @[39m [90m./[39m[90m[4mlock.jl:273[24m[39m[90m [inlined][39m
 [16] [0m[1m__require[22m[0m[1m([22m[90minto[39m::[0mModule, [90mmod[39m::[0mSymbol[0m[1m)[22m
[90m    @[39m [90mBase[39m [90m./[39m[90m[4mloading.jl:2271[24m[39m
 [17] [0m[1m#invoke_in_world#3[22m
[90m    @[39m [90m./[39m[90m[4messentials.jl:1089[24m[39m[90m [inlined][39m
 [18] [0m[1minvoke_in_world[22m
[90m    @[39m [90m./[39m[90m[4messentials.jl:1086[24m[39m[90m [inlined][39m
 [19] [0m[1mrequire[22m[0m[1m([22m[90minto[39m::[0mModule, [90mmod[39m::[0mSymbol[0m[1m)[22m
[90m    @[39m [90mBase[39m [90m./[39m[90m[4mloading.jl:2260[24m[39m
 [20] [0m[1minclude[22m
[90m    @[39m [90m./[39m[90m[4mBase.jl:557[24m[39m[90m [inlined][39m
 [21] [0m[1minclude_package_for_output[22m[0m[1m([22m[90mpkg[39m::[0mBase.PkgId, [90minput[39m::[0mString, [90mdepot_path[39m::[0mVector[90m{String}[39m, [90mdl_load_path[39m::[0mVector[90m{String}[39m, [90mload_path[39m::[0mVector[90m{String}[39m, [90mconcrete_deps[39m::[0mVector[90m{Pair{Base.PkgId, UInt128}}[39m, [90msource[39m::[0mString[0m[1m)[22m
[90m    @[39m [90mBase[39m [90m./[39m[90m[4mloading.jl:2881[24m[39m
 [22] top-level scope
[90m    @[39m [90m[4mstdin:6[24m[39m
during initialization of module Connections
in expression starting at /home/pbachant/.julia/packages/DataDeps/Y2lje/src/DataDeps.jl:2
in expression starting at stdin:6
[91m[1mERROR: [22m[39mLoadError: Failed to precompile DataDeps [124859b0-ceae-595e-8997-d05f6a7a8dfe] to "/home/pbachant/.julia/compiled/v1.11/DataDeps/jl_f9Szce".
Stacktrace:
  [1] [0m[1merror[22m[0m[1m([22m[90ms[39m::[0mString[0m[1m)[22m
[90m    @[39m [90mBase[39m [90m./[39m[90m[4merror.jl:35[24m[39m
  [2] [0m[1mcompilecache[22m[0m[1m([22m[90mpkg[39m::[0mBase.PkgId, [90mpath[39m::[0mString, [90minternal_stderr[39m::[0mIO, [90minternal_stdout[39m::[0mIO, [90mkeep_loaded_modules[39m::[0mBool; [90mflags[39m::[0mCmd, [90mcacheflags[39m::[0mBase.CacheFlags, [90mreasons[39m::[0mDict[90m{String, Int64}[39m, [90mloadable_exts[39m::[0mNothing[0m[1m)[22m
[90m    @[39m [90mBase[39m [90m./[39m[90m[4mloading.jl:3174[24m[39m
  [3] [0m[1m(::Base.var"#1110#1111"{Base.PkgId})[22m[0m[1m([22m[0m[1m)[22m
[90m    @[39m [90mBase[39m [90m./[39m[90m[4mloading.jl:2579[24m[39m
  [4] [0m[1mmkpidlock[22m[0m[1m([22m[90mf[39m::[0mBase.var"#1110#1111"[90m{Base.PkgId}[39m, [90mat[39m::[0mString, [90mpid[39m::[0mInt32; [90mkwopts[39m::[0m@Kwargs[90m{stale_age::Int64, wait::Bool}[39m[0m[1m)[22m
[90m    @[39m [35mFileWatching.Pidfile[39m [90m/clima/software/julia/julia-1.11.5/share/julia/stdlib/v1.11/FileWatching/src/[39m[90m[4mpidfile.jl:95[24m[39m
  [5] [0m[1m#mkpidlock#6[22m
[90m    @[39m [90m/clima/software/julia/julia-1.11.5/share/julia/stdlib/v1.11/FileWatching/src/[39m[90m[4mpidfile.jl:90[24m[39m[90m [inlined][39m
  [6] [0m[1mtrymkpidlock[22m[0m[1m([22m::[0mFunction, ::[0mVararg[90m{Any}[39m; [90mkwargs[39m::[0m@Kwargs[90m{stale_age::Int64}[39m[0m[1m)[22m
[90m    @[39m [35mFileWatching.Pidfile[39m [90m/clima/software/julia/julia-1.11.5/share/julia/stdlib/v1.11/FileWatching/src/[39m[90m[4mpidfile.jl:116[24m[39m
  [7] [0m[1m#invokelatest#2[22m
[90m    @[39m [90m./[39m[90m[4messentials.jl:1057[24m[39m[90m [inlined][39m
  [8] [0m[1minvokelatest[22m
[90m    @[39m [90m./[39m[90m[4messentials.jl:1052[24m[39m[90m [inlined][39m
  [9] [0m[1mmaybe_cachefile_lock[22m[0m[1m([22m[90mf[39m::[0mBase.var"#1110#1111"[90m{Base.PkgId}[39m, [90mpkg[39m::[0mBase.PkgId, [90msrcpath[39m::[0mString; [90mstale_age[39m::[0mInt64[0m[1m)[22m
[90m    @[39m [90mBase[39m [90m./[39m[90m[4mloading.jl:3698[24m[39m
 [10] [0m[1mmaybe_cachefile_lock[22m
[90m    @[39m [90m./[39m[90m[4mloading.jl:3695[24m[39m[90m [inlined][39m
 [11] [0m[1m_require[22m[0m[1m([22m[90mpkg[39m::[0mBase.PkgId, [90menv[39m::[0mString[0m[1m)[22m
[90m    @[39m [90mBase[39m [90m./[39m[90m[4mloading.jl:2565[24m[39m
 [12] [0m[1m__require_prelocked[22m[0m[1m([22m[90muuidkey[39m::[0mBase.PkgId, [90menv[39m::[0mString[0m[1m)[22m
[90m    @[39m [90mBase[39m [90m./[39m[90m[4mloading.jl:2388[24m[39m
 [13] [0m[1m#invoke_in_world#3[22m
[90m    @[39m [90m./[39m[90m[4messentials.jl:1089[24m[39m[90m [inlined][39m
 [14] [0m[1minvoke_in_world[22m
[90m    @[39m [90m./[39m[90m[4messentials.jl:1086[24m[39m[90m [inlined][39m
 [15] [0m[1m_require_prelocked[22m[0m[1m([22m[90muuidkey[39m::[0mBase.PkgId, [90menv[39m::[0mString[0m[1m)[22m
[90m    @[39m [90mBase[39m [90m./[39m[90m[4mloading.jl:2375[24m[39m
 [16] [0m[1mmacro expansion[22m
[90m    @[39m [90m./[39m[90m[4mloading.jl:2314[24m[39m[90m [inlined][39m
 [17] [0m[1mmacro expansion[22m
[90m    @[39m [90m./[39m[90m[4mlock.jl:273[24m[39m[90m [inlined][39m
 [18] [0m[1m__require[22m[0m[1m([22m[90minto[39m::[0mModule, [90mmod[39m::[0mSymbol[0m[1m)[22m
[90m    @[39m [90mBase[39m [90m./[39m[90m[4mloading.jl:2271[24m[39m
 [19] [0m[1m#invoke_in_world#3[22m
[90m    @[39m [90m./[39m[90m[4messentials.jl:1089[24m[39m[90m [inlined][39m
 [20] [0m[1minvoke_in_world[22m
[90m    @[39m [90m./[39m[90m[4messentials.jl:1086[24m[39m[90m [inlined][39m
 [21] [0m[1mrequire[22m[0m[1m([22m[90minto[39m::[0mModule, [90mmod[39m::[0mSymbol[0m[1m)[22m
[90m    @[39m [90mBase[39m [90m./[39m[90m[4mloading.jl:2260[24m[39m
 [22] [0m[1minclude[22m
[90m    @[39m [90m./[39m[90m[4mBase.jl:557[24m[39m[90m [inlined][39m
 [23] [0m[1minclude_package_for_output[22m[0m[1m([22m[90mpkg[39m::[0mBase.PkgId, [90minput[39m::[0mString, [90mdepot_path[39m::[0mVector[90m{String}[39m, [90mdl_load_path[39m::[0mVector[90m{String}[39m, [90mload_path[39m::[0mVector[90m{String}[39m, [90mconcrete_deps[39m::[0mVector[90m{Pair{Base.PkgId, UInt128}}[39m, [90msource[39m::[0mNothing[0m[1m)[22m
[90m    @[39m [90mBase[39m [90m./[39m[90m[4mloading.jl:2881[24m[39m
 [24] top-level scope
[90m    @[39m [90m[4mstdin:6[24m[39m
in expression starting at /home/pbachant/.julia/packages/ClimaOcean/5Dct7/src/ClimaOcean.jl:1
in expression starting at stdin:2026-01-13 17:41:27 - Adding package: Thermodynamics.jl at rev: 9577fb1da33e52743cf915a3c1b24d8aa98780a3
[32m[1m   Resolving[22m[39m package versions...
[32m[1m    Updating[22m[39m `~/calkit/clima-perf/envs/2025-11-14/ClimaCoupler.jl/experiments/ClimaEarth/Project.toml`
  [90m[b60c26fb] [39m[93m~ Thermodynamics v0.15.0 â‡’ v0.15.0 `https://github.com/CliMA/Thermodynamics.jl#9577fb1`[39m
[32m[1m    Updating[22m[39m `~/calkit/clima-perf/envs/2025-11-14/ClimaCoupler.jl/experiments/ClimaEarth/Manifest-v1.11.toml`
  [90m[b60c26fb] [39m[93m~ Thermodynamics v0.15.0 â‡’ v0.15.0 `https://github.com/CliMA/Thermodynamics.jl#9577fb1`[39m
Precompiling project...
           âœ— DataDeps
           âœ— FileIO â†’ HTTPExt
   3319.8 ms  âœ“ Thermodynamics
   2319.6 ms  âœ“ Thermodynamics â†’ CreateParametersExt
   3060.1 ms  âœ“ SurfaceFluxes
           âœ— MeshArrays â†’ MeshArraysDataDepsExt
   2551.9 ms  âœ“ SurfaceFluxes â†’ CreateParametersExt
   4941.9 ms  âœ“ CloudMicrophysics
  12393.5 ms  âœ“ ClimaCoupler
           âœ— ClimaOcean
  17351.4 ms  âœ“ ClimaLand
  10921.2 ms  âœ“ ClimaLand â†’ FluxnetSimulationsExt
  31478.8 ms  âœ“ ClimaAtmos
  21960.2 ms  âœ“ ClimaLand â†’ LandSimulationVisualizationExt
  10 dependencies successfully precompiled in 60 seconds. 633 already precompiled.

The following 1 direct dependency failed to precompile:

ClimaOcean 

Failed to precompile ClimaOcean [0376089a-ecfe-4b0e-a64f-9c555d74d754] to "/home/pbachant/.julia/compiled/v1.11/ClimaOcean/jl_gB8ZJV".
[33m[1mâ”Œ [22m[39m[33m[1mWarning: [22m[39mYou are using Julia v1.11 or later!"
[33m[1mâ”‚ [22m[39mOceananigans is currently tested on Julia v1.10."
[33m[1mâ”‚ [22m[39mIf you find issues with Julia v1.11 or later,"
[33m[1mâ”‚ [22m[39mplease report at https://github.com/CliMA/Oceananigans.jl/issues/new
[33m[1mâ”” [22m[39m[90m@ Oceananigans ~/.julia/packages/Oceananigans/A56vm/src/Oceananigans.jl:125[39m
[91m[1mERROR: [22m[39mLoadError: InitError: AssertionError: ret == 1
Stacktrace:
  [1] [0m[1mOpenSSL.SSLContext[22m[0m[1m([22m[90mssl_method[39m::[0mOpenSSL.SSLMethod, [90mverify_file[39m::[0mString[0m[1m)[22m
[90m    @[39m [35mOpenSSL[39m [90m~/.julia/packages/OpenSSL/fun1x/src/[39m[90m[4mssl.jl:165[24m[39m
  [2] [0m[1mSSLContext[22m
[90m    @[39m [90m~/.julia/packages/OpenSSL/fun1x/src/[39m[90m[4mssl.jl:145[24m[39m[90m [inlined][39m
  [3] [0m[1m__init__[22m[0m[1m([22m[0m[1m)[22m
[90m    @[39m [36mHTTP.Connections[39m [90m~/.julia/packages/HTTP/ShTJs/src/[39m[90m[4mConnections.jl:41[24m[39m
  [4] [0m[1mrun_module_init[22m[0m[1m([22m[90mmod[39m::[0mModule, [90mi[39m::[0mInt64[0m[1m)[22m
[90m    @[39m [90mBase[39m [90m./[39m[90m[4mloading.jl:1378[24m[39m
  [5] [0m[1mregister_restored_modules[22m[0m[1m([22m[90msv[39m::[0mCore.SimpleVector, [90mpkg[39m::[0mBase.PkgId, [90mpath[39m::[0mString[0m[1m)[22m
[90m    @[39m [90mBase[39m [90m./[39m[90m[4mloading.jl:1366[24m[39m
  [6] [0m[1m_include_from_serialized[22m[0m[1m([22m[90mpkg[39m::[0mBase.PkgId, [90mpath[39m::[0mString, [90mocachepath[39m::[0mString, [90mdepmods[39m::[0mVector[90m{Any}[39m, [90mignore_native[39m::[0mNothing; [90mregister[39m::[0mBool[0m[1m)[22m
[90m    @[39m [90mBase[39m [90m./[39m[90m[4mloading.jl:1254[24m[39m
  [7] [0m[1m_include_from_serialized[22m[90m (repeats 2 times)[39m
[90m    @[39m [90m./[39m[90m[4mloading.jl:1210[24m[39m[90m [inlined][39m
  [8] [0m[1m_require_search_from_serialized[22m[0m[1m([22m[90mpkg[39m::[0mBase.PkgId, [90msourcepath[39m::[0mString, [90mbuild_id[39m::[0mUInt128, [90mstalecheck[39m::[0mBool; [90mreasons[39m::[0mDict[90m{String, Int64}[39m, [90mDEPOT_PATH[39m::[0mVector[90m{String}[39m[0m[1m)[22m
[90m    @[39m [90mBase[39m [90m./[39m[90m[4mloading.jl:2057[24m[39m
  [9] [0m[1m_require[22m[0m[1m([22m[90mpkg[39m::[0mBase.PkgId, [90menv[39m::[0mString[0m[1m)[22m
[90m    @[39m [90mBase[39m [90m./[39m[90m[4mloading.jl:2527[24m[39m
 [10] [0m[1m__require_prelocked[22m[0m[1m([22m[90muuidkey[39m::[0mBase.PkgId, [90menv[39m::[0mString[0m[1m)[22m
[90m    @[39m [90mBase[39m [90m./[39m[90m[4mloading.jl:2388[24m[39m
 [11] [0m[1m#invoke_in_world#3[22m
[90m    @[39m [90m./[39m[90m[4messentials.jl:1089[24m[39m[90m [inlined][39m
 [12] [0m[1minvoke_in_world[22m
[90m    @[39m [90m./[39m[90m[4messentials.jl:1086[24m[39m[90m [inlined][39m
 [13] [0m[1m_require_prelocked[22m[0m[1m([22m[90muuidkey[39m::[0mBase.PkgId, [90menv[39m::[0mString[0m[1m)[22m
[90m    @[39m [90mBase[39m [90m./[39m[90m[4mloading.jl:2375[24m[39m
 [14] [0m[1mmacro expansion[22m
[90m    @[39m [90m./[39m[90m[4mloading.jl:2314[24m[39m[90m [inlined][39m
 [15] [0m[1mmacro expansion[22m
[90m    @[39m [90m./[39m[90m[4mlock.jl:273[24m[39m[90m [inlined][39m
 [16] [0m[1m__require[22m[0m[1m([22m[90minto[39m::[0mModule, [90mmod[39m::[0mSymbol[0m[1m)[22m
[90m    @[39m [90mBase[39m [90m./[39m[90m[4mloading.jl:2271[24m[39m
 [17] [0m[1m#invoke_in_world#3[22m
[90m    @[39m [90m./[39m[90m[4messentials.jl:1089[24m[39m[90m [inlined][39m
 [18] [0m[1minvoke_in_world[22m
[90m    @[39m [90m./[39m[90m[4messentials.jl:1086[24m[39m[90m [inlined][39m
 [19] [0m[1mrequire[22m[0m[1m([22m[90minto[39m::[0mModule, [90mmod[39m::[0mSymbol[0m[1m)[22m
[90m    @[39m [90mBase[39m [90m./[39m[90m[4mloading.jl:2260[24m[39m
 [20] [0m[1minclude[22m
[90m    @[39m [90m./[39m[90m[4mBase.jl:557[24m[39m[90m [inlined][39m
 [21] [0m[1minclude_package_for_output[22m[0m[1m([22m[90mpkg[39m::[0mBase.PkgId, [90minput[39m::[0mString, [90mdepot_path[39m::[0mVector[90m{String}[39m, [90mdl_load_path[39m::[0mVector[90m{String}[39m, [90mload_path[39m::[0mVector[90m{String}[39m, [90mconcrete_deps[39m::[0mVector[90m{Pair{Base.PkgId, UInt128}}[39m, [90msource[39m::[0mString[0m[1m)[22m
[90m    @[39m [90mBase[39m [90m./[39m[90m[4mloading.jl:2881[24m[39m
 [22] top-level scope
[90m    @[39m [90m[4mstdin:6[24m[39m
during initialization of module Connections
in expression starting at /home/pbachant/.julia/packages/DataDeps/Y2lje/src/DataDeps.jl:2
in expression starting at stdin:6
[91m[1mERROR: [22m[39mLoadError: Failed to precompile DataDeps [124859b0-ceae-595e-8997-d05f6a7a8dfe] to "/home/pbachant/.julia/compiled/v1.11/DataDeps/jl_Vcv7hA".
Stacktrace:
  [1] [0m[1merror[22m[0m[1m([22m[90ms[39m::[0mString[0m[1m)[22m
[90m    @[39m [90mBase[39m [90m./[39m[90m[4merror.jl:35[24m[39m
  [2] [0m[1mcompilecache[22m[0m[1m([22m[90mpkg[39m::[0mBase.PkgId, [90mpath[39m::[0mString, [90minternal_stderr[39m::[0mIO, [90minternal_stdout[39m::[0mIO, [90mkeep_loaded_modules[39m::[0mBool; [90mflags[39m::[0mCmd, [90mcacheflags[39m::[0mBase.CacheFlags, [90mreasons[39m::[0mDict[90m{String, Int64}[39m, [90mloadable_exts[39m::[0mNothing[0m[1m)[22m
[90m    @[39m [90mBase[39m [90m./[39m[90m[4mloading.jl:3174[24m[39m
  [3] [0m[1m(::Base.var"#1110#1111"{Base.PkgId})[22m[0m[1m([22m[0m[1m)[22m
[90m    @[39m [90mBase[39m [90m./[39m[90m[4mloading.jl:2579[24m[39m
  [4] [0m[1mmkpidlock[22m[0m[1m([22m[90mf[39m::[0mBase.var"#1110#1111"[90m{Base.PkgId}[39m, [90mat[39m::[0mString, [90mpid[39m::[0mInt32; [90mkwopts[39m::[0m@Kwargs[90m{stale_age::Int64, wait::Bool}[39m[0m[1m)[22m
[90m    @[39m [35mFileWatching.Pidfile[39m [90m/clima/software/julia/julia-1.11.5/share/julia/stdlib/v1.11/FileWatching/src/[39m[90m[4mpidfile.jl:95[24m[39m
  [5] [0m[1m#mkpidlock#6[22m
[90m    @[39m [90m/clima/software/julia/julia-1.11.5/share/julia/stdlib/v1.11/FileWatching/src/[39m[90m[4mpidfile.jl:90[24m[39m[90m [inlined][39m
  [6] [0m[1mtrymkpidlock[22m[0m[1m([22m::[0mFunction, ::[0mVararg[90m{Any}[39m; [90mkwargs[39m::[0m@Kwargs[90m{stale_age::Int64}[39m[0m[1m)[22m
[90m    @[39m [35mFileWatching.Pidfile[39m [90m/clima/software/julia/julia-1.11.5/share/julia/stdlib/v1.11/FileWatching/src/[39m[90m[4mpidfile.jl:116[24m[39m
  [7] [0m[1m#invokelatest#2[22m
[90m    @[39m [90m./[39m[90m[4messentials.jl:1057[24m[39m[90m [inlined][39m
  [8] [0m[1minvokelatest[22m
[90m    @[39m [90m./[39m[90m[4messentials.jl:1052[24m[39m[90m [inlined][39m
  [9] [0m[1mmaybe_cachefile_lock[22m[0m[1m([22m[90mf[39m::[0mBase.var"#1110#1111"[90m{Base.PkgId}[39m, [90mpkg[39m::[0mBase.PkgId, [90msrcpath[39m::[0mString; [90mstale_age[39m::[0mInt64[0m[1m)[22m
[90m    @[39m [90mBase[39m [90m./[39m[90m[4mloading.jl:3698[24m[39m
 [10] [0m[1mmaybe_cachefile_lock[22m
[90m    @[39m [90m./[39m[90m[4mloading.jl:3695[24m[39m[90m [inlined][39m
 [11] [0m[1m_require[22m[0m[1m([22m[90mpkg[39m::[0mBase.PkgId, [90menv[39m::[0mString[0m[1m)[22m
[90m    @[39m [90mBase[39m [90m./[39m[90m[4mloading.jl:2565[24m[39m
 [12] [0m[1m__require_prelocked[22m[0m[1m([22m[90muuidkey[39m::[0mBase.PkgId, [90menv[39m::[0mString[0m[1m)[22m
[90m    @[39m [90mBase[39m [90m./[39m[90m[4mloading.jl:2388[24m[39m
 [13] [0m[1m#invoke_in_world#3[22m
[90m    @[39m [90m./[39m[90m[4messentials.jl:1089[24m[39m[90m [inlined][39m
 [14] [0m[1minvoke_in_world[22m
[90m    @[39m [90m./[39m[90m[4messentials.jl:1086[24m[39m[90m [inlined][39m
 [15] [0m[1m_require_prelocked[22m[0m[1m([22m[90muuidkey[39m::[0mBase.PkgId, [90menv[39m::[0mString[0m[1m)[22m
[90m    @[39m [90mBase[39m [90m./[39m[90m[4mloading.jl:2375[24m[39m
 [16] [0m[1mmacro expansion[22m
[90m    @[39m [90m./[39m[90m[4mloading.jl:2314[24m[39m[90m [inlined][39m
 [17] [0m[1mmacro expansion[22m
[90m    @[39m [90m./[39m[90m[4mlock.jl:273[24m[39m[90m [inlined][39m
 [18] [0m[1m__require[22m[0m[1m([22m[90minto[39m::[0mModule, [90mmod[39m::[0mSymbol[0m[1m)[22m
[90m    @[39m [90mBase[39m [90m./[39m[90m[4mloading.jl:2271[24m[39m
 [19] [0m[1m#invoke_in_world#3[22m
[90m    @[39m [90m./[39m[90m[4messentials.jl:1089[24m[39m[90m [inlined][39m
 [20] [0m[1minvoke_in_world[22m
[90m    @[39m [90m./[39m[90m[4messentials.jl:1086[24m[39m[90m [inlined][39m
 [21] [0m[1mrequire[22m[0m[1m([22m[90minto[39m::[0mModule, [90mmod[39m::[0mSymbol[0m[1m)[22m
[90m    @[39m [90mBase[39m [90m./[39m[90m[4mloading.jl:2260[24m[39m
 [22] [0m[1minclude[22m
[90m    @[39m [90m./[39m[90m[4mBase.jl:557[24m[39m[90m [inlined][39m
 [23] [0m[1minclude_package_for_output[22m[0m[1m([22m[90mpkg[39m::[0mBase.PkgId, [90minput[39m::[0mString, [90mdepot_path[39m::[0mVector[90m{String}[39m, [90mdl_load_path[39m::[0mVector[90m{String}[39m, [90mload_path[39m::[0mVector[90m{String}[39m, [90mconcrete_deps[39m::[0mVector[90m{Pair{Base.PkgId, UInt128}}[39m, [90msource[39m::[0mNothing[0m[1m)[22m
[90m    @[39m [90mBase[39m [90m./[39m[90m[4mloading.jl:2881[24m[39m
 [24] top-level scope
[90m    @[39m [90m[4mstdin:6[24m[39m
in expression starting at /home/pbachant/.julia/packages/ClimaOcean/5Dct7/src/ClimaOcean.jl:1
in expression starting at stdin:2026-01-13 17:42:52 - Adding package: RRTMGP.jl at rev: 90eadd1744d321a9e3fc600ef613ac2e4c42209a
[32m[1m   Resolving[22m[39m package versions...
[32m[1m    Updating[22m[39m `~/calkit/clima-perf/envs/2025-11-14/ClimaCoupler.jl/experiments/ClimaEarth/Project.toml`
  [90m[a01a1ee8] [39m[92m+ RRTMGP v0.21.6 `https://github.com/CliMA/RRTMGP.jl#90eadd1`[39m
[32m[1m    Updating[22m[39m `~/calkit/clima-perf/envs/2025-11-14/ClimaCoupler.jl/experiments/ClimaEarth/Manifest-v1.11.toml`
  [90m[a01a1ee8] [39m[93m~ RRTMGP v0.21.6 â‡’ v0.21.6 `https://github.com/CliMA/RRTMGP.jl#90eadd1`[39m
Precompiling project...
           âœ— DataDeps
           âœ— FileIO â†’ HTTPExt
   2707.9 ms  âœ“ RRTMGP â†’ RRTMGPNCDatasetsExt
           âœ— MeshArrays â†’ MeshArraysDataDepsExt
  12533.4 ms  âœ“ RRTMGP â†’ RRTMGPCUDAExt
           âœ— ClimaOcean
  24638.1 ms  âœ“ ClimaAtmos
  3 dependencies successfully precompiled in 40 seconds. 640 already precompiled.
  1 dependency had output during precompilation:
â”Œ RRTMGP â†’ RRTMGPCUDAExt
â”‚  [33m[1mâ”Œ [22m[39m[33m[1mWarning: [22m[39mCUDA runtime library `libcublasLt.so.13` was loaded from a system path, `/usr/local/cuda/lib64/libcublasLt.so.13`.
â”‚  [33m[1mâ”‚ [22m[39mThis may cause errors.
â”‚  [33m[1mâ”‚ [22m[39m
â”‚  [33m[1mâ”‚ [22m[39mIf you're running under a profiler, this situation is expected. Otherwise,
â”‚  [33m[1mâ”‚ [22m[39mensure that your library path environment variable (e.g., `PATH` on Windows
â”‚  [33m[1mâ”‚ [22m[39mor `LD_LIBRARY_PATH` on Linux) does not include CUDA library paths.
â”‚  [33m[1mâ”‚ [22m[39m
â”‚  [33m[1mâ”‚ [22m[39mIn any other case, please file an issue.
â”‚  [33m[1mâ”” [22m[39m[90m@ CUDA ~/.julia/packages/CUDA/TPbi4/src/initialization.jl:218[39m
â”‚  [33m[1mâ”Œ [22m[39m[33m[1mWarning: [22m[39mCUDA runtime library `libnvJitLink.so.13` was loaded from a system path, `/usr/local/cuda/lib64/libnvJitLink.so.13`.
â”‚  [33m[1mâ”‚ [22m[39mThis may cause errors.
â”‚  [33m[1mâ”‚ [22m[39m
â”‚  [33m[1mâ”‚ [22m[39mIf you're running under a profiler, this situation is expected. Otherwise,
â”‚  [33m[1mâ”‚ [22m[39mensure that your library path environment variable (e.g., `PATH` on Windows
â”‚  [33m[1mâ”‚ [22m[39mor `LD_LIBRARY_PATH` on Linux) does not include CUDA library paths.
â”‚  [33m[1mâ”‚ [22m[39m
â”‚  [33m[1mâ”‚ [22m[39mIn any other case, please file an issue.
â”‚  [33m[1mâ”” [22m[39m[90m@ CUDA ~/.julia/packages/CUDA/TPbi4/src/initialization.jl:218[39m
â”‚  [33m[1mâ”Œ [22m[39m[33m[1mWarning: [22m[39mCUDA runtime library `libcusparse.so.12` was loaded from a system path, `/usr/local/cuda/lib64/libcusparse.so.12`.
â”‚  [33m[1mâ”‚ [22m[39mThis may cause errors.
â”‚  [33m[1mâ”‚ [22m[39m
â”‚  [33m[1mâ”‚ [22m[39mIf you're running under a profiler, this situation is expected. Otherwise,
â”‚  [33m[1mâ”‚ [22m[39mensure that your library path environment variable (e.g., `PATH` on Windows
â”‚  [33m[1mâ”‚ [22m[39mor `LD_LIBRARY_PATH` on Linux) does not include CUDA library paths.
â”‚  [33m[1mâ”‚ [22m[39m
â”‚  [33m[1mâ”‚ [22m[39mIn any other case, please file an issue.
â”‚  [33m[1mâ”” [22m[39m[90m@ CUDA ~/.julia/packages/CUDA/TPbi4/src/initialization.jl:218[39m
â””  

The following 1 direct dependency failed to precompile:

ClimaOcean 

Failed to precompile ClimaOcean [0376089a-ecfe-4b0e-a64f-9c555d74d754] to "/home/pbachant/.julia/compiled/v1.11/ClimaOcean/jl_ebMLC0".
[33m[1mâ”Œ [22m[39m[33m[1mWarning: [22m[39mYou are using Julia v1.11 or later!"
[33m[1mâ”‚ [22m[39mOceananigans is currently tested on Julia v1.10."
[33m[1mâ”‚ [22m[39mIf you find issues with Julia v1.11 or later,"
[33m[1mâ”‚ [22m[39mplease report at https://github.com/CliMA/Oceananigans.jl/issues/new
[33m[1mâ”” [22m[39m[90m@ Oceananigans ~/.julia/packages/Oceananigans/A56vm/src/Oceananigans.jl:125[39m
[91m[1mERROR: [22m[39mLoadError: InitError: AssertionError: ret == 1
Stacktrace:
  [1] [0m[1mOpenSSL.SSLContext[22m[0m[1m([22m[90mssl_method[39m::[0mOpenSSL.SSLMethod, [90mverify_file[39m::[0mString[0m[1m)[22m
[90m    @[39m [35mOpenSSL[39m [90m~/.julia/packages/OpenSSL/fun1x/src/[39m[90m[4mssl.jl:165[24m[39m
  [2] [0m[1mSSLContext[22m
[90m    @[39m [90m~/.julia/packages/OpenSSL/fun1x/src/[39m[90m[4mssl.jl:145[24m[39m[90m [inlined][39m
  [3] [0m[1m__init__[22m[0m[1m([22m[0m[1m)[22m
[90m    @[39m [36mHTTP.Connections[39m [90m~/.julia/packages/HTTP/ShTJs/src/[39m[90m[4mConnections.jl:41[24m[39m
  [4] [0m[1mrun_module_init[22m[0m[1m([22m[90mmod[39m::[0mModule, [90mi[39m::[0mInt64[0m[1m)[22m
[90m    @[39m [90mBase[39m [90m./[39m[90m[4mloading.jl:1378[24m[39m
  [5] [0m[1mregister_restored_modules[22m[0m[1m([22m[90msv[39m::[0mCore.SimpleVector, [90mpkg[39m::[0mBase.PkgId, [90mpath[39m::[0mString[0m[1m)[22m
[90m    @[39m [90mBase[39m [90m./[39m[90m[4mloading.jl:1366[24m[39m
  [6] [0m[1m_include_from_serialized[22m[0m[1m([22m[90mpkg[39m::[0mBase.PkgId, [90mpath[39m::[0mString, [90mocachepath[39m::[0mString, [90mdepmods[39m::[0mVector[90m{Any}[39m, [90mignore_native[39m::[0mNothing; [90mregister[39m::[0mBool[0m[1m)[22m
[90m    @[39m [90mBase[39m [90m./[39m[90m[4mloading.jl:1254[24m[39m
  [7] [0m[1m_include_from_serialized[22m[90m (repeats 2 times)[39m
[90m    @[39m [90m./[39m[90m[4mloading.jl:1210[24m[39m[90m [inlined][39m
  [8] [0m[1m_require_search_from_serialized[22m[0m[1m([22m[90mpkg[39m::[0mBase.PkgId, [90msourcepath[39m::[0mString, [90mbuild_id[39m::[0mUInt128, [90mstalecheck[39m::[0mBool; [90mreasons[39m::[0mDict[90m{String, Int64}[39m, [90mDEPOT_PATH[39m::[0mVector[90m{String}[39m[0m[1m)[22m
[90m    @[39m [90mBase[39m [90m./[39m[90m[4mloading.jl:2057[24m[39m
  [9] [0m[1m_require[22m[0m[1m([22m[90mpkg[39m::[0mBase.PkgId, [90menv[39m::[0mString[0m[1m)[22m
[90m    @[39m [90mBase[39m [90m./[39m[90m[4mloading.jl:2527[24m[39m
 [10] [0m[1m__require_prelocked[22m[0m[1m([22m[90muuidkey[39m::[0mBase.PkgId, [90menv[39m::[0mString[0m[1m)[22m
[90m    @[39m [90mBase[39m [90m./[39m[90m[4mloading.jl:2388[24m[39m
 [11] [0m[1m#invoke_in_world#3[22m
[90m    @[39m [90m./[39m[90m[4messentials.jl:1089[24m[39m[90m [inlined][39m
 [12] [0m[1minvoke_in_world[22m
[90m    @[39m [90m./[39m[90m[4messentials.jl:1086[24m[39m[90m [inlined][39m
 [13] [0m[1m_require_prelocked[22m[0m[1m([22m[90muuidkey[39m::[0mBase.PkgId, [90menv[39m::[0mString[0m[1m)[22m
[90m    @[39m [90mBase[39m [90m./[39m[90m[4mloading.jl:2375[24m[39m
 [14] [0m[1mmacro expansion[22m
[90m    @[39m [90m./[39m[90m[4mloading.jl:2314[24m[39m[90m [inlined][39m
 [15] [0m[1mmacro expansion[22m
[90m    @[39m [90m./[39m[90m[4mlock.jl:273[24m[39m[90m [inlined][39m
 [16] [0m[1m__require[22m[0m[1m([22m[90minto[39m::[0mModule, [90mmod[39m::[0mSymbol[0m[1m)[22m
[90m    @[39m [90mBase[39m [90m./[39m[90m[4mloading.jl:2271[24m[39m
 [17] [0m[1m#invoke_in_world#3[22m
[90m    @[39m [90m./[39m[90m[4messentials.jl:1089[24m[39m[90m [inlined][39m
 [18] [0m[1minvoke_in_world[22m
[90m    @[39m [90m./[39m[90m[4messentials.jl:1086[24m[39m[90m [inlined][39m
 [19] [0m[1mrequire[22m[0m[1m([22m[90minto[39m::[0mModule, [90mmod[39m::[0mSymbol[0m[1m)[22m
[90m    @[39m [90mBase[39m [90m./[39m[90m[4mloading.jl:2260[24m[39m
 [20] [0m[1minclude[22m
[90m    @[39m [90m./[39m[90m[4mBase.jl:557[24m[39m[90m [inlined][39m
 [21] [0m[1minclude_package_for_output[22m[0m[1m([22m[90mpkg[39m::[0mBase.PkgId, [90minput[39m::[0mString, [90mdepot_path[39m::[0mVector[90m{String}[39m, [90mdl_load_path[39m::[0mVector[90m{String}[39m, [90mload_path[39m::[0mVector[90m{String}[39m, [90mconcrete_deps[39m::[0mVector[90m{Pair{Base.PkgId, UInt128}}[39m, [90msource[39m::[0mString[0m[1m)[22m
[90m    @[39m [90mBase[39m [90m./[39m[90m[4mloading.jl:2881[24m[39m
 [22] top-level scope
[90m    @[39m [90m[4mstdin:6[24m[39m
during initialization of module Connections
in expression starting at /home/pbachant/.julia/packages/DataDeps/Y2lje/src/DataDeps.jl:2
in expression starting at stdin:6
[91m[1mERROR: [22m[39mLoadError: Failed to precompile DataDeps [124859b0-ceae-595e-8997-d05f6a7a8dfe] to "/home/pbachant/.julia/compiled/v1.11/DataDeps/jl_yu4o8V".
Stacktrace:
  [1] [0m[1merror[22m[0m[1m([22m[90ms[39m::[0mString[0m[1m)[22m
[90m    @[39m [90mBase[39m [90m./[39m[90m[4merror.jl:35[24m[39m
  [2] [0m[1mcompilecache[22m[0m[1m([22m[90mpkg[39m::[0mBase.PkgId, [90mpath[39m::[0mString, [90minternal_stderr[39m::[0mIO, [90minternal_stdout[39m::[0mIO, [90mkeep_loaded_modules[39m::[0mBool; [90mflags[39m::[0mCmd, [90mcacheflags[39m::[0mBase.CacheFlags, [90mreasons[39m::[0mDict[90m{String, Int64}[39m, [90mloadable_exts[39m::[0mNothing[0m[1m)[22m
[90m    @[39m [90mBase[39m [90m./[39m[90m[4mloading.jl:3174[24m[39m
  [3] [0m[1m(::Base.var"#1110#1111"{Base.PkgId})[22m[0m[1m([22m[0m[1m)[22m
[90m    @[39m [90mBase[39m [90m./[39m[90m[4mloading.jl:2579[24m[39m
  [4] [0m[1mmkpidlock[22m[0m[1m([22m[90mf[39m::[0mBase.var"#1110#1111"[90m{Base.PkgId}[39m, [90mat[39m::[0mString, [90mpid[39m::[0mInt32; [90mkwopts[39m::[0m@Kwargs[90m{stale_age::Int64, wait::Bool}[39m[0m[1m)[22m
[90m    @[39m [35mFileWatching.Pidfile[39m [90m/clima/software/julia/julia-1.11.5/share/julia/stdlib/v1.11/FileWatching/src/[39m[90m[4mpidfile.jl:95[24m[39m
  [5] [0m[1m#mkpidlock#6[22m
[90m    @[39m [90m/clima/software/julia/julia-1.11.5/share/julia/stdlib/v1.11/FileWatching/src/[39m[90m[4mpidfile.jl:90[24m[39m[90m [inlined][39m
  [6] [0m[1mtrymkpidlock[22m[0m[1m([22m::[0mFunction, ::[0mVararg[90m{Any}[39m; [90mkwargs[39m::[0m@Kwargs[90m{stale_age::Int64}[39m[0m[1m)[22m
[90m    @[39m [35mFileWatching.Pidfile[39m [90m/clima/software/julia/julia-1.11.5/share/julia/stdlib/v1.11/FileWatching/src/[39m[90m[4mpidfile.jl:116[24m[39m
  [7] [0m[1m#invokelatest#2[22m
[90m    @[39m [90m./[39m[90m[4messentials.jl:1057[24m[39m[90m [inlined][39m
  [8] [0m[1minvokelatest[22m
[90m    @[39m [90m./[39m[90m[4messentials.jl:1052[24m[39m[90m [inlined][39m
  [9] [0m[1mmaybe_cachefile_lock[22m[0m[1m([22m[90mf[39m::[0mBase.var"#1110#1111"[90m{Base.PkgId}[39m, [90mpkg[39m::[0mBase.PkgId, [90msrcpath[39m::[0mString; [90mstale_age[39m::[0mInt64[0m[1m)[22m
[90m    @[39m [90mBase[39m [90m./[39m[90m[4mloading.jl:3698[24m[39m
 [10] [0m[1mmaybe_cachefile_lock[22m
[90m    @[39m [90m./[39m[90m[4mloading.jl:3695[24m[39m[90m [inlined][39m
 [11] [0m[1m_require[22m[0m[1m([22m[90mpkg[39m::[0mBase.PkgId, [90menv[39m::[0mString[0m[1m)[22m
[90m    @[39m [90mBase[39m [90m./[39m[90m[4mloading.jl:2565[24m[39m
 [12] [0m[1m__require_prelocked[22m[0m[1m([22m[90muuidkey[39m::[0mBase.PkgId, [90menv[39m::[0mString[0m[1m)[22m
[90m    @[39m [90mBase[39m [90m./[39m[90m[4mloading.jl:2388[24m[39m
 [13] [0m[1m#invoke_in_world#3[22m
[90m    @[39m [90m./[39m[90m[4messentials.jl:1089[24m[39m[90m [inlined][39m
 [14] [0m[1minvoke_in_world[22m
[90m    @[39m [90m./[39m[90m[4messentials.jl:1086[24m[39m[90m [inlined][39m
 [15] [0m[1m_require_prelocked[22m[0m[1m([22m[90muuidkey[39m::[0mBase.PkgId, [90menv[39m::[0mString[0m[1m)[22m
[90m    @[39m [90mBase[39m [90m./[39m[90m[4mloading.jl:2375[24m[39m
 [16] [0m[1mmacro expansion[22m
[90m    @[39m [90m./[39m[90m[4mloading.jl:2314[24m[39m[90m [inlined][39m
 [17] [0m[1mmacro expansion[22m
[90m    @[39m [90m./[39m[90m[4mlock.jl:273[24m[39m[90m [inlined][39m
 [18] [0m[1m__require[22m[0m[1m([22m[90minto[39m::[0mModule, [90mmod[39m::[0mSymbol[0m[1m)[22m
[90m    @[39m [90mBase[39m [90m./[39m[90m[4mloading.jl:2271[24m[39m
 [19] [0m[1m#invoke_in_world#3[22m
[90m    @[39m [90m./[39m[90m[4messentials.jl:1089[24m[39m[90m [inlined][39m
 [20] [0m[1minvoke_in_world[22m
[90m    @[39m [90m./[39m[90m[4messentials.jl:1086[24m[39m[90m [inlined][39m
 [21] [0m[1mrequire[22m[0m[1m([22m[90minto[39m::[0mModule, [90mmod[39m::[0mSymbol[0m[1m)[22m
[90m    @[39m [90mBase[39m [90m./[39m[90m[4mloading.jl:2260[24m[39m
 [22] [0m[1minclude[22m
[90m    @[39m [90m./[39m[90m[4mBase.jl:557[24m[39m[90m [inlined][39m
 [23] [0m[1minclude_package_for_output[22m[0m[1m([22m[90mpkg[39m::[0mBase.PkgId, [90minput[39m::[0mString, [90mdepot_path[39m::[0mVector[90m{String}[39m, [90mdl_load_path[39m::[0mVector[90m{String}[39m, [90mload_path[39m::[0mVector[90m{String}[39m, [90mconcrete_deps[39m::[0mVector[90m{Pair{Base.PkgId, UInt128}}[39m, [90msource[39m::[0mNothing[0m[1m)[22m
[90m    @[39m [90mBase[39m [90m./[39m[90m[4mloading.jl:2881[24m[39m
 [24] top-level scope
[90m    @[39m [90m[4mstdin:6[24m[39m
in expression starting at /home/pbachant/.julia/packages/ClimaOcean/5Dct7/src/ClimaOcean.jl:1
in expression starting at stdin:2026-01-13 17:43:57 - Resolving environment
[32m[1m  No Changes[22m[39m to `~/calkit/clima-perf/envs/2025-11-14/ClimaCoupler.jl/experiments/ClimaEarth/Project.toml`
[32m[1m  No Changes[22m[39m to `~/calkit/clima-perf/envs/2025-11-14/ClimaCoupler.jl/experiments/ClimaEarth/Manifest-v1.11.toml`
2026-01-13 17:44:12 - Adding MPI package
[32m[1m   Resolving[22m[39m package versions...
[32m[1m    Updating[22m[39m `~/calkit/clima-perf/envs/2025-11-14/ClimaCoupler.jl/experiments/ClimaEarth/Project.toml`
  [90m[da04e1cc] [39m[92m+ MPI v0.20.23[39m
[32m[1m  No Changes[22m[39m to `~/calkit/clima-perf/envs/2025-11-14/ClimaCoupler.jl/experiments/ClimaEarth/Manifest-v1.11.toml`
Precompiling project...
           âœ— DataDeps
           âœ— FileIO â†’ HTTPExt
           âœ— MeshArrays â†’ MeshArraysDataDepsExt
           âœ— ClimaOcean
  0 dependencies successfully precompiled in 23 seconds. 643 already precompiled.

The following 1 direct dependency failed to precompile:

ClimaOcean 

Failed to precompile ClimaOcean [0376089a-ecfe-4b0e-a64f-9c555d74d754] to "/home/pbachant/.julia/compiled/v1.11/ClimaOcean/jl_fZGVTH".
[33m[1mâ”Œ [22m[39m[33m[1mWarning: [22m[39mYou are using Julia v1.11 or later!"
[33m[1mâ”‚ [22m[39mOceananigans is currently tested on Julia v1.10."
[33m[1mâ”‚ [22m[39mIf you find issues with Julia v1.11 or later,"
[33m[1mâ”‚ [22m[39mplease report at https://github.com/CliMA/Oceananigans.jl/issues/new
[33m[1mâ”” [22m[39m[90m@ Oceananigans ~/.julia/packages/Oceananigans/A56vm/src/Oceananigans.jl:125[39m
[91m[1mERROR: [22m[39mLoadError: InitError: AssertionError: ret == 1
Stacktrace:
  [1] [0m[1mOpenSSL.SSLContext[22m[0m[1m([22m[90mssl_method[39m::[0mOpenSSL.SSLMethod, [90mverify_file[39m::[0mString[0m[1m)[22m
[90m    @[39m [35mOpenSSL[39m [90m~/.julia/packages/OpenSSL/fun1x/src/[39m[90m[4mssl.jl:165[24m[39m
  [2] [0m[1mSSLContext[22m
[90m    @[39m [90m~/.julia/packages/OpenSSL/fun1x/src/[39m[90m[4mssl.jl:145[24m[39m[90m [inlined][39m
  [3] [0m[1m__init__[22m[0m[1m([22m[0m[1m)[22m
[90m    @[39m [36mHTTP.Connections[39m [90m~/.julia/packages/HTTP/ShTJs/src/[39m[90m[4mConnections.jl:41[24m[39m
  [4] [0m[1mrun_module_init[22m[0m[1m([22m[90mmod[39m::[0mModule, [90mi[39m::[0mInt64[0m[1m)[22m
[90m    @[39m [90mBase[39m [90m./[39m[90m[4mloading.jl:1378[24m[39m
  [5] [0m[1mregister_restored_modules[22m[0m[1m([22m[90msv[39m::[0mCore.SimpleVector, [90mpkg[39m::[0mBase.PkgId, [90mpath[39m::[0mString[0m[1m)[22m
[90m    @[39m [90mBase[39m [90m./[39m[90m[4mloading.jl:1366[24m[39m
  [6] [0m[1m_include_from_serialized[22m[0m[1m([22m[90mpkg[39m::[0mBase.PkgId, [90mpath[39m::[0mString, [90mocachepath[39m::[0mString, [90mdepmods[39m::[0mVector[90m{Any}[39m, [90mignore_native[39m::[0mNothing; [90mregister[39m::[0mBool[0m[1m)[22m
[90m    @[39m [90mBase[39m [90m./[39m[90m[4mloading.jl:1254[24m[39m
  [7] [0m[1m_include_from_serialized[22m[90m (repeats 2 times)[39m
[90m    @[39m [90m./[39m[90m[4mloading.jl:1210[24m[39m[90m [inlined][39m
  [8] [0m[1m_require_search_from_serialized[22m[0m[1m([22m[90mpkg[39m::[0mBase.PkgId, [90msourcepath[39m::[0mString, [90mbuild_id[39m::[0mUInt128, [90mstalecheck[39m::[0mBool; [90mreasons[39m::[0mDict[90m{String, Int64}[39m, [90mDEPOT_PATH[39m::[0mVector[90m{String}[39m[0m[1m)[22m
[90m    @[39m [90mBase[39m [90m./[39m[90m[4mloading.jl:2057[24m[39m
  [9] [0m[1m_require[22m[0m[1m([22m[90mpkg[39m::[0mBase.PkgId, [90menv[39m::[0mString[0m[1m)[22m
[90m    @[39m [90mBase[39m [90m./[39m[90m[4mloading.jl:2527[24m[39m
 [10] [0m[1m__require_prelocked[22m[0m[1m([22m[90muuidkey[39m::[0mBase.PkgId, [90menv[39m::[0mString[0m[1m)[22m
[90m    @[39m [90mBase[39m [90m./[39m[90m[4mloading.jl:2388[24m[39m
 [11] [0m[1m#invoke_in_world#3[22m
[90m    @[39m [90m./[39m[90m[4messentials.jl:1089[24m[39m[90m [inlined][39m
 [12] [0m[1minvoke_in_world[22m
[90m    @[39m [90m./[39m[90m[4messentials.jl:1086[24m[39m[90m [inlined][39m
 [13] [0m[1m_require_prelocked[22m[0m[1m([22m[90muuidkey[39m::[0mBase.PkgId, [90menv[39m::[0mString[0m[1m)[22m
[90m    @[39m [90mBase[39m [90m./[39m[90m[4mloading.jl:2375[24m[39m
 [14] [0m[1mmacro expansion[22m
[90m    @[39m [90m./[39m[90m[4mloading.jl:2314[24m[39m[90m [inlined][39m
 [15] [0m[1mmacro expansion[22m
[90m    @[39m [90m./[39m[90m[4mlock.jl:273[24m[39m[90m [inlined][39m
 [16] [0m[1m__require[22m[0m[1m([22m[90minto[39m::[0mModule, [90mmod[39m::[0mSymbol[0m[1m)[22m
[90m    @[39m [90mBase[39m [90m./[39m[90m[4mloading.jl:2271[24m[39m
 [17] [0m[1m#invoke_in_world#3[22m
[90m    @[39m [90m./[39m[90m[4messentials.jl:1089[24m[39m[90m [inlined][39m
 [18] [0m[1minvoke_in_world[22m
[90m    @[39m [90m./[39m[90m[4messentials.jl:1086[24m[39m[90m [inlined][39m
 [19] [0m[1mrequire[22m[0m[1m([22m[90minto[39m::[0mModule, [90mmod[39m::[0mSymbol[0m[1m)[22m
[90m    @[39m [90mBase[39m [90m./[39m[90m[4mloading.jl:2260[24m[39m
 [20] [0m[1minclude[22m
[90m    @[39m [90m./[39m[90m[4mBase.jl:557[24m[39m[90m [inlined][39m
 [21] [0m[1minclude_package_for_output[22m[0m[1m([22m[90mpkg[39m::[0mBase.PkgId, [90minput[39m::[0mString, [90mdepot_path[39m::[0mVector[90m{String}[39m, [90mdl_load_path[39m::[0mVector[90m{String}[39m, [90mload_path[39m::[0mVector[90m{String}[39m, [90mconcrete_deps[39m::[0mVector[90m{Pair{Base.PkgId, UInt128}}[39m, [90msource[39m::[0mString[0m[1m)[22m
[90m    @[39m [90mBase[39m [90m./[39m[90m[4mloading.jl:2881[24m[39m
 [22] top-level scope
[90m    @[39m [90m[4mstdin:6[24m[39m
during initialization of module Connections
in expression starting at /home/pbachant/.julia/packages/DataDeps/Y2lje/src/DataDeps.jl:2
in expression starting at stdin:6
[91m[1mERROR: [22m[39mLoadError: Failed to precompile DataDeps [124859b0-ceae-595e-8997-d05f6a7a8dfe] to "/home/pbachant/.julia/compiled/v1.11/DataDeps/jl_i6xlwW".
Stacktrace:
  [1] [0m[1merror[22m[0m[1m([22m[90ms[39m::[0mString[0m[1m)[22m
[90m    @[39m [90mBase[39m [90m./[39m[90m[4merror.jl:35[24m[39m
  [2] [0m[1mcompilecache[22m[0m[1m([22m[90mpkg[39m::[0mBase.PkgId, [90mpath[39m::[0mString, [90minternal_stderr[39m::[0mIO, [90minternal_stdout[39m::[0mIO, [90mkeep_loaded_modules[39m::[0mBool; [90mflags[39m::[0mCmd, [90mcacheflags[39m::[0mBase.CacheFlags, [90mreasons[39m::[0mDict[90m{String, Int64}[39m, [90mloadable_exts[39m::[0mNothing[0m[1m)[22m
[90m    @[39m [90mBase[39m [90m./[39m[90m[4mloading.jl:3174[24m[39m
  [3] [0m[1m(::Base.var"#1110#1111"{Base.PkgId})[22m[0m[1m([22m[0m[1m)[22m
[90m    @[39m [90mBase[39m [90m./[39m[90m[4mloading.jl:2579[24m[39m
  [4] [0m[1mmkpidlock[22m[0m[1m([22m[90mf[39m::[0mBase.var"#1110#1111"[90m{Base.PkgId}[39m, [90mat[39m::[0mString, [90mpid[39m::[0mInt32; [90mkwopts[39m::[0m@Kwargs[90m{stale_age::Int64, wait::Bool}[39m[0m[1m)[22m
[90m    @[39m [35mFileWatching.Pidfile[39m [90m/clima/software/julia/julia-1.11.5/share/julia/stdlib/v1.11/FileWatching/src/[39m[90m[4mpidfile.jl:95[24m[39m
  [5] [0m[1m#mkpidlock#6[22m
[90m    @[39m [90m/clima/software/julia/julia-1.11.5/share/julia/stdlib/v1.11/FileWatching/src/[39m[90m[4mpidfile.jl:90[24m[39m[90m [inlined][39m
  [6] [0m[1mtrymkpidlock[22m[0m[1m([22m::[0mFunction, ::[0mVararg[90m{Any}[39m; [90mkwargs[39m::[0m@Kwargs[90m{stale_age::Int64}[39m[0m[1m)[22m
[90m    @[39m [35mFileWatching.Pidfile[39m [90m/clima/software/julia/julia-1.11.5/share/julia/stdlib/v1.11/FileWatching/src/[39m[90m[4mpidfile.jl:116[24m[39m
  [7] [0m[1m#invokelatest#2[22m
[90m    @[39m [90m./[39m[90m[4messentials.jl:1057[24m[39m[90m [inlined][39m
  [8] [0m[1minvokelatest[22m
[90m    @[39m [90m./[39m[90m[4messentials.jl:1052[24m[39m[90m [inlined][39m
  [9] [0m[1mmaybe_cachefile_lock[22m[0m[1m([22m[90mf[39m::[0mBase.var"#1110#1111"[90m{Base.PkgId}[39m, [90mpkg[39m::[0mBase.PkgId, [90msrcpath[39m::[0mString; [90mstale_age[39m::[0mInt64[0m[1m)[22m
[90m    @[39m [90mBase[39m [90m./[39m[90m[4mloading.jl:3698[24m[39m
 [10] [0m[1mmaybe_cachefile_lock[22m
[90m    @[39m [90m./[39m[90m[4mloading.jl:3695[24m[39m[90m [inlined][39m
 [11] [0m[1m_require[22m[0m[1m([22m[90mpkg[39m::[0mBase.PkgId, [90menv[39m::[0mString[0m[1m)[22m
[90m    @[39m [90mBase[39m [90m./[39m[90m[4mloading.jl:2565[24m[39m
 [12] [0m[1m__require_prelocked[22m[0m[1m([22m[90muuidkey[39m::[0mBase.PkgId, [90menv[39m::[0mString[0m[1m)[22m
[90m    @[39m [90mBase[39m [90m./[39m[90m[4mloading.jl:2388[24m[39m
 [13] [0m[1m#invoke_in_world#3[22m
[90m    @[39m [90m./[39m[90m[4messentials.jl:1089[24m[39m[90m [inlined][39m
 [14] [0m[1minvoke_in_world[22m
[90m    @[39m [90m./[39m[90m[4messentials.jl:1086[24m[39m[90m [inlined][39m
 [15] [0m[1m_require_prelocked[22m[0m[1m([22m[90muuidkey[39m::[0mBase.PkgId, [90menv[39m::[0mString[0m[1m)[22m
[90m    @[39m [90mBase[39m [90m./[39m[90m[4mloading.jl:2375[24m[39m
 [16] [0m[1mmacro expansion[22m
[90m    @[39m [90m./[39m[90m[4mloading.jl:2314[24m[39m[90m [inlined][39m
 [17] [0m[1mmacro expansion[22m
[90m    @[39m [90m./[39m[90m[4mlock.jl:273[24m[39m[90m [inlined][39m
 [18] [0m[1m__require[22m[0m[1m([22m[90minto[39m::[0mModule, [90mmod[39m::[0mSymbol[0m[1m)[22m
[90m    @[39m [90mBase[39m [90m./[39m[90m[4mloading.jl:2271[24m[39m
 [19] [0m[1m#invoke_in_world#3[22m
[90m    @[39m [90m./[39m[90m[4messentials.jl:1089[24m[39m[90m [inlined][39m
 [20] [0m[1minvoke_in_world[22m
[90m    @[39m [90m./[39m[90m[4messentials.jl:1086[24m[39m[90m [inlined][39m
 [21] [0m[1mrequire[22m[0m[1m([22m[90minto[39m::[0mModule, [90mmod[39m::[0mSymbol[0m[1m)[22m
[90m    @[39m [90mBase[39m [90m./[39m[90m[4mloading.jl:2260[24m[39m
 [22] [0m[1minclude[22m
[90m    @[39m [90m./[39m[90m[4mBase.jl:557[24m[39m[90m [inlined][39m
 [23] [0m[1minclude_package_for_output[22m[0m[1m([22m[90mpkg[39m::[0mBase.PkgId, [90minput[39m::[0mString, [90mdepot_path[39m::[0mVector[90m{String}[39m, [90mdl_load_path[39m::[0mVector[90m{String}[39m, [90mload_path[39m::[0mVector[90m{String}[39m, [90mconcrete_deps[39m::[0mVector[90m{Pair{Base.PkgId, UInt128}}[39m, [90msource[39m::[0mNothing[0m[1m)[22m
[90m    @[39m [90mBase[39m [90m./[39m[90m[4mloading.jl:2881[24m[39m
 [24] top-level scope
[90m    @[39m [90m[4mstdin:6[24m[39m
in expression starting at /home/pbachant/.julia/packages/ClimaOcean/5Dct7/src/ClimaOcean.jl:1
in expression starting at stdin:2026-01-13 17:45:00 - Precompiling packages
Precompiling project...
           âœ— DataDeps
           âœ— FileIO â†’ HTTPExt
           âœ— MeshArrays â†’ MeshArraysDataDepsExt
           âœ— ClimaOcean
  0 dependencies successfully precompiled in 22 seconds. 643 already precompiled.

[91m[1mERROR: [22m[39mThe following 1 direct dependency failed to precompile:

ClimaOcean 

Failed to precompile ClimaOcean [0376089a-ecfe-4b0e-a64f-9c555d74d754] to "/home/pbachant/.julia/compiled/v1.11/ClimaOcean/jl_LOOVa3".
[33m[1mâ”Œ [22m[39m[33m[1mWarning: [22m[39mYou are using Julia v1.11 or later!"
[33m[1mâ”‚ [22m[39mOceananigans is currently tested on Julia v1.10."
[33m[1mâ”‚ [22m[39mIf you find issues with Julia v1.11 or later,"
[33m[1mâ”‚ [22m[39mplease report at https://github.com/CliMA/Oceananigans.jl/issues/new
[33m[1mâ”” [22m[39m[90m@ Oceananigans ~/.julia/packages/Oceananigans/A56vm/src/Oceananigans.jl:125[39m
[91m[1mERROR: [22m[39mLoadError: InitError: AssertionError: ret == 1
Stacktrace:
  [1] [0m[1mOpenSSL.SSLContext[22m[0m[1m([22m[90mssl_method[39m::[0mOpenSSL.SSLMethod, [90mverify_file[39m::[0mString[0m[1m)[22m
[90m    @[39m [35mOpenSSL[39m [90m~/.julia/packages/OpenSSL/fun1x/src/[39m[90m[4mssl.jl:165[24m[39m
  [2] [0m[1mSSLContext[22m
[90m    @[39m [90m~/.julia/packages/OpenSSL/fun1x/src/[39m[90m[4mssl.jl:145[24m[39m[90m [inlined][39m
  [3] [0m[1m__init__[22m[0m[1m([22m[0m[1m)[22m
[90m    @[39m [36mHTTP.Connections[39m [90m~/.julia/packages/HTTP/ShTJs/src/[39m[90m[4mConnections.jl:41[24m[39m
  [4] [0m[1mrun_module_init[22m[0m[1m([22m[90mmod[39m::[0mModule, [90mi[39m::[0mInt64[0m[1m)[22m
[90m    @[39m [90mBase[39m [90m./[39m[90m[4mloading.jl:1378[24m[39m
  [5] [0m[1mregister_restored_modules[22m[0m[1m([22m[90msv[39m::[0mCore.SimpleVector, [90mpkg[39m::[0mBase.PkgId, [90mpath[39m::[0mString[0m[1m)[22m
[90m    @[39m [90mBase[39m [90m./[39m[90m[4mloading.jl:1366[24m[39m
  [6] [0m[1m_include_from_serialized[22m[0m[1m([22m[90mpkg[39m::[0mBase.PkgId, [90mpath[39m::[0mString, [90mocachepath[39m::[0mString, [90mdepmods[39m::[0mVector[90m{Any}[39m, [90mignore_native[39m::[0mNothing; [90mregister[39m::[0mBool[0m[1m)[22m
[90m    @[39m [90mBase[39m [90m./[39m[90m[4mloading.jl:1254[24m[39m
  [7] [0m[1m_include_from_serialized[22m[90m (repeats 2 times)[39m
[90m    @[39m [90m./[39m[90m[4mloading.jl:1210[24m[39m[90m [inlined][39m
  [8] [0m[1m_require_search_from_serialized[22m[0m[1m([22m[90mpkg[39m::[0mBase.PkgId, [90msourcepath[39m::[0mString, [90mbuild_id[39m::[0mUInt128, [90mstalecheck[39m::[0mBool; [90mreasons[39m::[0mDict[90m{String, Int64}[39m, [90mDEPOT_PATH[39m::[0mVector[90m{String}[39m[0m[1m)[22m
[90m    @[39m [90mBase[39m [90m./[39m[90m[4mloading.jl:2057[24m[39m
  [9] [0m[1m_require[22m[0m[1m([22m[90mpkg[39m::[0mBase.PkgId, [90menv[39m::[0mString[0m[1m)[22m
[90m    @[39m [90mBase[39m [90m./[39m[90m[4mloading.jl:2527[24m[39m
 [10] [0m[1m__require_prelocked[22m[0m[1m([22m[90muuidkey[39m::[0mBase.PkgId, [90menv[39m::[0mString[0m[1m)[22m
[90m    @[39m [90mBase[39m [90m./[39m[90m[4mloading.jl:2388[24m[39m
 [11] [0m[1m#invoke_in_world#3[22m
[90m    @[39m [90m./[39m[90m[4messentials.jl:1089[24m[39m[90m [inlined][39m
 [12] [0m[1minvoke_in_world[22m
[90m    @[39m [90m./[39m[90m[4messentials.jl:1086[24m[39m[90m [inlined][39m
 [13] [0m[1m_require_prelocked[22m[0m[1m([22m[90muuidkey[39m::[0mBase.PkgId, [90menv[39m::[0mString[0m[1m)[22m
[90m    @[39m [90mBase[39m [90m./[39m[90m[4mloading.jl:2375[24m[39m
 [14] [0m[1mmacro expansion[22m
[90m    @[39m [90m./[39m[90m[4mloading.jl:2314[24m[39m[90m [inlined][39m
 [15] [0m[1mmacro expansion[22m
[90m    @[39m [90m./[39m[90m[4mlock.jl:273[24m[39m[90m [inlined][39m
 [16] [0m[1m__require[22m[0m[1m([22m[90minto[39m::[0mModule, [90mmod[39m::[0mSymbol[0m[1m)[22m
[90m    @[39m [90mBase[39m [90m./[39m[90m[4mloading.jl:2271[24m[39m
 [17] [0m[1m#invoke_in_world#3[22m
[90m    @[39m [90m./[39m[90m[4messentials.jl:1089[24m[39m[90m [inlined][39m
 [18] [0m[1minvoke_in_world[22m
[90m    @[39m [90m./[39m[90m[4messentials.jl:1086[24m[39m[90m [inlined][39m
 [19] [0m[1mrequire[22m[0m[1m([22m[90minto[39m::[0mModule, [90mmod[39m::[0mSymbol[0m[1m)[22m
[90m    @[39m [90mBase[39m [90m./[39m[90m[4mloading.jl:2260[24m[39m
 [20] [0m[1minclude[22m
[90m    @[39m [90m./[39m[90m[4mBase.jl:557[24m[39m[90m [inlined][39m
 [21] [0m[1minclude_package_for_output[22m[0m[1m([22m[90mpkg[39m::[0mBase.PkgId, [90minput[39m::[0mString, [90mdepot_path[39m::[0mVector[90m{String}[39m, [90mdl_load_path[39m::[0mVector[90m{String}[39m, [90mload_path[39m::[0mVector[90m{String}[39m, [90mconcrete_deps[39m::[0mVector[90m{Pair{Base.PkgId, UInt128}}[39m, [90msource[39m::[0mString[0m[1m)[22m
[90m    @[39m [90mBase[39m [90m./[39m[90m[4mloading.jl:2881[24m[39m
 [22] top-level scope
[90m    @[39m [90m[4mstdin:6[24m[39m
during initialization of module Connections
in expression starting at /home/pbachant/.julia/packages/DataDeps/Y2lje/src/DataDeps.jl:2
in expression starting at stdin:6
[91m[1mERROR: [22m[39mLoadError: Failed to precompile DataDeps [124859b0-ceae-595e-8997-d05f6a7a8dfe] to "/home/pbachant/.julia/compiled/v1.11/DataDeps/jl_CxgmYg".
Stacktrace:
  [1] [0m[1merror[22m[0m[1m([22m[90ms[39m::[0mString[0m[1m)[22m
[90m    @[39m [90mBase[39m [90m./[39m[90m[4merror.jl:35[24m[39m
  [2] [0m[1mcompilecache[22m[0m[1m([22m[90mpkg[39m::[0mBase.PkgId, [90mpath[39m::[0mString, [90minternal_stderr[39m::[0mIO, [90minternal_stdout[39m::[0mIO, [90mkeep_loaded_modules[39m::[0mBool; [90mflags[39m::[0mCmd, [90mcacheflags[39m::[0mBase.CacheFlags, [90mreasons[39m::[0mDict[90m{String, Int64}[39m, [90mloadable_exts[39m::[0mNothing[0m[1m)[22m
[90m    @[39m [90mBase[39m [90m./[39m[90m[4mloading.jl:3174[24m[39m
  [3] [0m[1m(::Base.var"#1110#1111"{Base.PkgId})[22m[0m[1m([22m[0m[1m)[22m
[90m    @[39m [90mBase[39m [90m./[39m[90m[4mloading.jl:2579[24m[39m
  [4] [0m[1mmkpidlock[22m[0m[1m([22m[90mf[39m::[0mBase.var"#1110#1111"[90m{Base.PkgId}[39m, [90mat[39m::[0mString, [90mpid[39m::[0mInt32; [90mkwopts[39m::[0m@Kwargs[90m{stale_age::Int64, wait::Bool}[39m[0m[1m)[22m
[90m    @[39m [35mFileWatching.Pidfile[39m [90m/clima/software/julia/julia-1.11.5/share/julia/stdlib/v1.11/FileWatching/src/[39m[90m[4mpidfile.jl:95[24m[39m
  [5] [0m[1m#mkpidlock#6[22m
[90m    @[39m [90m/clima/software/julia/julia-1.11.5/share/julia/stdlib/v1.11/FileWatching/src/[39m[90m[4mpidfile.jl:90[24m[39m[90m [inlined][39m
  [6] [0m[1mtrymkpidlock[22m[0m[1m([22m::[0mFunction, ::[0mVararg[90m{Any}[39m; [90mkwargs[39m::[0m@Kwargs[90m{stale_age::Int64}[39m[0m[1m)[22m
[90m    @[39m [35mFileWatching.Pidfile[39m [90m/clima/software/julia/julia-1.11.5/share/julia/stdlib/v1.11/FileWatching/src/[39m[90m[4mpidfile.jl:116[24m[39m
  [7] [0m[1m#invokelatest#2[22m
[90m    @[39m [90m./[39m[90m[4messentials.jl:1057[24m[39m[90m [inlined][39m
  [8] [0m[1minvokelatest[22m
[90m    @[39m [90m./[39m[90m[4messentials.jl:1052[24m[39m[90m [inlined][39m
  [9] [0m[1mmaybe_cachefile_lock[22m[0m[1m([22m[90mf[39m::[0mBase.var"#1110#1111"[90m{Base.PkgId}[39m, [90mpkg[39m::[0mBase.PkgId, [90msrcpath[39m::[0mString; [90mstale_age[39m::[0mInt64[0m[1m)[22m
[90m    @[39m [90mBase[39m [90m./[39m[90m[4mloading.jl:3698[24m[39m
 [10] [0m[1mmaybe_cachefile_lock[22m
[90m    @[39m [90m./[39m[90m[4mloading.jl:3695[24m[39m[90m [inlined][39m
 [11] [0m[1m_require[22m[0m[1m([22m[90mpkg[39m::[0mBase.PkgId, [90menv[39m::[0mString[0m[1m)[22m
[90m    @[39m [90mBase[39m [90m./[39m[90m[4mloading.jl:2565[24m[39m
 [12] [0m[1m__require_prelocked[22m[0m[1m([22m[90muuidkey[39m::[0mBase.PkgId, [90menv[39m::[0mString[0m[1m)[22m
[90m    @[39m [90mBase[39m [90m./[39m[90m[4mloading.jl:2388[24m[39m
 [13] [0m[1m#invoke_in_world#3[22m
[90m    @[39m [90m./[39m[90m[4messentials.jl:1089[24m[39m[90m [inlined][39m
 [14] [0m[1minvoke_in_world[22m
[90m    @[39m [90m./[39m[90m[4messentials.jl:1086[24m[39m[90m [inlined][39m
 [15] [0m[1m_require_prelocked[22m[0m[1m([22m[90muuidkey[39m::[0mBase.PkgId, [90menv[39m::[0mString[0m[1m)[22m
[90m    @[39m [90mBase[39m [90m./[39m[90m[4mloading.jl:2375[24m[39m
 [16] [0m[1mmacro expansion[22m
[90m    @[39m [90m./[39m[90m[4mloading.jl:2314[24m[39m[90m [inlined][39m
 [17] [0m[1mmacro expansion[22m
[90m    @[39m [90m./[39m[90m[4mlock.jl:273[24m[39m[90m [inlined][39m
 [18] [0m[1m__require[22m[0m[1m([22m[90minto[39m::[0mModule, [90mmod[39m::[0mSymbol[0m[1m)[22m
[90m    @[39m [90mBase[39m [90m./[39m[90m[4mloading.jl:2271[24m[39m
 [19] [0m[1m#invoke_in_world#3[22m
[90m    @[39m [90m./[39m[90m[4messentials.jl:1089[24m[39m[90m [inlined][39m
 [20] [0m[1minvoke_in_world[22m
[90m    @[39m [90m./[39m[90m[4messentials.jl:1086[24m[39m[90m [inlined][39m
 [21] [0m[1mrequire[22m[0m[1m([22m[90minto[39m::[0mModule, [90mmod[39m::[0mSymbol[0m[1m)[22m
[90m    @[39m [90mBase[39m [90m./[39m[90m[4mloading.jl:2260[24m[39m
 [22] [0m[1minclude[22m
[90m    @[39m [90m./[39m[90m[4mBase.jl:557[24m[39m[90m [inlined][39m
 [23] [0m[1minclude_package_for_output[22m[0m[1m([22m[90mpkg[39m::[0mBase.PkgId, [90minput[39m::[0mString, [90mdepot_path[39m::[0mVector[90m{String}[39m, [90mdl_load_path[39m::[0mVector[90m{String}[39m, [90mload_path[39m::[0mVector[90m{String}[39m, [90mconcrete_deps[39m::[0mVector[90m{Pair{Base.PkgId, UInt128}}[39m, [90msource[39m::[0mNothing[0m[1m)[22m
[90m    @[39m [90mBase[39m [90m./[39m[90m[4mloading.jl:2881[24m[39m
 [24] top-level scope
[90m    @[39m [90m[4mstdin:6[24m[39m
in expression starting at /home/pbachant/.julia/packages/ClimaOcean/5Dct7/src/ClimaOcean.jl:1
in expression starting at stdin:
Traceback (most recent call last):
  File "/home/pbachant/calkit/clima-perf/scripts/run.py", line 219, in <module>
    main()
    ~~~~^^
  File "/home/pbachant/calkit/clima-perf/scripts/run.py", line 168, in main
    run_julia_command(env_dir, "using Pkg; Pkg.precompile();")
    ~~~~~~~~~~~~~~~~~^^^^^^^^^^^^^^^^^^^^^^^^^^^^^^^^^^^^^^^^^
  File "/home/pbachant/calkit/clima-perf/scripts/run.py", line 72, in run_julia_command
    subprocess.run(cmd, check=check)
    ~~~~~~~~~~~~~~^^^^^^^^^^^^^^^^^^
  File "/home/pbachant/.local/share/uv/python/cpython-3.14.2-linux-x86_64-gnu/lib/python3.14/subprocess.py", line 577, in run
    raise CalledProcessError(retcode, process.args,
                             output=stdout, stderr=stderr)
subprocess.CalledProcessError: Command '['julia', '--color=yes', '--project=envs/2025-11-14/ClimaCoupler.jl/experiments/ClimaEarth', '-e', 'using Pkg; Pkg.precompile();']' returned non-zero exit status 1.
Error: Failed to run in uv-venv
