Loading climacommon/2025_05_15
  Loading requirement: climaauth/2025_05_15 openmpi/4.1.5-mpitrampoline
    julia/1.11.5 cuda/julia-pref
Using Python 3.14.2 environment at: .calkit/venvs/main/.venv
2026-01-15 04:36:32 - Running benchmark for date: 2025-12-01
2026-01-15 04:36:32 - Git revs:
2026-01-15 04:36:32 -   ClimaCoupler.jl: cba618cdfab76289f55cf1f429acd40caac630bd
2026-01-15 04:36:32 -   ClimaAtmos.jl: b298354b6dfe9acc037d0d9027b26a7724edf4d6
2026-01-15 04:36:32 -   ClimaCore.jl: 68ca25483bf2bd2bdecf49b96a6349bb8071a72c
2026-01-15 04:36:32 -   ClimaTimesteppers.jl: 47a52f332cb8cc2898d90a1c5b2b760ae0b6fbab
2026-01-15 04:36:32 -   Thermodynamics.jl: 9577fb1da33e52743cf915a3c1b24d8aa98780a3
2026-01-15 04:36:32 -   RRTMGP.jl: 90eadd1744d321a9e3fc600ef613ac2e4c42209a
2026-01-15 04:36:32 - Copying ClimaCoupler at rev: cba618cdfab76289f55cf1f429acd40caac630bd
2026-01-15 04:36:32 - Instantiating ClimaEarth environment at: runs/amip/2025-12-01/ClimaCoupler.jl/experiments/ClimaEarth
Precompiling project...
           ✗ DataDeps
           ✗ FileIO → HTTPExt
  19106.6 ms  ✓ Thermodynamics
  18283.4 ms  ✓ Oceananigans → OceananigansNCDatasetsExt
  22777.9 ms  ✓ ClimaCore
   6504.8 ms  ✓ Thermodynamics → CreateParametersExt
  24668.5 ms  ✓ DiffEqBase → DiffEqBaseMPIExt
  11019.4 ms  ✓ SurfaceFluxes
   7367.8 ms  ✓ SurfaceFluxes → CreateParametersExt
  35487.4 ms  ✓ ClimaTimeSteppers
           ✗ MeshArrays → MeshArraysDataDepsExt
  25398.0 ms  ✓ ClimaCore → KrylovExt
  25633.8 ms  ✓ ClimaUtilities → ClimaUtilitiesClimaCoreExt
  20992.4 ms  ✓ CloudMicrophysics
  39190.5 ms  ✓ ClimaCalibrate → ClimaAnalysisExt
  22830.1 ms  ✓ ClimaUtilities → ClimaUtilitiesClimaCoreInterpolationsExt
  23839.7 ms  ✓ ClimaUtilities → ClimaUtilitiesClimaCoreNCDatasetsExt
  27908.3 ms  ✓ ClimaCoupler
  55478.3 ms  ✓ ClimaAnalysis → ClimaAnalysisGeoMakieExt
  28955.6 ms  ✓ ClimaDiagnostics
  57827.2 ms  ✓ ClimaAnalysis → ClimaAnalysisMakieExt
  58550.7 ms  ✓ Oceananigans → OceananigansMakieExt
  58293.8 ms  ✓ ClimaCoreMakie
  25645.9 ms  ✓ ClimaLand
  31236.9 ms  ✓ ClimaAtmos
  14135.2 ms  ✓ ClimaLand → FluxnetSimulationsExt
 129432.1 ms  ✓ CUDA
  53460.1 ms  ✓ ClimaLand → LandSimulationVisualizationExt
  59820.6 ms  ✓ Atomix → AtomixCUDAExt
  60818.5 ms  ✓ ArrayInterface → ArrayInterfaceCUDAExt
  61157.0 ms  ✓ LinearOperators → LinearOperatorsCUDAExt
  62985.1 ms  ✓ MultiBroadcastFusion → MultiBroadcastFusionCUDAExt
  62907.5 ms  ✓ RRTMGP → RRTMGPCUDAExt
  64228.7 ms  ✓ ClimaComms → ClimaCommsCUDAExt
  64033.2 ms  ✓ SparseMatrixColorings → SparseMatrixColoringsCUDAExt
  64395.5 ms  ✓ MPI → CUDAExt
  65893.4 ms  ✓ CUDA → EnzymeCoreExt
  64674.0 ms  ✓ DiffEqBase → DiffEqBaseCUDAExt
  67253.0 ms  ✓ CUDA → SpecialFunctionsExt
  65371.9 ms  ✓ KrylovPreconditioners → KrylovPreconditionersCUDAExt
  65441.8 ms  ✓ Oceananigans → OceananigansCUDAExt
  68200.6 ms  ✓ CUDA → ChainRulesCoreExt
  67961.2 ms  ✓ ClimaInterpolations → ClimaInterpolationsCUDAExt
  46692.2 ms  ✓ ClimaCore → ClimaCoreCUDAExt
  17215.9 ms  ✓ ClimaTimeSteppers → ClimaTimeSteppersBenchmarkToolsExt
           ✗ ClimaOcean
  42 dependencies successfully precompiled in 219 seconds. 601 already precompiled.
  19 dependencies had output during precompilation:
┌ ArrayInterface → ArrayInterfaceCUDAExt
│  ┌ Warning: CUDA runtime library `libcublasLt.so.13` was loaded from a system path, `/usr/local/cuda/lib64/libcublasLt.so.13`.
│  │ This may cause errors.
│  │ 
│  │ If you're running under a profiler, this situation is expected. Otherwise,
│  │ ensure that your library path environment variable (e.g., `PATH` on Windows
│  │ or `LD_LIBRARY_PATH` on Linux) does not include CUDA library paths.
│  │ 
│  │ In any other case, please file an issue.
│  └ @ CUDA ~/.julia/packages/CUDA/TPbi4/src/initialization.jl:218
│  ┌ Warning: CUDA runtime library `libnvJitLink.so.13` was loaded from a system path, `/usr/local/cuda/lib64/libnvJitLink.so.13`.
│  │ This may cause errors.
│  │ 
│  │ If you're running under a profiler, this situation is expected. Otherwise,
│  │ ensure that your library path environment variable (e.g., `PATH` on Windows
│  │ or `LD_LIBRARY_PATH` on Linux) does not include CUDA library paths.
│  │ 
│  │ In any other case, please file an issue.
│  └ @ CUDA ~/.julia/packages/CUDA/TPbi4/src/initialization.jl:218
│  ┌ Warning: CUDA runtime library `libcusparse.so.12` was loaded from a system path, `/usr/local/cuda/lib64/libcusparse.so.12`.
│  │ This may cause errors.
│  │ 
│  │ If you're running under a profiler, this situation is expected. Otherwise,
│  │ ensure that your library path environment variable (e.g., `PATH` on Windows
│  │ or `LD_LIBRARY_PATH` on Linux) does not include CUDA library paths.
│  │ 
│  │ In any other case, please file an issue.
│  └ @ CUDA ~/.julia/packages/CUDA/TPbi4/src/initialization.jl:218
└  
┌ LinearOperators → LinearOperatorsCUDAExt
│  ┌ Warning: CUDA runtime library `libcublasLt.so.13` was loaded from a system path, `/usr/local/cuda/lib64/libcublasLt.so.13`.
│  │ This may cause errors.
│  │ 
│  │ If you're running under a profiler, this situation is expected. Otherwise,
│  │ ensure that your library path environment variable (e.g., `PATH` on Windows
│  │ or `LD_LIBRARY_PATH` on Linux) does not include CUDA library paths.
│  │ 
│  │ In any other case, please file an issue.
│  └ @ CUDA ~/.julia/packages/CUDA/TPbi4/src/initialization.jl:218
│  ┌ Warning: CUDA runtime library `libnvJitLink.so.13` was loaded from a system path, `/usr/local/cuda/lib64/libnvJitLink.so.13`.
│  │ This may cause errors.
│  │ 
│  │ If you're running under a profiler, this situation is expected. Otherwise,
│  │ ensure that your library path environment variable (e.g., `PATH` on Windows
│  │ or `LD_LIBRARY_PATH` on Linux) does not include CUDA library paths.
│  │ 
│  │ In any other case, please file an issue.
│  └ @ CUDA ~/.julia/packages/CUDA/TPbi4/src/initialization.jl:218
│  ┌ Warning: CUDA runtime library `libcusparse.so.12` was loaded from a system path, `/usr/local/cuda/lib64/libcusparse.so.12`.
│  │ This may cause errors.
│  │ 
│  │ If you're running under a profiler, this situation is expected. Otherwise,
│  │ ensure that your library path environment variable (e.g., `PATH` on Windows
│  │ or `LD_LIBRARY_PATH` on Linux) does not include CUDA library paths.
│  │ 
│  │ In any other case, please file an issue.
│  └ @ CUDA ~/.julia/packages/CUDA/TPbi4/src/initialization.jl:218
└  
┌ Oceananigans → OceananigansMakieExt
│  ┌ Warning: You are using Julia v1.11 or later!"
│  │ Oceananigans is currently tested on Julia v1.10."
│  │ If you find issues with Julia v1.11 or later,"
│  │ please report at https://github.com/CliMA/Oceananigans.jl/issues/new
│  └ @ Oceananigans ~/.julia/packages/Oceananigans/A56vm/src/Oceananigans.jl:125
└  
┌ ClimaCore → ClimaCoreCUDAExt
│  ┌ Warning: CUDA runtime library `libcublasLt.so.13` was loaded from a system path, `/usr/local/cuda/lib64/libcublasLt.so.13`.
│  │ This may cause errors.
│  │ 
│  │ If you're running under a profiler, this situation is expected. Otherwise,
│  │ ensure that your library path environment variable (e.g., `PATH` on Windows
│  │ or `LD_LIBRARY_PATH` on Linux) does not include CUDA library paths.
│  │ 
│  │ In any other case, please file an issue.
│  └ @ CUDA ~/.julia/packages/CUDA/TPbi4/src/initialization.jl:218
│  ┌ Warning: CUDA runtime library `libnvJitLink.so.13` was loaded from a system path, `/usr/local/cuda/lib64/libnvJitLink.so.13`.
│  │ This may cause errors.
│  │ 
│  │ If you're running under a profiler, this situation is expected. Otherwise,
│  │ ensure that your library path environment variable (e.g., `PATH` on Windows
│  │ or `LD_LIBRARY_PATH` on Linux) does not include CUDA library paths.
│  │ 
│  │ In any other case, please file an issue.
│  └ @ CUDA ~/.julia/packages/CUDA/TPbi4/src/initialization.jl:218
│  ┌ Warning: CUDA runtime library `libcusparse.so.12` was loaded from a system path, `/usr/local/cuda/lib64/libcusparse.so.12`.
│  │ This may cause errors.
│  │ 
│  │ If you're running under a profiler, this situation is expected. Otherwise,
│  │ ensure that your library path environment variable (e.g., `PATH` on Windows
│  │ or `LD_LIBRARY_PATH` on Linux) does not include CUDA library paths.
│  │ 
│  │ In any other case, please file an issue.
│  └ @ CUDA ~/.julia/packages/CUDA/TPbi4/src/initialization.jl:218
└  
┌ ClimaInterpolations → ClimaInterpolationsCUDAExt
│  ┌ Warning: CUDA runtime library `libcublasLt.so.13` was loaded from a system path, `/usr/local/cuda/lib64/libcublasLt.so.13`.
│  │ This may cause errors.
│  │ 
│  │ If you're running under a profiler, this situation is expected. Otherwise,
│  │ ensure that your library path environment variable (e.g., `PATH` on Windows
│  │ or `LD_LIBRARY_PATH` on Linux) does not include CUDA library paths.
│  │ 
│  │ In any other case, please file an issue.
│  └ @ CUDA ~/.julia/packages/CUDA/TPbi4/src/initialization.jl:218
│  ┌ Warning: CUDA runtime library `libnvJitLink.so.13` was loaded from a system path, `/usr/local/cuda/lib64/libnvJitLink.so.13`.
│  │ This may cause errors.
│  │ 
│  │ If you're running under a profiler, this situation is expected. Otherwise,
│  │ ensure that your library path environment variable (e.g., `PATH` on Windows
│  │ or `LD_LIBRARY_PATH` on Linux) does not include CUDA library paths.
│  │ 
│  │ In any other case, please file an issue.
│  └ @ CUDA ~/.julia/packages/CUDA/TPbi4/src/initialization.jl:218
│  ┌ Warning: CUDA runtime library `libcusparse.so.12` was loaded from a system path, `/usr/local/cuda/lib64/libcusparse.so.12`.
│  │ This may cause errors.
│  │ 
│  │ If you're running under a profiler, this situation is expected. Otherwise,
│  │ ensure that your library path environment variable (e.g., `PATH` on Windows
│  │ or `LD_LIBRARY_PATH` on Linux) does not include CUDA library paths.
│  │ 
│  │ In any other case, please file an issue.
│  └ @ CUDA ~/.julia/packages/CUDA/TPbi4/src/initialization.jl:218
└  
┌ ClimaTimeSteppers → ClimaTimeSteppersBenchmarkToolsExt
│  ┌ Warning: CUDA runtime library `libcublasLt.so.13` was loaded from a system path, `/usr/local/cuda/lib64/libcublasLt.so.13`.
│  │ This may cause errors.
│  │ 
│  │ If you're running under a profiler, this situation is expected. Otherwise,
│  │ ensure that your library path environment variable (e.g., `PATH` on Windows
│  │ or `LD_LIBRARY_PATH` on Linux) does not include CUDA library paths.
│  │ 
│  │ In any other case, please file an issue.
│  └ @ CUDA ~/.julia/packages/CUDA/TPbi4/src/initialization.jl:218
│  ┌ Warning: CUDA runtime library `libnvJitLink.so.13` was loaded from a system path, `/usr/local/cuda/lib64/libnvJitLink.so.13`.
│  │ This may cause errors.
│  │ 
│  │ If you're running under a profiler, this situation is expected. Otherwise,
│  │ ensure that your library path environment variable (e.g., `PATH` on Windows
│  │ or `LD_LIBRARY_PATH` on Linux) does not include CUDA library paths.
│  │ 
│  │ In any other case, please file an issue.
│  └ @ CUDA ~/.julia/packages/CUDA/TPbi4/src/initialization.jl:218
│  ┌ Warning: CUDA runtime library `libcusparse.so.12` was loaded from a system path, `/usr/local/cuda/lib64/libcusparse.so.12`.
│  │ This may cause errors.
│  │ 
│  │ If you're running under a profiler, this situation is expected. Otherwise,
│  │ ensure that your library path environment variable (e.g., `PATH` on Windows
│  │ or `LD_LIBRARY_PATH` on Linux) does not include CUDA library paths.
│  │ 
│  │ In any other case, please file an issue.
│  └ @ CUDA ~/.julia/packages/CUDA/TPbi4/src/initialization.jl:218
└  
┌ Oceananigans → OceananigansNCDatasetsExt
│  ┌ Warning: You are using Julia v1.11 or later!"
│  │ Oceananigans is currently tested on Julia v1.10."
│  │ If you find issues with Julia v1.11 or later,"
│  │ please report at https://github.com/CliMA/Oceananigans.jl/issues/new
│  └ @ Oceananigans ~/.julia/packages/Oceananigans/A56vm/src/Oceananigans.jl:125
└  
┌ Atomix → AtomixCUDAExt
│  ┌ Warning: CUDA runtime library `libcublasLt.so.13` was loaded from a system path, `/usr/local/cuda/lib64/libcublasLt.so.13`.
│  │ This may cause errors.
│  │ 
│  │ If you're running under a profiler, this situation is expected. Otherwise,
│  │ ensure that your library path environment variable (e.g., `PATH` on Windows
│  │ or `LD_LIBRARY_PATH` on Linux) does not include CUDA library paths.
│  │ 
│  │ In any other case, please file an issue.
│  └ @ CUDA ~/.julia/packages/CUDA/TPbi4/src/initialization.jl:218
│  ┌ Warning: CUDA runtime library `libnvJitLink.so.13` was loaded from a system path, `/usr/local/cuda/lib64/libnvJitLink.so.13`.
│  │ This may cause errors.
│  │ 
│  │ If you're running under a profiler, this situation is expected. Otherwise,
│  │ ensure that your library path environment variable (e.g., `PATH` on Windows
│  │ or `LD_LIBRARY_PATH` on Linux) does not include CUDA library paths.
│  │ 
│  │ In any other case, please file an issue.
│  └ @ CUDA ~/.julia/packages/CUDA/TPbi4/src/initialization.jl:218
│  ┌ Warning: CUDA runtime library `libcusparse.so.12` was loaded from a system path, `/usr/local/cuda/lib64/libcusparse.so.12`.
│  │ This may cause errors.
│  │ 
│  │ If you're running under a profiler, this situation is expected. Otherwise,
│  │ ensure that your library path environment variable (e.g., `PATH` on Windows
│  │ or `LD_LIBRARY_PATH` on Linux) does not include CUDA library paths.
│  │ 
│  │ In any other case, please file an issue.
│  └ @ CUDA ~/.julia/packages/CUDA/TPbi4/src/initialization.jl:218
└  
┌ MultiBroadcastFusion → MultiBroadcastFusionCUDAExt
│  ┌ Warning: CUDA runtime library `libcublasLt.so.13` was loaded from a system path, `/usr/local/cuda/lib64/libcublasLt.so.13`.
│  │ This may cause errors.
│  │ 
│  │ If you're running under a profiler, this situation is expected. Otherwise,
│  │ ensure that your library path environment variable (e.g., `PATH` on Windows
│  │ or `LD_LIBRARY_PATH` on Linux) does not include CUDA library paths.
│  │ 
│  │ In any other case, please file an issue.
│  └ @ CUDA ~/.julia/packages/CUDA/TPbi4/src/initialization.jl:218
│  ┌ Warning: CUDA runtime library `libnvJitLink.so.13` was loaded from a system path, `/usr/local/cuda/lib64/libnvJitLink.so.13`.
│  │ This may cause errors.
│  │ 
│  │ If you're running under a profiler, this situation is expected. Otherwise,
│  │ ensure that your library path environment variable (e.g., `PATH` on Windows
│  │ or `LD_LIBRARY_PATH` on Linux) does not include CUDA library paths.
│  │ 
│  │ In any other case, please file an issue.
│  └ @ CUDA ~/.julia/packages/CUDA/TPbi4/src/initialization.jl:218
│  ┌ Warning: CUDA runtime library `libcusparse.so.12` was loaded from a system path, `/usr/local/cuda/lib64/libcusparse.so.12`.
│  │ This may cause errors.
│  │ 
│  │ If you're running under a profiler, this situation is expected. Otherwise,
│  │ ensure that your library path environment variable (e.g., `PATH` on Windows
│  │ or `LD_LIBRARY_PATH` on Linux) does not include CUDA library paths.
│  │ 
│  │ In any other case, please file an issue.
│  └ @ CUDA ~/.julia/packages/CUDA/TPbi4/src/initialization.jl:218
└  
┌ CUDA → ChainRulesCoreExt
│  ┌ Warning: CUDA runtime library `libcublasLt.so.13` was loaded from a system path, `/usr/local/cuda/lib64/libcublasLt.so.13`.
│  │ This may cause errors.
│  │ 
│  │ If you're running under a profiler, this situation is expected. Otherwise,
│  │ ensure that your library path environment variable (e.g., `PATH` on Windows
│  │ or `LD_LIBRARY_PATH` on Linux) does not include CUDA library paths.
│  │ 
│  │ In any other case, please file an issue.
│  └ @ CUDA ~/.julia/packages/CUDA/TPbi4/src/initialization.jl:218
│  ┌ Warning: CUDA runtime library `libnvJitLink.so.13` was loaded from a system path, `/usr/local/cuda/lib64/libnvJitLink.so.13`.
│  │ This may cause errors.
│  │ 
│  │ If you're running under a profiler, this situation is expected. Otherwise,
│  │ ensure that your library path environment variable (e.g., `PATH` on Windows
│  │ or `LD_LIBRARY_PATH` on Linux) does not include CUDA library paths.
│  │ 
│  │ In any other case, please file an issue.
│  └ @ CUDA ~/.julia/packages/CUDA/TPbi4/src/initialization.jl:218
│  ┌ Warning: CUDA runtime library `libcusparse.so.12` was loaded from a system path, `/usr/local/cuda/lib64/libcusparse.so.12`.
│  │ This may cause errors.
│  │ 
│  │ If you're running under a profiler, this situation is expected. Otherwise,
│  │ ensure that your library path environment variable (e.g., `PATH` on Windows
│  │ or `LD_LIBRARY_PATH` on Linux) does not include CUDA library paths.
│  │ 
│  │ In any other case, please file an issue.
│  └ @ CUDA ~/.julia/packages/CUDA/TPbi4/src/initialization.jl:218
└  
┌ CUDA → SpecialFunctionsExt
│  ┌ Warning: CUDA runtime library `libcublasLt.so.13` was loaded from a system path, `/usr/local/cuda/lib64/libcublasLt.so.13`.
│  │ This may cause errors.
│  │ 
│  │ If you're running under a profiler, this situation is expected. Otherwise,
│  │ ensure that your library path environment variable (e.g., `PATH` on Windows
│  │ or `LD_LIBRARY_PATH` on Linux) does not include CUDA library paths.
│  │ 
│  │ In any other case, please file an issue.
│  └ @ CUDA ~/.julia/packages/CUDA/TPbi4/src/initialization.jl:218
│  ┌ Warning: CUDA runtime library `libnvJitLink.so.13` was loaded from a system path, `/usr/local/cuda/lib64/libnvJitLink.so.13`.
│  │ This may cause errors.
│  │ 
│  │ If you're running under a profiler, this situation is expected. Otherwise,
│  │ ensure that your library path environment variable (e.g., `PATH` on Windows
│  │ or `LD_LIBRARY_PATH` on Linux) does not include CUDA library paths.
│  │ 
│  │ In any other case, please file an issue.
│  └ @ CUDA ~/.julia/packages/CUDA/TPbi4/src/initialization.jl:218
│  ┌ Warning: CUDA runtime library `libcusparse.so.12` was loaded from a system path, `/usr/local/cuda/lib64/libcusparse.so.12`.
│  │ This may cause errors.
│  │ 
│  │ If you're running under a profiler, this situation is expected. Otherwise,
│  │ ensure that your library path environment variable (e.g., `PATH` on Windows
│  │ or `LD_LIBRARY_PATH` on Linux) does not include CUDA library paths.
│  │ 
│  │ In any other case, please file an issue.
│  └ @ CUDA ~/.julia/packages/CUDA/TPbi4/src/initialization.jl:218
└  
┌ CUDA → EnzymeCoreExt
│  ┌ Warning: CUDA runtime library `libcublasLt.so.13` was loaded from a system path, `/usr/local/cuda/lib64/libcublasLt.so.13`.
│  │ This may cause errors.
│  │ 
│  │ If you're running under a profiler, this situation is expected. Otherwise,
│  │ ensure that your library path environment variable (e.g., `PATH` on Windows
│  │ or `LD_LIBRARY_PATH` on Linux) does not include CUDA library paths.
│  │ 
│  │ In any other case, please file an issue.
│  └ @ CUDA ~/.julia/packages/CUDA/TPbi4/src/initialization.jl:218
│  ┌ Warning: CUDA runtime library `libnvJitLink.so.13` was loaded from a system path, `/usr/local/cuda/lib64/libnvJitLink.so.13`.
│  │ This may cause errors.
│  │ 
│  │ If you're running under a profiler, this situation is expected. Otherwise,
│  │ ensure that your library path environment variable (e.g., `PATH` on Windows
│  │ or `LD_LIBRARY_PATH` on Linux) does not include CUDA library paths.
│  │ 
│  │ In any other case, please file an issue.
│  └ @ CUDA ~/.julia/packages/CUDA/TPbi4/src/initialization.jl:218
│  ┌ Warning: CUDA runtime library `libcusparse.so.12` was loaded from a system path, `/usr/local/cuda/lib64/libcusparse.so.12`.
│  │ This may cause errors.
│  │ 
│  │ If you're running under a profiler, this situation is expected. Otherwise,
│  │ ensure that your library path environment variable (e.g., `PATH` on Windows
│  │ or `LD_LIBRARY_PATH` on Linux) does not include CUDA library paths.
│  │ 
│  │ In any other case, please file an issue.
│  └ @ CUDA ~/.julia/packages/CUDA/TPbi4/src/initialization.jl:218
└  
┌ DiffEqBase → DiffEqBaseCUDAExt
│  ┌ Warning: CUDA runtime library `libcublasLt.so.13` was loaded from a system path, `/usr/local/cuda/lib64/libcublasLt.so.13`.
│  │ This may cause errors.
│  │ 
│  │ If you're running under a profiler, this situation is expected. Otherwise,
│  │ ensure that your library path environment variable (e.g., `PATH` on Windows
│  │ or `LD_LIBRARY_PATH` on Linux) does not include CUDA library paths.
│  │ 
│  │ In any other case, please file an issue.
│  └ @ CUDA ~/.julia/packages/CUDA/TPbi4/src/initialization.jl:218
│  ┌ Warning: CUDA runtime library `libnvJitLink.so.13` was loaded from a system path, `/usr/local/cuda/lib64/libnvJitLink.so.13`.
│  │ This may cause errors.
│  │ 
│  │ If you're running under a profiler, this situation is expected. Otherwise,
│  │ ensure that your library path environment variable (e.g., `PATH` on Windows
│  │ or `LD_LIBRARY_PATH` on Linux) does not include CUDA library paths.
│  │ 
│  │ In any other case, please file an issue.
│  └ @ CUDA ~/.julia/packages/CUDA/TPbi4/src/initialization.jl:218
│  ┌ Warning: CUDA runtime library `libcusparse.so.12` was loaded from a system path, `/usr/local/cuda/lib64/libcusparse.so.12`.
│  │ This may cause errors.
│  │ 
│  │ If you're running under a profiler, this situation is expected. Otherwise,
│  │ ensure that your library path environment variable (e.g., `PATH` on Windows
│  │ or `LD_LIBRARY_PATH` on Linux) does not include CUDA library paths.
│  │ 
│  │ In any other case, please file an issue.
│  └ @ CUDA ~/.julia/packages/CUDA/TPbi4/src/initialization.jl:218
└  
┌ KrylovPreconditioners → KrylovPreconditionersCUDAExt
│  ┌ Warning: CUDA runtime library `libcublasLt.so.13` was loaded from a system path, `/usr/local/cuda/lib64/libcublasLt.so.13`.
│  │ This may cause errors.
│  │ 
│  │ If you're running under a profiler, this situation is expected. Otherwise,
│  │ ensure that your library path environment variable (e.g., `PATH` on Windows
│  │ or `LD_LIBRARY_PATH` on Linux) does not include CUDA library paths.
│  │ 
│  │ In any other case, please file an issue.
│  └ @ CUDA ~/.julia/packages/CUDA/TPbi4/src/initialization.jl:218
│  ┌ Warning: CUDA runtime library `libnvJitLink.so.13` was loaded from a system path, `/usr/local/cuda/lib64/libnvJitLink.so.13`.
│  │ This may cause errors.
│  │ 
│  │ If you're running under a profiler, this situation is expected. Otherwise,
│  │ ensure that your library path environment variable (e.g., `PATH` on Windows
│  │ or `LD_LIBRARY_PATH` on Linux) does not include CUDA library paths.
│  │ 
│  │ In any other case, please file an issue.
│  └ @ CUDA ~/.julia/packages/CUDA/TPbi4/src/initialization.jl:218
│  ┌ Warning: CUDA runtime library `libcusparse.so.12` was loaded from a system path, `/usr/local/cuda/lib64/libcusparse.so.12`.
│  │ This may cause errors.
│  │ 
│  │ If you're running under a profiler, this situation is expected. Otherwise,
│  │ ensure that your library path environment variable (e.g., `PATH` on Windows
│  │ or `LD_LIBRARY_PATH` on Linux) does not include CUDA library paths.
│  │ 
│  │ In any other case, please file an issue.
│  └ @ CUDA ~/.julia/packages/CUDA/TPbi4/src/initialization.jl:218
└  
┌ ClimaComms → ClimaCommsCUDAExt
│  ┌ Warning: CUDA runtime library `libcublasLt.so.13` was loaded from a system path, `/usr/local/cuda/lib64/libcublasLt.so.13`.
│  │ This may cause errors.
│  │ 
│  │ If you're running under a profiler, this situation is expected. Otherwise,
│  │ ensure that your library path environment variable (e.g., `PATH` on Windows
│  │ or `LD_LIBRARY_PATH` on Linux) does not include CUDA library paths.
│  │ 
│  │ In any other case, please file an issue.
│  └ @ CUDA ~/.julia/packages/CUDA/TPbi4/src/initialization.jl:218
│  ┌ Warning: CUDA runtime library `libnvJitLink.so.13` was loaded from a system path, `/usr/local/cuda/lib64/libnvJitLink.so.13`.
│  │ This may cause errors.
│  │ 
│  │ If you're running under a profiler, this situation is expected. Otherwise,
│  │ ensure that your library path environment variable (e.g., `PATH` on Windows
│  │ or `LD_LIBRARY_PATH` on Linux) does not include CUDA library paths.
│  │ 
│  │ In any other case, please file an issue.
│  └ @ CUDA ~/.julia/packages/CUDA/TPbi4/src/initialization.jl:218
│  ┌ Warning: CUDA runtime library `libcusparse.so.12` was loaded from a system path, `/usr/local/cuda/lib64/libcusparse.so.12`.
│  │ This may cause errors.
│  │ 
│  │ If you're running under a profiler, this situation is expected. Otherwise,
│  │ ensure that your library path environment variable (e.g., `PATH` on Windows
│  │ or `LD_LIBRARY_PATH` on Linux) does not include CUDA library paths.
│  │ 
│  │ In any other case, please file an issue.
│  └ @ CUDA ~/.julia/packages/CUDA/TPbi4/src/initialization.jl:218
└  
┌ RRTMGP → RRTMGPCUDAExt
│  ┌ Warning: CUDA runtime library `libcublasLt.so.13` was loaded from a system path, `/usr/local/cuda/lib64/libcublasLt.so.13`.
│  │ This may cause errors.
│  │ 
│  │ If you're running under a profiler, this situation is expected. Otherwise,
│  │ ensure that your library path environment variable (e.g., `PATH` on Windows
│  │ or `LD_LIBRARY_PATH` on Linux) does not include CUDA library paths.
│  │ 
│  │ In any other case, please file an issue.
│  └ @ CUDA ~/.julia/packages/CUDA/TPbi4/src/initialization.jl:218
│  ┌ Warning: CUDA runtime library `libnvJitLink.so.13` was loaded from a system path, `/usr/local/cuda/lib64/libnvJitLink.so.13`.
│  │ This may cause errors.
│  │ 
│  │ If you're running under a profiler, this situation is expected. Otherwise,
│  │ ensure that your library path environment variable (e.g., `PATH` on Windows
│  │ or `LD_LIBRARY_PATH` on Linux) does not include CUDA library paths.
│  │ 
│  │ In any other case, please file an issue.
│  └ @ CUDA ~/.julia/packages/CUDA/TPbi4/src/initialization.jl:218
│  ┌ Warning: CUDA runtime library `libcusparse.so.12` was loaded from a system path, `/usr/local/cuda/lib64/libcusparse.so.12`.
│  │ This may cause errors.
│  │ 
│  │ If you're running under a profiler, this situation is expected. Otherwise,
│  │ ensure that your library path environment variable (e.g., `PATH` on Windows
│  │ or `LD_LIBRARY_PATH` on Linux) does not include CUDA library paths.
│  │ 
│  │ In any other case, please file an issue.
│  └ @ CUDA ~/.julia/packages/CUDA/TPbi4/src/initialization.jl:218
└  
┌ MPI → CUDAExt
│  ┌ Warning: CUDA runtime library `libcublasLt.so.13` was loaded from a system path, `/usr/local/cuda/lib64/libcublasLt.so.13`.
│  │ This may cause errors.
│  │ 
│  │ If you're running under a profiler, this situation is expected. Otherwise,
│  │ ensure that your library path environment variable (e.g., `PATH` on Windows
│  │ or `LD_LIBRARY_PATH` on Linux) does not include CUDA library paths.
│  │ 
│  │ In any other case, please file an issue.
│  └ @ CUDA ~/.julia/packages/CUDA/TPbi4/src/initialization.jl:218
│  ┌ Warning: CUDA runtime library `libnvJitLink.so.13` was loaded from a system path, `/usr/local/cuda/lib64/libnvJitLink.so.13`.
│  │ This may cause errors.
│  │ 
│  │ If you're running under a profiler, this situation is expected. Otherwise,
│  │ ensure that your library path environment variable (e.g., `PATH` on Windows
│  │ or `LD_LIBRARY_PATH` on Linux) does not include CUDA library paths.
│  │ 
│  │ In any other case, please file an issue.
│  └ @ CUDA ~/.julia/packages/CUDA/TPbi4/src/initialization.jl:218
│  ┌ Warning: CUDA runtime library `libcusparse.so.12` was loaded from a system path, `/usr/local/cuda/lib64/libcusparse.so.12`.
│  │ This may cause errors.
│  │ 
│  │ If you're running under a profiler, this situation is expected. Otherwise,
│  │ ensure that your library path environment variable (e.g., `PATH` on Windows
│  │ or `LD_LIBRARY_PATH` on Linux) does not include CUDA library paths.
│  │ 
│  │ In any other case, please file an issue.
│  └ @ CUDA ~/.julia/packages/CUDA/TPbi4/src/initialization.jl:218
└  
┌ SparseMatrixColorings → SparseMatrixColoringsCUDAExt
│  ┌ Warning: CUDA runtime library `libcublasLt.so.13` was loaded from a system path, `/usr/local/cuda/lib64/libcublasLt.so.13`.
│  │ This may cause errors.
│  │ 
│  │ If you're running under a profiler, this situation is expected. Otherwise,
│  │ ensure that your library path environment variable (e.g., `PATH` on Windows
│  │ or `LD_LIBRARY_PATH` on Linux) does not include CUDA library paths.
│  │ 
│  │ In any other case, please file an issue.
│  └ @ CUDA ~/.julia/packages/CUDA/TPbi4/src/initialization.jl:218
│  ┌ Warning: CUDA runtime library `libnvJitLink.so.13` was loaded from a system path, `/usr/local/cuda/lib64/libnvJitLink.so.13`.
│  │ This may cause errors.
│  │ 
│  │ If you're running under a profiler, this situation is expected. Otherwise,
│  │ ensure that your library path environment variable (e.g., `PATH` on Windows
│  │ or `LD_LIBRARY_PATH` on Linux) does not include CUDA library paths.
│  │ 
│  │ In any other case, please file an issue.
│  └ @ CUDA ~/.julia/packages/CUDA/TPbi4/src/initialization.jl:218
│  ┌ Warning: CUDA runtime library `libcusparse.so.12` was loaded from a system path, `/usr/local/cuda/lib64/libcusparse.so.12`.
│  │ This may cause errors.
│  │ 
│  │ If you're running under a profiler, this situation is expected. Otherwise,
│  │ ensure that your library path environment variable (e.g., `PATH` on Windows
│  │ or `LD_LIBRARY_PATH` on Linux) does not include CUDA library paths.
│  │ 
│  │ In any other case, please file an issue.
│  └ @ CUDA ~/.julia/packages/CUDA/TPbi4/src/initialization.jl:218
└  
┌ Oceananigans → OceananigansCUDAExt
│  ┌ Warning: You are using Julia v1.11 or later!"
│  │ Oceananigans is currently tested on Julia v1.10."
│  │ If you find issues with Julia v1.11 or later,"
│  │ please report at https://github.com/CliMA/Oceananigans.jl/issues/new
│  └ @ Oceananigans ~/.julia/packages/Oceananigans/A56vm/src/Oceananigans.jl:125
│  ┌ Warning: CUDA runtime library `libcublasLt.so.13` was loaded from a system path, `/usr/local/cuda/lib64/libcublasLt.so.13`.
│  │ This may cause errors.
│  │ 
│  │ If you're running under a profiler, this situation is expected. Otherwise,
│  │ ensure that your library path environment variable (e.g., `PATH` on Windows
│  │ or `LD_LIBRARY_PATH` on Linux) does not include CUDA library paths.
│  │ 
│  │ In any other case, please file an issue.
│  └ @ CUDA ~/.julia/packages/CUDA/TPbi4/src/initialization.jl:218
│  ┌ Warning: CUDA runtime library `libnvJitLink.so.13` was loaded from a system path, `/usr/local/cuda/lib64/libnvJitLink.so.13`.
│  │ This may cause errors.
│  │ 
│  │ If you're running under a profiler, this situation is expected. Otherwise,
│  │ ensure that your library path environment variable (e.g., `PATH` on Windows
│  │ or `LD_LIBRARY_PATH` on Linux) does not include CUDA library paths.
│  │ 
│  │ In any other case, please file an issue.
│  └ @ CUDA ~/.julia/packages/CUDA/TPbi4/src/initialization.jl:218
│  ┌ Warning: CUDA runtime library `libcusparse.so.12` was loaded from a system path, `/usr/local/cuda/lib64/libcusparse.so.12`.
│  │ This may cause errors.
│  │ 
│  │ If you're running under a profiler, this situation is expected. Otherwise,
│  │ ensure that your library path environment variable (e.g., `PATH` on Windows
│  │ or `LD_LIBRARY_PATH` on Linux) does not include CUDA library paths.
│  │ 
│  │ In any other case, please file an issue.
│  └ @ CUDA ~/.julia/packages/CUDA/TPbi4/src/initialization.jl:218
└  

The following 1 direct dependency failed to precompile:

ClimaOcean 

Failed to precompile ClimaOcean [0376089a-ecfe-4b0e-a64f-9c555d74d754] to "/home/pbachant/.julia/compiled/v1.11/ClimaOcean/jl_3SNfd4".
┌ Warning: You are using Julia v1.11 or later!"
│ Oceananigans is currently tested on Julia v1.10."
│ If you find issues with Julia v1.11 or later,"
│ please report at https://github.com/CliMA/Oceananigans.jl/issues/new
└ @ Oceananigans ~/.julia/packages/Oceananigans/A56vm/src/Oceananigans.jl:125
ERROR: LoadError: InitError: AssertionError: ret == 1
Stacktrace:
  [1] OpenSSL.SSLContext(ssl_method::OpenSSL.SSLMethod, verify_file::String)
    @ OpenSSL ~/.julia/packages/OpenSSL/fun1x/src/ssl.jl:165
  [2] SSLContext
    @ ~/.julia/packages/OpenSSL/fun1x/src/ssl.jl:145 [inlined]
  [3] __init__()
    @ HTTP.Connections ~/.julia/packages/HTTP/ShTJs/src/Connections.jl:41
  [4] run_module_init(mod::Module, i::Int64)
    @ Base ./loading.jl:1378
  [5] register_restored_modules(sv::Core.SimpleVector, pkg::Base.PkgId, path::String)
    @ Base ./loading.jl:1366
  [6] _include_from_serialized(pkg::Base.PkgId, path::String, ocachepath::String, depmods::Vector{Any}, ignore_native::Nothing; register::Bool)
    @ Base ./loading.jl:1254
  [7] _include_from_serialized (repeats 2 times)
    @ ./loading.jl:1210 [inlined]
  [8] _require_search_from_serialized(pkg::Base.PkgId, sourcepath::String, build_id::UInt128, stalecheck::Bool; reasons::Dict{String, Int64}, DEPOT_PATH::Vector{String})
    @ Base ./loading.jl:2057
  [9] _require(pkg::Base.PkgId, env::String)
    @ Base ./loading.jl:2527
 [10] __require_prelocked(uuidkey::Base.PkgId, env::String)
    @ Base ./loading.jl:2388
 [11] #invoke_in_world#3
    @ ./essentials.jl:1089 [inlined]
 [12] invoke_in_world
    @ ./essentials.jl:1086 [inlined]
 [13] _require_prelocked(uuidkey::Base.PkgId, env::String)
    @ Base ./loading.jl:2375
 [14] macro expansion
    @ ./loading.jl:2314 [inlined]
 [15] macro expansion
    @ ./lock.jl:273 [inlined]
 [16] __require(into::Module, mod::Symbol)
    @ Base ./loading.jl:2271
 [17] #invoke_in_world#3
    @ ./essentials.jl:1089 [inlined]
 [18] invoke_in_world
    @ ./essentials.jl:1086 [inlined]
 [19] require(into::Module, mod::Symbol)
    @ Base ./loading.jl:2260
 [20] include
    @ ./Base.jl:557 [inlined]
 [21] include_package_for_output(pkg::Base.PkgId, input::String, depot_path::Vector{String}, dl_load_path::Vector{String}, load_path::Vector{String}, concrete_deps::Vector{Pair{Base.PkgId, UInt128}}, source::String)
    @ Base ./loading.jl:2881
 [22] top-level scope
    @ stdin:6
during initialization of module Connections
in expression starting at /home/pbachant/.julia/packages/DataDeps/Y2lje/src/DataDeps.jl:2
in expression starting at stdin:6
ERROR: LoadError: Failed to precompile DataDeps [124859b0-ceae-595e-8997-d05f6a7a8dfe] to "/home/pbachant/.julia/compiled/v1.11/DataDeps/jl_4poX6N".
Stacktrace:
  [1] error(s::String)
    @ Base ./error.jl:35
  [2] compilecache(pkg::Base.PkgId, path::String, internal_stderr::IO, internal_stdout::IO, keep_loaded_modules::Bool; flags::Cmd, cacheflags::Base.CacheFlags, reasons::Dict{String, Int64}, loadable_exts::Nothing)
    @ Base ./loading.jl:3174
  [3] (::Base.var"#1110#1111"{Base.PkgId})()
    @ Base ./loading.jl:2579
  [4] mkpidlock(f::Base.var"#1110#1111"{Base.PkgId}, at::String, pid::Int32; kwopts::@Kwargs{stale_age::Int64, wait::Bool})
    @ FileWatching.Pidfile /clima/software/julia/julia-1.11.5/share/julia/stdlib/v1.11/FileWatching/src/pidfile.jl:95
  [5] #mkpidlock#6
    @ /clima/software/julia/julia-1.11.5/share/julia/stdlib/v1.11/FileWatching/src/pidfile.jl:90 [inlined]
  [6] trymkpidlock(::Function, ::Vararg{Any}; kwargs::@Kwargs{stale_age::Int64})
    @ FileWatching.Pidfile /clima/software/julia/julia-1.11.5/share/julia/stdlib/v1.11/FileWatching/src/pidfile.jl:116
  [7] #invokelatest#2
    @ ./essentials.jl:1057 [inlined]
  [8] invokelatest
    @ ./essentials.jl:1052 [inlined]
  [9] maybe_cachefile_lock(f::Base.var"#1110#1111"{Base.PkgId}, pkg::Base.PkgId, srcpath::String; stale_age::Int64)
    @ Base ./loading.jl:3698
 [10] maybe_cachefile_lock
    @ ./loading.jl:3695 [inlined]
 [11] _require(pkg::Base.PkgId, env::String)
    @ Base ./loading.jl:2565
 [12] __require_prelocked(uuidkey::Base.PkgId, env::String)
    @ Base ./loading.jl:2388
 [13] #invoke_in_world#3
    @ ./essentials.jl:1089 [inlined]
 [14] invoke_in_world
    @ ./essentials.jl:1086 [inlined]
 [15] _require_prelocked(uuidkey::Base.PkgId, env::String)
    @ Base ./loading.jl:2375
 [16] macro expansion
    @ ./loading.jl:2314 [inlined]
 [17] macro expansion
    @ ./lock.jl:273 [inlined]
 [18] __require(into::Module, mod::Symbol)
    @ Base ./loading.jl:2271
 [19] #invoke_in_world#3
    @ ./essentials.jl:1089 [inlined]
 [20] invoke_in_world
    @ ./essentials.jl:1086 [inlined]
 [21] require(into::Module, mod::Symbol)
    @ Base ./loading.jl:2260
 [22] include
    @ ./Base.jl:557 [inlined]
 [23] include_package_for_output(pkg::Base.PkgId, input::String, depot_path::Vector{String}, dl_load_path::Vector{String}, load_path::Vector{String}, concrete_deps::Vector{Pair{Base.PkgId, UInt128}}, source::Nothing)
    @ Base ./loading.jl:2881
 [24] top-level scope
    @ stdin:6
in expression starting at /home/pbachant/.julia/packages/ClimaOcean/5Dct7/src/ClimaOcean.jl:1
in expression starting at stdin:2026-01-15 04:40:23 - Adding package: ClimaAtmos.jl at rev: b298354b6dfe9acc037d0d9027b26a7724edf4d6
   Resolving package versions...
    Updating `~/calkit/clima-perf/runs/amip/2025-12-01/ClimaCoupler.jl/experiments/ClimaEarth/Project.toml`
  [b2c96348] ~ ClimaAtmos v0.31.9 ⇒ v0.31.9 `https://github.com/CliMA/ClimaAtmos.jl#b298354`
    Updating `~/calkit/clima-perf/runs/amip/2025-12-01/ClimaCoupler.jl/experiments/ClimaEarth/Manifest-v1.11.toml`
  [b2c96348] ~ ClimaAtmos v0.31.9 ⇒ v0.31.9 `https://github.com/CliMA/ClimaAtmos.jl#b298354`
Precompiling project...
           ✗ DataDeps
           ✗ FileIO → HTTPExt
           ✗ MeshArrays → MeshArraysDataDepsExt
           ✗ ClimaOcean
  18714.6 ms  ✓ ClimaAtmos
  1 dependency successfully precompiled in 29 seconds. 642 already precompiled.

The following 1 direct dependency failed to precompile:

ClimaOcean 

Failed to precompile ClimaOcean [0376089a-ecfe-4b0e-a64f-9c555d74d754] to "/home/pbachant/.julia/compiled/v1.11/ClimaOcean/jl_4ppEm4".
┌ Warning: You are using Julia v1.11 or later!"
│ Oceananigans is currently tested on Julia v1.10."
│ If you find issues with Julia v1.11 or later,"
│ please report at https://github.com/CliMA/Oceananigans.jl/issues/new
└ @ Oceananigans ~/.julia/packages/Oceananigans/A56vm/src/Oceananigans.jl:125
ERROR: LoadError: InitError: AssertionError: ret == 1
Stacktrace:
  [1] OpenSSL.SSLContext(ssl_method::OpenSSL.SSLMethod, verify_file::String)
    @ OpenSSL ~/.julia/packages/OpenSSL/fun1x/src/ssl.jl:165
  [2] SSLContext
    @ ~/.julia/packages/OpenSSL/fun1x/src/ssl.jl:145 [inlined]
  [3] __init__()
    @ HTTP.Connections ~/.julia/packages/HTTP/ShTJs/src/Connections.jl:41
  [4] run_module_init(mod::Module, i::Int64)
    @ Base ./loading.jl:1378
  [5] register_restored_modules(sv::Core.SimpleVector, pkg::Base.PkgId, path::String)
    @ Base ./loading.jl:1366
  [6] _include_from_serialized(pkg::Base.PkgId, path::String, ocachepath::String, depmods::Vector{Any}, ignore_native::Nothing; register::Bool)
    @ Base ./loading.jl:1254
  [7] _include_from_serialized (repeats 2 times)
    @ ./loading.jl:1210 [inlined]
  [8] _require_search_from_serialized(pkg::Base.PkgId, sourcepath::String, build_id::UInt128, stalecheck::Bool; reasons::Dict{String, Int64}, DEPOT_PATH::Vector{String})
    @ Base ./loading.jl:2057
  [9] _require(pkg::Base.PkgId, env::String)
    @ Base ./loading.jl:2527
 [10] __require_prelocked(uuidkey::Base.PkgId, env::String)
    @ Base ./loading.jl:2388
 [11] #invoke_in_world#3
    @ ./essentials.jl:1089 [inlined]
 [12] invoke_in_world
    @ ./essentials.jl:1086 [inlined]
 [13] _require_prelocked(uuidkey::Base.PkgId, env::String)
    @ Base ./loading.jl:2375
 [14] macro expansion
    @ ./loading.jl:2314 [inlined]
 [15] macro expansion
    @ ./lock.jl:273 [inlined]
 [16] __require(into::Module, mod::Symbol)
    @ Base ./loading.jl:2271
 [17] #invoke_in_world#3
    @ ./essentials.jl:1089 [inlined]
 [18] invoke_in_world
    @ ./essentials.jl:1086 [inlined]
 [19] require(into::Module, mod::Symbol)
    @ Base ./loading.jl:2260
 [20] include
    @ ./Base.jl:557 [inlined]
 [21] include_package_for_output(pkg::Base.PkgId, input::String, depot_path::Vector{String}, dl_load_path::Vector{String}, load_path::Vector{String}, concrete_deps::Vector{Pair{Base.PkgId, UInt128}}, source::String)
    @ Base ./loading.jl:2881
 [22] top-level scope
    @ stdin:6
during initialization of module Connections
in expression starting at /home/pbachant/.julia/packages/DataDeps/Y2lje/src/DataDeps.jl:2
in expression starting at stdin:6
ERROR: LoadError: Failed to precompile DataDeps [124859b0-ceae-595e-8997-d05f6a7a8dfe] to "/home/pbachant/.julia/compiled/v1.11/DataDeps/jl_9qrrsT".
Stacktrace:
  [1] error(s::String)
    @ Base ./error.jl:35
  [2] compilecache(pkg::Base.PkgId, path::String, internal_stderr::IO, internal_stdout::IO, keep_loaded_modules::Bool; flags::Cmd, cacheflags::Base.CacheFlags, reasons::Dict{String, Int64}, loadable_exts::Nothing)
    @ Base ./loading.jl:3174
  [3] (::Base.var"#1110#1111"{Base.PkgId})()
    @ Base ./loading.jl:2579
  [4] mkpidlock(f::Base.var"#1110#1111"{Base.PkgId}, at::String, pid::Int32; kwopts::@Kwargs{stale_age::Int64, wait::Bool})
    @ FileWatching.Pidfile /clima/software/julia/julia-1.11.5/share/julia/stdlib/v1.11/FileWatching/src/pidfile.jl:95
  [5] #mkpidlock#6
    @ /clima/software/julia/julia-1.11.5/share/julia/stdlib/v1.11/FileWatching/src/pidfile.jl:90 [inlined]
  [6] trymkpidlock(::Function, ::Vararg{Any}; kwargs::@Kwargs{stale_age::Int64})
    @ FileWatching.Pidfile /clima/software/julia/julia-1.11.5/share/julia/stdlib/v1.11/FileWatching/src/pidfile.jl:116
  [7] #invokelatest#2
    @ ./essentials.jl:1057 [inlined]
  [8] invokelatest
    @ ./essentials.jl:1052 [inlined]
  [9] maybe_cachefile_lock(f::Base.var"#1110#1111"{Base.PkgId}, pkg::Base.PkgId, srcpath::String; stale_age::Int64)
    @ Base ./loading.jl:3698
 [10] maybe_cachefile_lock
    @ ./loading.jl:3695 [inlined]
 [11] _require(pkg::Base.PkgId, env::String)
    @ Base ./loading.jl:2565
 [12] __require_prelocked(uuidkey::Base.PkgId, env::String)
    @ Base ./loading.jl:2388
 [13] #invoke_in_world#3
    @ ./essentials.jl:1089 [inlined]
 [14] invoke_in_world
    @ ./essentials.jl:1086 [inlined]
 [15] _require_prelocked(uuidkey::Base.PkgId, env::String)
    @ Base ./loading.jl:2375
 [16] macro expansion
    @ ./loading.jl:2314 [inlined]
 [17] macro expansion
    @ ./lock.jl:273 [inlined]
 [18] __require(into::Module, mod::Symbol)
    @ Base ./loading.jl:2271
 [19] #invoke_in_world#3
    @ ./essentials.jl:1089 [inlined]
 [20] invoke_in_world
    @ ./essentials.jl:1086 [inlined]
 [21] require(into::Module, mod::Symbol)
    @ Base ./loading.jl:2260
 [22] include
    @ ./Base.jl:557 [inlined]
 [23] include_package_for_output(pkg::Base.PkgId, input::String, depot_path::Vector{String}, dl_load_path::Vector{String}, load_path::Vector{String}, concrete_deps::Vector{Pair{Base.PkgId, UInt128}}, source::Nothing)
    @ Base ./loading.jl:2881
 [24] top-level scope
    @ stdin:6
in expression starting at /home/pbachant/.julia/packages/ClimaOcean/5Dct7/src/ClimaOcean.jl:1
in expression starting at stdin:2026-01-15 04:41:16 - Adding package: ClimaCore.jl at rev: 68ca25483bf2bd2bdecf49b96a6349bb8071a72c
   Resolving package versions...
    Updating `~/calkit/clima-perf/runs/amip/2025-12-01/ClimaCoupler.jl/experiments/ClimaEarth/Project.toml`
  [d414da3d] ~ ClimaCore v0.14.42 ⇒ v0.14.43 `https://github.com/CliMA/ClimaCore.jl#68ca254`
    Updating `~/calkit/clima-perf/runs/amip/2025-12-01/ClimaCoupler.jl/experiments/ClimaEarth/Manifest-v1.11.toml`
  [d414da3d] ~ ClimaCore v0.14.42 ⇒ v0.14.43 `https://github.com/CliMA/ClimaCore.jl#68ca254`
Precompiling project...
           ✗ DataDeps
           ✗ FileIO → HTTPExt
           ✗ MeshArrays → MeshArraysDataDepsExt
  11433.8 ms  ✓ ClimaCore
           ✗ ClimaOcean
   7388.5 ms  ✓ ClimaUtilities → ClimaUtilitiesClimaCoreExt
   8315.1 ms  ✓ ClimaCore → KrylovExt
  14927.0 ms  ✓ ClimaUtilities → ClimaUtilitiesClimaCoreNCDatasetsExt
  15989.2 ms  ✓ ClimaUtilities → ClimaUtilitiesClimaCoreInterpolationsExt
  17471.6 ms  ✓ ClimaCoupler
  18862.2 ms  ✓ ClimaDiagnostics
  26995.3 ms  ✓ ClimaCore → ClimaCoreCUDAExt
  33501.9 ms  ✓ ClimaCoreMakie
  13242.6 ms  ✓ ClimaLand
   8497.3 ms  ✓ ClimaLand → FluxnetSimulationsExt
  25088.8 ms  ✓ ClimaAtmos
  18192.5 ms  ✓ ClimaLand → LandSimulationVisualizationExt
  13 dependencies successfully precompiled in 76 seconds. 630 already precompiled.
  1 dependency had output during precompilation:
┌ ClimaCore → ClimaCoreCUDAExt
│  ┌ Warning: CUDA runtime library `libcublasLt.so.13` was loaded from a system path, `/usr/local/cuda/lib64/libcublasLt.so.13`.
│  │ This may cause errors.
│  │ 
│  │ If you're running under a profiler, this situation is expected. Otherwise,
│  │ ensure that your library path environment variable (e.g., `PATH` on Windows
│  │ or `LD_LIBRARY_PATH` on Linux) does not include CUDA library paths.
│  │ 
│  │ In any other case, please file an issue.
│  └ @ CUDA ~/.julia/packages/CUDA/TPbi4/src/initialization.jl:218
│  ┌ Warning: CUDA runtime library `libnvJitLink.so.13` was loaded from a system path, `/usr/local/cuda/lib64/libnvJitLink.so.13`.
│  │ This may cause errors.
│  │ 
│  │ If you're running under a profiler, this situation is expected. Otherwise,
│  │ ensure that your library path environment variable (e.g., `PATH` on Windows
│  │ or `LD_LIBRARY_PATH` on Linux) does not include CUDA library paths.
│  │ 
│  │ In any other case, please file an issue.
│  └ @ CUDA ~/.julia/packages/CUDA/TPbi4/src/initialization.jl:218
│  ┌ Warning: CUDA runtime library `libcusparse.so.12` was loaded from a system path, `/usr/local/cuda/lib64/libcusparse.so.12`.
│  │ This may cause errors.
│  │ 
│  │ If you're running under a profiler, this situation is expected. Otherwise,
│  │ ensure that your library path environment variable (e.g., `PATH` on Windows
│  │ or `LD_LIBRARY_PATH` on Linux) does not include CUDA library paths.
│  │ 
│  │ In any other case, please file an issue.
│  └ @ CUDA ~/.julia/packages/CUDA/TPbi4/src/initialization.jl:218
└  

The following 1 direct dependency failed to precompile:

ClimaOcean 

Failed to precompile ClimaOcean [0376089a-ecfe-4b0e-a64f-9c555d74d754] to "/home/pbachant/.julia/compiled/v1.11/ClimaOcean/jl_86piYL".
┌ Warning: You are using Julia v1.11 or later!"
│ Oceananigans is currently tested on Julia v1.10."
│ If you find issues with Julia v1.11 or later,"
│ please report at https://github.com/CliMA/Oceananigans.jl/issues/new
└ @ Oceananigans ~/.julia/packages/Oceananigans/A56vm/src/Oceananigans.jl:125
ERROR: LoadError: InitError: AssertionError: ret == 1
Stacktrace:
  [1] OpenSSL.SSLContext(ssl_method::OpenSSL.SSLMethod, verify_file::String)
    @ OpenSSL ~/.julia/packages/OpenSSL/fun1x/src/ssl.jl:165
  [2] SSLContext
    @ ~/.julia/packages/OpenSSL/fun1x/src/ssl.jl:145 [inlined]
  [3] __init__()
    @ HTTP.Connections ~/.julia/packages/HTTP/ShTJs/src/Connections.jl:41
  [4] run_module_init(mod::Module, i::Int64)
    @ Base ./loading.jl:1378
  [5] register_restored_modules(sv::Core.SimpleVector, pkg::Base.PkgId, path::String)
    @ Base ./loading.jl:1366
  [6] _include_from_serialized(pkg::Base.PkgId, path::String, ocachepath::String, depmods::Vector{Any}, ignore_native::Nothing; register::Bool)
    @ Base ./loading.jl:1254
  [7] _include_from_serialized (repeats 2 times)
    @ ./loading.jl:1210 [inlined]
  [8] _require_search_from_serialized(pkg::Base.PkgId, sourcepath::String, build_id::UInt128, stalecheck::Bool; reasons::Dict{String, Int64}, DEPOT_PATH::Vector{String})
    @ Base ./loading.jl:2057
  [9] _require(pkg::Base.PkgId, env::String)
    @ Base ./loading.jl:2527
 [10] __require_prelocked(uuidkey::Base.PkgId, env::String)
    @ Base ./loading.jl:2388
 [11] #invoke_in_world#3
    @ ./essentials.jl:1089 [inlined]
 [12] invoke_in_world
    @ ./essentials.jl:1086 [inlined]
 [13] _require_prelocked(uuidkey::Base.PkgId, env::String)
    @ Base ./loading.jl:2375
 [14] macro expansion
    @ ./loading.jl:2314 [inlined]
 [15] macro expansion
    @ ./lock.jl:273 [inlined]
 [16] __require(into::Module, mod::Symbol)
    @ Base ./loading.jl:2271
 [17] #invoke_in_world#3
    @ ./essentials.jl:1089 [inlined]
 [18] invoke_in_world
    @ ./essentials.jl:1086 [inlined]
 [19] require(into::Module, mod::Symbol)
    @ Base ./loading.jl:2260
 [20] include
    @ ./Base.jl:557 [inlined]
 [21] include_package_for_output(pkg::Base.PkgId, input::String, depot_path::Vector{String}, dl_load_path::Vector{String}, load_path::Vector{String}, concrete_deps::Vector{Pair{Base.PkgId, UInt128}}, source::String)
    @ Base ./loading.jl:2881
 [22] top-level scope
    @ stdin:6
during initialization of module Connections
in expression starting at /home/pbachant/.julia/packages/DataDeps/Y2lje/src/DataDeps.jl:2
in expression starting at stdin:6
ERROR: LoadError: Failed to precompile DataDeps [124859b0-ceae-595e-8997-d05f6a7a8dfe] to "/home/pbachant/.julia/compiled/v1.11/DataDeps/jl_ui3Gok".
Stacktrace:
  [1] error(s::String)
    @ Base ./error.jl:35
  [2] compilecache(pkg::Base.PkgId, path::String, internal_stderr::IO, internal_stdout::IO, keep_loaded_modules::Bool; flags::Cmd, cacheflags::Base.CacheFlags, reasons::Dict{String, Int64}, loadable_exts::Nothing)
    @ Base ./loading.jl:3174
  [3] (::Base.var"#1110#1111"{Base.PkgId})()
    @ Base ./loading.jl:2579
  [4] mkpidlock(f::Base.var"#1110#1111"{Base.PkgId}, at::String, pid::Int32; kwopts::@Kwargs{stale_age::Int64, wait::Bool})
    @ FileWatching.Pidfile /clima/software/julia/julia-1.11.5/share/julia/stdlib/v1.11/FileWatching/src/pidfile.jl:95
  [5] #mkpidlock#6
    @ /clima/software/julia/julia-1.11.5/share/julia/stdlib/v1.11/FileWatching/src/pidfile.jl:90 [inlined]
  [6] trymkpidlock(::Function, ::Vararg{Any}; kwargs::@Kwargs{stale_age::Int64})
    @ FileWatching.Pidfile /clima/software/julia/julia-1.11.5/share/julia/stdlib/v1.11/FileWatching/src/pidfile.jl:116
  [7] #invokelatest#2
    @ ./essentials.jl:1057 [inlined]
  [8] invokelatest
    @ ./essentials.jl:1052 [inlined]
  [9] maybe_cachefile_lock(f::Base.var"#1110#1111"{Base.PkgId}, pkg::Base.PkgId, srcpath::String; stale_age::Int64)
    @ Base ./loading.jl:3698
 [10] maybe_cachefile_lock
    @ ./loading.jl:3695 [inlined]
 [11] _require(pkg::Base.PkgId, env::String)
    @ Base ./loading.jl:2565
 [12] __require_prelocked(uuidkey::Base.PkgId, env::String)
    @ Base ./loading.jl:2388
 [13] #invoke_in_world#3
    @ ./essentials.jl:1089 [inlined]
 [14] invoke_in_world
    @ ./essentials.jl:1086 [inlined]
 [15] _require_prelocked(uuidkey::Base.PkgId, env::String)
    @ Base ./loading.jl:2375
 [16] macro expansion
    @ ./loading.jl:2314 [inlined]
 [17] macro expansion
    @ ./lock.jl:273 [inlined]
 [18] __require(into::Module, mod::Symbol)
    @ Base ./loading.jl:2271
 [19] #invoke_in_world#3
    @ ./essentials.jl:1089 [inlined]
 [20] invoke_in_world
    @ ./essentials.jl:1086 [inlined]
 [21] require(into::Module, mod::Symbol)
    @ Base ./loading.jl:2260
 [22] include
    @ ./Base.jl:557 [inlined]
 [23] include_package_for_output(pkg::Base.PkgId, input::String, depot_path::Vector{String}, dl_load_path::Vector{String}, load_path::Vector{String}, concrete_deps::Vector{Pair{Base.PkgId, UInt128}}, source::Nothing)
    @ Base ./loading.jl:2881
 [24] top-level scope
    @ stdin:6
in expression starting at /home/pbachant/.julia/packages/ClimaOcean/5Dct7/src/ClimaOcean.jl:1
in expression starting at stdin:2026-01-15 04:42:56 - Adding package: ClimaTimesteppers.jl at rev: 47a52f332cb8cc2898d90a1c5b2b760ae0b6fbab
   Resolving package versions...
    Updating `~/calkit/clima-perf/runs/amip/2025-12-01/ClimaCoupler.jl/experiments/ClimaEarth/Project.toml`
  [595c0a79] ~ ClimaTimeSteppers v0.8.5 ⇒ v0.8.5 `https://github.com/CliMA/ClimaTimesteppers.jl#47a52f3`
    Updating `~/calkit/clima-perf/runs/amip/2025-12-01/ClimaCoupler.jl/experiments/ClimaEarth/Manifest-v1.11.toml`
  [595c0a79] ~ ClimaTimeSteppers v0.8.5 ⇒ v0.8.5 `https://github.com/CliMA/ClimaTimesteppers.jl#47a52f3`
Precompiling project...
           ✗ DataDeps
           ✗ FileIO → HTTPExt
           ✗ MeshArrays → MeshArraysDataDepsExt
   5021.0 ms  ✓ ClimaTimeSteppers
           ✗ ClimaOcean
  17836.1 ms  ✓ ClimaTimeSteppers → ClimaTimeSteppersBenchmarkToolsExt
  19290.9 ms  ✓ ClimaLand
   8877.8 ms  ✓ ClimaLand → FluxnetSimulationsExt
  32092.6 ms  ✓ ClimaAtmos
  18465.3 ms  ✓ ClimaLand → LandSimulationVisualizationExt
  6 dependencies successfully precompiled in 51 seconds. 637 already precompiled.
  1 dependency had output during precompilation:
┌ ClimaTimeSteppers → ClimaTimeSteppersBenchmarkToolsExt
│  ┌ Warning: CUDA runtime library `libcublasLt.so.13` was loaded from a system path, `/usr/local/cuda/lib64/libcublasLt.so.13`.
│  │ This may cause errors.
│  │ 
│  │ If you're running under a profiler, this situation is expected. Otherwise,
│  │ ensure that your library path environment variable (e.g., `PATH` on Windows
│  │ or `LD_LIBRARY_PATH` on Linux) does not include CUDA library paths.
│  │ 
│  │ In any other case, please file an issue.
│  └ @ CUDA ~/.julia/packages/CUDA/TPbi4/src/initialization.jl:218
│  ┌ Warning: CUDA runtime library `libnvJitLink.so.13` was loaded from a system path, `/usr/local/cuda/lib64/libnvJitLink.so.13`.
│  │ This may cause errors.
│  │ 
│  │ If you're running under a profiler, this situation is expected. Otherwise,
│  │ ensure that your library path environment variable (e.g., `PATH` on Windows
│  │ or `LD_LIBRARY_PATH` on Linux) does not include CUDA library paths.
│  │ 
│  │ In any other case, please file an issue.
│  └ @ CUDA ~/.julia/packages/CUDA/TPbi4/src/initialization.jl:218
│  ┌ Warning: CUDA runtime library `libcusparse.so.12` was loaded from a system path, `/usr/local/cuda/lib64/libcusparse.so.12`.
│  │ This may cause errors.
│  │ 
│  │ If you're running under a profiler, this situation is expected. Otherwise,
│  │ ensure that your library path environment variable (e.g., `PATH` on Windows
│  │ or `LD_LIBRARY_PATH` on Linux) does not include CUDA library paths.
│  │ 
│  │ In any other case, please file an issue.
│  └ @ CUDA ~/.julia/packages/CUDA/TPbi4/src/initialization.jl:218
└  

The following 1 direct dependency failed to precompile:

ClimaOcean 

Failed to precompile ClimaOcean [0376089a-ecfe-4b0e-a64f-9c555d74d754] to "/home/pbachant/.julia/compiled/v1.11/ClimaOcean/jl_RA6zW4".
┌ Warning: You are using Julia v1.11 or later!"
│ Oceananigans is currently tested on Julia v1.10."
│ If you find issues with Julia v1.11 or later,"
│ please report at https://github.com/CliMA/Oceananigans.jl/issues/new
└ @ Oceananigans ~/.julia/packages/Oceananigans/A56vm/src/Oceananigans.jl:125
ERROR: LoadError: InitError: AssertionError: ret == 1
Stacktrace:
  [1] OpenSSL.SSLContext(ssl_method::OpenSSL.SSLMethod, verify_file::String)
    @ OpenSSL ~/.julia/packages/OpenSSL/fun1x/src/ssl.jl:165
  [2] SSLContext
    @ ~/.julia/packages/OpenSSL/fun1x/src/ssl.jl:145 [inlined]
  [3] __init__()
    @ HTTP.Connections ~/.julia/packages/HTTP/ShTJs/src/Connections.jl:41
  [4] run_module_init(mod::Module, i::Int64)
    @ Base ./loading.jl:1378
  [5] register_restored_modules(sv::Core.SimpleVector, pkg::Base.PkgId, path::String)
    @ Base ./loading.jl:1366
  [6] _include_from_serialized(pkg::Base.PkgId, path::String, ocachepath::String, depmods::Vector{Any}, ignore_native::Nothing; register::Bool)
    @ Base ./loading.jl:1254
  [7] _include_from_serialized (repeats 2 times)
    @ ./loading.jl:1210 [inlined]
  [8] _require_search_from_serialized(pkg::Base.PkgId, sourcepath::String, build_id::UInt128, stalecheck::Bool; reasons::Dict{String, Int64}, DEPOT_PATH::Vector{String})
    @ Base ./loading.jl:2057
  [9] _require(pkg::Base.PkgId, env::String)
    @ Base ./loading.jl:2527
 [10] __require_prelocked(uuidkey::Base.PkgId, env::String)
    @ Base ./loading.jl:2388
 [11] #invoke_in_world#3
    @ ./essentials.jl:1089 [inlined]
 [12] invoke_in_world
    @ ./essentials.jl:1086 [inlined]
 [13] _require_prelocked(uuidkey::Base.PkgId, env::String)
    @ Base ./loading.jl:2375
 [14] macro expansion
    @ ./loading.jl:2314 [inlined]
 [15] macro expansion
    @ ./lock.jl:273 [inlined]
 [16] __require(into::Module, mod::Symbol)
    @ Base ./loading.jl:2271
 [17] #invoke_in_world#3
    @ ./essentials.jl:1089 [inlined]
 [18] invoke_in_world
    @ ./essentials.jl:1086 [inlined]
 [19] require(into::Module, mod::Symbol)
    @ Base ./loading.jl:2260
 [20] include
    @ ./Base.jl:557 [inlined]
 [21] include_package_for_output(pkg::Base.PkgId, input::String, depot_path::Vector{String}, dl_load_path::Vector{String}, load_path::Vector{String}, concrete_deps::Vector{Pair{Base.PkgId, UInt128}}, source::String)
    @ Base ./loading.jl:2881
 [22] top-level scope
    @ stdin:6
during initialization of module Connections
in expression starting at /home/pbachant/.julia/packages/DataDeps/Y2lje/src/DataDeps.jl:2
in expression starting at stdin:6
ERROR: LoadError: Failed to precompile DataDeps [124859b0-ceae-595e-8997-d05f6a7a8dfe] to "/home/pbachant/.julia/compiled/v1.11/DataDeps/jl_A8ltYd".
Stacktrace:
  [1] error(s::String)
    @ Base ./error.jl:35
  [2] compilecache(pkg::Base.PkgId, path::String, internal_stderr::IO, internal_stdout::IO, keep_loaded_modules::Bool; flags::Cmd, cacheflags::Base.CacheFlags, reasons::Dict{String, Int64}, loadable_exts::Nothing)
    @ Base ./loading.jl:3174
  [3] (::Base.var"#1110#1111"{Base.PkgId})()
    @ Base ./loading.jl:2579
  [4] mkpidlock(f::Base.var"#1110#1111"{Base.PkgId}, at::String, pid::Int32; kwopts::@Kwargs{stale_age::Int64, wait::Bool})
    @ FileWatching.Pidfile /clima/software/julia/julia-1.11.5/share/julia/stdlib/v1.11/FileWatching/src/pidfile.jl:95
  [5] #mkpidlock#6
    @ /clima/software/julia/julia-1.11.5/share/julia/stdlib/v1.11/FileWatching/src/pidfile.jl:90 [inlined]
  [6] trymkpidlock(::Function, ::Vararg{Any}; kwargs::@Kwargs{stale_age::Int64})
    @ FileWatching.Pidfile /clima/software/julia/julia-1.11.5/share/julia/stdlib/v1.11/FileWatching/src/pidfile.jl:116
  [7] #invokelatest#2
    @ ./essentials.jl:1057 [inlined]
  [8] invokelatest
    @ ./essentials.jl:1052 [inlined]
  [9] maybe_cachefile_lock(f::Base.var"#1110#1111"{Base.PkgId}, pkg::Base.PkgId, srcpath::String; stale_age::Int64)
    @ Base ./loading.jl:3698
 [10] maybe_cachefile_lock
    @ ./loading.jl:3695 [inlined]
 [11] _require(pkg::Base.PkgId, env::String)
    @ Base ./loading.jl:2565
 [12] __require_prelocked(uuidkey::Base.PkgId, env::String)
    @ Base ./loading.jl:2388
 [13] #invoke_in_world#3
    @ ./essentials.jl:1089 [inlined]
 [14] invoke_in_world
    @ ./essentials.jl:1086 [inlined]
 [15] _require_prelocked(uuidkey::Base.PkgId, env::String)
    @ Base ./loading.jl:2375
 [16] macro expansion
    @ ./loading.jl:2314 [inlined]
 [17] macro expansion
    @ ./lock.jl:273 [inlined]
 [18] __require(into::Module, mod::Symbol)
    @ Base ./loading.jl:2271
 [19] #invoke_in_world#3
    @ ./essentials.jl:1089 [inlined]
 [20] invoke_in_world
    @ ./essentials.jl:1086 [inlined]
 [21] require(into::Module, mod::Symbol)
    @ Base ./loading.jl:2260
 [22] include
    @ ./Base.jl:557 [inlined]
 [23] include_package_for_output(pkg::Base.PkgId, input::String, depot_path::Vector{String}, dl_load_path::Vector{String}, load_path::Vector{String}, concrete_deps::Vector{Pair{Base.PkgId, UInt128}}, source::Nothing)
    @ Base ./loading.jl:2881
 [24] top-level scope
    @ stdin:6
in expression starting at /home/pbachant/.julia/packages/ClimaOcean/5Dct7/src/ClimaOcean.jl:1
in expression starting at stdin:2026-01-15 04:44:10 - Adding package: Thermodynamics.jl at rev: 9577fb1da33e52743cf915a3c1b24d8aa98780a3
   Resolving package versions...
    Updating `~/calkit/clima-perf/runs/amip/2025-12-01/ClimaCoupler.jl/experiments/ClimaEarth/Project.toml`
  [b60c26fb] ~ Thermodynamics v0.15.0 ⇒ v0.15.0 `https://github.com/CliMA/Thermodynamics.jl#9577fb1`
    Updating `~/calkit/clima-perf/runs/amip/2025-12-01/ClimaCoupler.jl/experiments/ClimaEarth/Manifest-v1.11.toml`
  [b60c26fb] ~ Thermodynamics v0.15.0 ⇒ v0.15.0 `https://github.com/CliMA/Thermodynamics.jl#9577fb1`
Precompiling project...
           ✗ DataDeps
           ✗ FileIO → HTTPExt
   2849.1 ms  ✓ Thermodynamics
   2333.5 ms  ✓ SurfaceFluxes
   2533.0 ms  ✓ Thermodynamics → CreateParametersExt
           ✗ MeshArrays → MeshArraysDataDepsExt
   2128.2 ms  ✓ SurfaceFluxes → CreateParametersExt
   5437.5 ms  ✓ CloudMicrophysics
  11062.0 ms  ✓ ClimaCoupler
           ✗ ClimaOcean
  17072.9 ms  ✓ ClimaLand
   9612.5 ms  ✓ ClimaLand → FluxnetSimulationsExt
  26157.7 ms  ✓ ClimaAtmos
  19130.6 ms  ✓ ClimaLand → LandSimulationVisualizationExt
  10 dependencies successfully precompiled in 50 seconds. 633 already precompiled.

The following 1 direct dependency failed to precompile:

ClimaOcean 

Failed to precompile ClimaOcean [0376089a-ecfe-4b0e-a64f-9c555d74d754] to "/home/pbachant/.julia/compiled/v1.11/ClimaOcean/jl_lQGzlg".
┌ Warning: You are using Julia v1.11 or later!"
│ Oceananigans is currently tested on Julia v1.10."
│ If you find issues with Julia v1.11 or later,"
│ please report at https://github.com/CliMA/Oceananigans.jl/issues/new
└ @ Oceananigans ~/.julia/packages/Oceananigans/A56vm/src/Oceananigans.jl:125
ERROR: LoadError: InitError: AssertionError: ret == 1
Stacktrace:
  [1] OpenSSL.SSLContext(ssl_method::OpenSSL.SSLMethod, verify_file::String)
    @ OpenSSL ~/.julia/packages/OpenSSL/fun1x/src/ssl.jl:165
  [2] SSLContext
    @ ~/.julia/packages/OpenSSL/fun1x/src/ssl.jl:145 [inlined]
  [3] __init__()
    @ HTTP.Connections ~/.julia/packages/HTTP/ShTJs/src/Connections.jl:41
  [4] run_module_init(mod::Module, i::Int64)
    @ Base ./loading.jl:1378
  [5] register_restored_modules(sv::Core.SimpleVector, pkg::Base.PkgId, path::String)
    @ Base ./loading.jl:1366
  [6] _include_from_serialized(pkg::Base.PkgId, path::String, ocachepath::String, depmods::Vector{Any}, ignore_native::Nothing; register::Bool)
    @ Base ./loading.jl:1254
  [7] _include_from_serialized (repeats 2 times)
    @ ./loading.jl:1210 [inlined]
  [8] _require_search_from_serialized(pkg::Base.PkgId, sourcepath::String, build_id::UInt128, stalecheck::Bool; reasons::Dict{String, Int64}, DEPOT_PATH::Vector{String})
    @ Base ./loading.jl:2057
  [9] _require(pkg::Base.PkgId, env::String)
    @ Base ./loading.jl:2527
 [10] __require_prelocked(uuidkey::Base.PkgId, env::String)
    @ Base ./loading.jl:2388
 [11] #invoke_in_world#3
    @ ./essentials.jl:1089 [inlined]
 [12] invoke_in_world
    @ ./essentials.jl:1086 [inlined]
 [13] _require_prelocked(uuidkey::Base.PkgId, env::String)
    @ Base ./loading.jl:2375
 [14] macro expansion
    @ ./loading.jl:2314 [inlined]
 [15] macro expansion
    @ ./lock.jl:273 [inlined]
 [16] __require(into::Module, mod::Symbol)
    @ Base ./loading.jl:2271
 [17] #invoke_in_world#3
    @ ./essentials.jl:1089 [inlined]
 [18] invoke_in_world
    @ ./essentials.jl:1086 [inlined]
 [19] require(into::Module, mod::Symbol)
    @ Base ./loading.jl:2260
 [20] include
    @ ./Base.jl:557 [inlined]
 [21] include_package_for_output(pkg::Base.PkgId, input::String, depot_path::Vector{String}, dl_load_path::Vector{String}, load_path::Vector{String}, concrete_deps::Vector{Pair{Base.PkgId, UInt128}}, source::String)
    @ Base ./loading.jl:2881
 [22] top-level scope
    @ stdin:6
during initialization of module Connections
in expression starting at /home/pbachant/.julia/packages/DataDeps/Y2lje/src/DataDeps.jl:2
in expression starting at stdin:6
ERROR: LoadError: Failed to precompile DataDeps [124859b0-ceae-595e-8997-d05f6a7a8dfe] to "/home/pbachant/.julia/compiled/v1.11/DataDeps/jl_f39cLL".
Stacktrace:
  [1] error(s::String)
    @ Base ./error.jl:35
  [2] compilecache(pkg::Base.PkgId, path::String, internal_stderr::IO, internal_stdout::IO, keep_loaded_modules::Bool; flags::Cmd, cacheflags::Base.CacheFlags, reasons::Dict{String, Int64}, loadable_exts::Nothing)
    @ Base ./loading.jl:3174
  [3] (::Base.var"#1110#1111"{Base.PkgId})()
    @ Base ./loading.jl:2579
  [4] mkpidlock(f::Base.var"#1110#1111"{Base.PkgId}, at::String, pid::Int32; kwopts::@Kwargs{stale_age::Int64, wait::Bool})
    @ FileWatching.Pidfile /clima/software/julia/julia-1.11.5/share/julia/stdlib/v1.11/FileWatching/src/pidfile.jl:95
  [5] #mkpidlock#6
    @ /clima/software/julia/julia-1.11.5/share/julia/stdlib/v1.11/FileWatching/src/pidfile.jl:90 [inlined]
  [6] trymkpidlock(::Function, ::Vararg{Any}; kwargs::@Kwargs{stale_age::Int64})
    @ FileWatching.Pidfile /clima/software/julia/julia-1.11.5/share/julia/stdlib/v1.11/FileWatching/src/pidfile.jl:116
  [7] #invokelatest#2
    @ ./essentials.jl:1057 [inlined]
  [8] invokelatest
    @ ./essentials.jl:1052 [inlined]
  [9] maybe_cachefile_lock(f::Base.var"#1110#1111"{Base.PkgId}, pkg::Base.PkgId, srcpath::String; stale_age::Int64)
    @ Base ./loading.jl:3698
 [10] maybe_cachefile_lock
    @ ./loading.jl:3695 [inlined]
 [11] _require(pkg::Base.PkgId, env::String)
    @ Base ./loading.jl:2565
 [12] __require_prelocked(uuidkey::Base.PkgId, env::String)
    @ Base ./loading.jl:2388
 [13] #invoke_in_world#3
    @ ./essentials.jl:1089 [inlined]
 [14] invoke_in_world
    @ ./essentials.jl:1086 [inlined]
 [15] _require_prelocked(uuidkey::Base.PkgId, env::String)
    @ Base ./loading.jl:2375
 [16] macro expansion
    @ ./loading.jl:2314 [inlined]
 [17] macro expansion
    @ ./lock.jl:273 [inlined]
 [18] __require(into::Module, mod::Symbol)
    @ Base ./loading.jl:2271
 [19] #invoke_in_world#3
    @ ./essentials.jl:1089 [inlined]
 [20] invoke_in_world
    @ ./essentials.jl:1086 [inlined]
 [21] require(into::Module, mod::Symbol)
    @ Base ./loading.jl:2260
 [22] include
    @ ./Base.jl:557 [inlined]
 [23] include_package_for_output(pkg::Base.PkgId, input::String, depot_path::Vector{String}, dl_load_path::Vector{String}, load_path::Vector{String}, concrete_deps::Vector{Pair{Base.PkgId, UInt128}}, source::Nothing)
    @ Base ./loading.jl:2881
 [24] top-level scope
    @ stdin:6
in expression starting at /home/pbachant/.julia/packages/ClimaOcean/5Dct7/src/ClimaOcean.jl:1
in expression starting at stdin:2026-01-15 04:45:24 - Adding package: RRTMGP.jl at rev: 90eadd1744d321a9e3fc600ef613ac2e4c42209a
   Resolving package versions...
    Updating `~/calkit/clima-perf/runs/amip/2025-12-01/ClimaCoupler.jl/experiments/ClimaEarth/Project.toml`
  [a01a1ee8] + RRTMGP v0.21.6 `https://github.com/CliMA/RRTMGP.jl#90eadd1`
    Updating `~/calkit/clima-perf/runs/amip/2025-12-01/ClimaCoupler.jl/experiments/ClimaEarth/Manifest-v1.11.toml`
  [a01a1ee8] ~ RRTMGP v0.21.6 ⇒ v0.21.6 `https://github.com/CliMA/RRTMGP.jl#90eadd1`
Precompiling project...
           ✗ DataDeps
           ✗ FileIO → HTTPExt
           ✗ MeshArrays → MeshArraysDataDepsExt
   9995.6 ms  ✓ RRTMGP → RRTMGPCUDAExt
           ✗ ClimaOcean
  22743.7 ms  ✓ ClimaAtmos
  2 dependencies successfully precompiled in 30 seconds. 641 already precompiled.
  1 dependency had output during precompilation:
┌ RRTMGP → RRTMGPCUDAExt
│  ┌ Warning: CUDA runtime library `libcublasLt.so.13` was loaded from a system path, `/usr/local/cuda/lib64/libcublasLt.so.13`.
│  │ This may cause errors.
│  │ 
│  │ If you're running under a profiler, this situation is expected. Otherwise,
│  │ ensure that your library path environment variable (e.g., `PATH` on Windows
│  │ or `LD_LIBRARY_PATH` on Linux) does not include CUDA library paths.
│  │ 
│  │ In any other case, please file an issue.
│  └ @ CUDA ~/.julia/packages/CUDA/TPbi4/src/initialization.jl:218
│  ┌ Warning: CUDA runtime library `libnvJitLink.so.13` was loaded from a system path, `/usr/local/cuda/lib64/libnvJitLink.so.13`.
│  │ This may cause errors.
│  │ 
│  │ If you're running under a profiler, this situation is expected. Otherwise,
│  │ ensure that your library path environment variable (e.g., `PATH` on Windows
│  │ or `LD_LIBRARY_PATH` on Linux) does not include CUDA library paths.
│  │ 
│  │ In any other case, please file an issue.
│  └ @ CUDA ~/.julia/packages/CUDA/TPbi4/src/initialization.jl:218
│  ┌ Warning: CUDA runtime library `libcusparse.so.12` was loaded from a system path, `/usr/local/cuda/lib64/libcusparse.so.12`.
│  │ This may cause errors.
│  │ 
│  │ If you're running under a profiler, this situation is expected. Otherwise,
│  │ ensure that your library path environment variable (e.g., `PATH` on Windows
│  │ or `LD_LIBRARY_PATH` on Linux) does not include CUDA library paths.
│  │ 
│  │ In any other case, please file an issue.
│  └ @ CUDA ~/.julia/packages/CUDA/TPbi4/src/initialization.jl:218
└  

The following 1 direct dependency failed to precompile:

ClimaOcean 

Failed to precompile ClimaOcean [0376089a-ecfe-4b0e-a64f-9c555d74d754] to "/home/pbachant/.julia/compiled/v1.11/ClimaOcean/jl_mivP4v".
┌ Warning: You are using Julia v1.11 or later!"
│ Oceananigans is currently tested on Julia v1.10."
│ If you find issues with Julia v1.11 or later,"
│ please report at https://github.com/CliMA/Oceananigans.jl/issues/new
└ @ Oceananigans ~/.julia/packages/Oceananigans/A56vm/src/Oceananigans.jl:125
ERROR: LoadError: InitError: AssertionError: ret == 1
Stacktrace:
  [1] OpenSSL.SSLContext(ssl_method::OpenSSL.SSLMethod, verify_file::String)
    @ OpenSSL ~/.julia/packages/OpenSSL/fun1x/src/ssl.jl:165
  [2] SSLContext
    @ ~/.julia/packages/OpenSSL/fun1x/src/ssl.jl:145 [inlined]
  [3] __init__()
    @ HTTP.Connections ~/.julia/packages/HTTP/ShTJs/src/Connections.jl:41
  [4] run_module_init(mod::Module, i::Int64)
    @ Base ./loading.jl:1378
  [5] register_restored_modules(sv::Core.SimpleVector, pkg::Base.PkgId, path::String)
    @ Base ./loading.jl:1366
  [6] _include_from_serialized(pkg::Base.PkgId, path::String, ocachepath::String, depmods::Vector{Any}, ignore_native::Nothing; register::Bool)
    @ Base ./loading.jl:1254
  [7] _include_from_serialized (repeats 2 times)
    @ ./loading.jl:1210 [inlined]
  [8] _require_search_from_serialized(pkg::Base.PkgId, sourcepath::String, build_id::UInt128, stalecheck::Bool; reasons::Dict{String, Int64}, DEPOT_PATH::Vector{String})
    @ Base ./loading.jl:2057
  [9] _require(pkg::Base.PkgId, env::String)
    @ Base ./loading.jl:2527
 [10] __require_prelocked(uuidkey::Base.PkgId, env::String)
    @ Base ./loading.jl:2388
 [11] #invoke_in_world#3
    @ ./essentials.jl:1089 [inlined]
 [12] invoke_in_world
    @ ./essentials.jl:1086 [inlined]
 [13] _require_prelocked(uuidkey::Base.PkgId, env::String)
    @ Base ./loading.jl:2375
 [14] macro expansion
    @ ./loading.jl:2314 [inlined]
 [15] macro expansion
    @ ./lock.jl:273 [inlined]
 [16] __require(into::Module, mod::Symbol)
    @ Base ./loading.jl:2271
 [17] #invoke_in_world#3
    @ ./essentials.jl:1089 [inlined]
 [18] invoke_in_world
    @ ./essentials.jl:1086 [inlined]
 [19] require(into::Module, mod::Symbol)
    @ Base ./loading.jl:2260
 [20] include
    @ ./Base.jl:557 [inlined]
 [21] include_package_for_output(pkg::Base.PkgId, input::String, depot_path::Vector{String}, dl_load_path::Vector{String}, load_path::Vector{String}, concrete_deps::Vector{Pair{Base.PkgId, UInt128}}, source::String)
    @ Base ./loading.jl:2881
 [22] top-level scope
    @ stdin:6
during initialization of module Connections
in expression starting at /home/pbachant/.julia/packages/DataDeps/Y2lje/src/DataDeps.jl:2
in expression starting at stdin:6
ERROR: LoadError: Failed to precompile DataDeps [124859b0-ceae-595e-8997-d05f6a7a8dfe] to "/home/pbachant/.julia/compiled/v1.11/DataDeps/jl_xvTq5Y".
Stacktrace:
  [1] error(s::String)
    @ Base ./error.jl:35
  [2] compilecache(pkg::Base.PkgId, path::String, internal_stderr::IO, internal_stdout::IO, keep_loaded_modules::Bool; flags::Cmd, cacheflags::Base.CacheFlags, reasons::Dict{String, Int64}, loadable_exts::Nothing)
    @ Base ./loading.jl:3174
  [3] (::Base.var"#1110#1111"{Base.PkgId})()
    @ Base ./loading.jl:2579
  [4] mkpidlock(f::Base.var"#1110#1111"{Base.PkgId}, at::String, pid::Int32; kwopts::@Kwargs{stale_age::Int64, wait::Bool})
    @ FileWatching.Pidfile /clima/software/julia/julia-1.11.5/share/julia/stdlib/v1.11/FileWatching/src/pidfile.jl:95
  [5] #mkpidlock#6
    @ /clima/software/julia/julia-1.11.5/share/julia/stdlib/v1.11/FileWatching/src/pidfile.jl:90 [inlined]
  [6] trymkpidlock(::Function, ::Vararg{Any}; kwargs::@Kwargs{stale_age::Int64})
    @ FileWatching.Pidfile /clima/software/julia/julia-1.11.5/share/julia/stdlib/v1.11/FileWatching/src/pidfile.jl:116
  [7] #invokelatest#2
    @ ./essentials.jl:1057 [inlined]
  [8] invokelatest
    @ ./essentials.jl:1052 [inlined]
  [9] maybe_cachefile_lock(f::Base.var"#1110#1111"{Base.PkgId}, pkg::Base.PkgId, srcpath::String; stale_age::Int64)
    @ Base ./loading.jl:3698
 [10] maybe_cachefile_lock
    @ ./loading.jl:3695 [inlined]
 [11] _require(pkg::Base.PkgId, env::String)
    @ Base ./loading.jl:2565
 [12] __require_prelocked(uuidkey::Base.PkgId, env::String)
    @ Base ./loading.jl:2388
 [13] #invoke_in_world#3
    @ ./essentials.jl:1089 [inlined]
 [14] invoke_in_world
    @ ./essentials.jl:1086 [inlined]
 [15] _require_prelocked(uuidkey::Base.PkgId, env::String)
    @ Base ./loading.jl:2375
 [16] macro expansion
    @ ./loading.jl:2314 [inlined]
 [17] macro expansion
    @ ./lock.jl:273 [inlined]
 [18] __require(into::Module, mod::Symbol)
    @ Base ./loading.jl:2271
 [19] #invoke_in_world#3
    @ ./essentials.jl:1089 [inlined]
 [20] invoke_in_world
    @ ./essentials.jl:1086 [inlined]
 [21] require(into::Module, mod::Symbol)
    @ Base ./loading.jl:2260
 [22] include
    @ ./Base.jl:557 [inlined]
 [23] include_package_for_output(pkg::Base.PkgId, input::String, depot_path::Vector{String}, dl_load_path::Vector{String}, load_path::Vector{String}, concrete_deps::Vector{Pair{Base.PkgId, UInt128}}, source::Nothing)
    @ Base ./loading.jl:2881
 [24] top-level scope
    @ stdin:6
in expression starting at /home/pbachant/.julia/packages/ClimaOcean/5Dct7/src/ClimaOcean.jl:1
in expression starting at stdin:2026-01-15 04:46:18 - Resolving environment
  No Changes to `~/calkit/clima-perf/runs/amip/2025-12-01/ClimaCoupler.jl/experiments/ClimaEarth/Project.toml`
  No Changes to `~/calkit/clima-perf/runs/amip/2025-12-01/ClimaCoupler.jl/experiments/ClimaEarth/Manifest-v1.11.toml`
2026-01-15 04:46:31 - Adding MPI package
   Resolving package versions...
    Updating `~/calkit/clima-perf/runs/amip/2025-12-01/ClimaCoupler.jl/experiments/ClimaEarth/Project.toml`
  [da04e1cc] + MPI v0.20.23
  No Changes to `~/calkit/clima-perf/runs/amip/2025-12-01/ClimaCoupler.jl/experiments/ClimaEarth/Manifest-v1.11.toml`
Precompiling project...
           ✗ DataDeps
           ✗ FileIO → HTTPExt
           ✗ MeshArrays → MeshArraysDataDepsExt
           ✗ ClimaOcean
  0 dependencies successfully precompiled in 18 seconds. 643 already precompiled.

The following 1 direct dependency failed to precompile:

ClimaOcean 

Failed to precompile ClimaOcean [0376089a-ecfe-4b0e-a64f-9c555d74d754] to "/home/pbachant/.julia/compiled/v1.11/ClimaOcean/jl_7giCKX".
┌ Warning: You are using Julia v1.11 or later!"
│ Oceananigans is currently tested on Julia v1.10."
│ If you find issues with Julia v1.11 or later,"
│ please report at https://github.com/CliMA/Oceananigans.jl/issues/new
└ @ Oceananigans ~/.julia/packages/Oceananigans/A56vm/src/Oceananigans.jl:125
ERROR: LoadError: InitError: AssertionError: ret == 1
Stacktrace:
  [1] OpenSSL.SSLContext(ssl_method::OpenSSL.SSLMethod, verify_file::String)
    @ OpenSSL ~/.julia/packages/OpenSSL/fun1x/src/ssl.jl:165
  [2] SSLContext
    @ ~/.julia/packages/OpenSSL/fun1x/src/ssl.jl:145 [inlined]
  [3] __init__()
    @ HTTP.Connections ~/.julia/packages/HTTP/ShTJs/src/Connections.jl:41
  [4] run_module_init(mod::Module, i::Int64)
    @ Base ./loading.jl:1378
  [5] register_restored_modules(sv::Core.SimpleVector, pkg::Base.PkgId, path::String)
    @ Base ./loading.jl:1366
  [6] _include_from_serialized(pkg::Base.PkgId, path::String, ocachepath::String, depmods::Vector{Any}, ignore_native::Nothing; register::Bool)
    @ Base ./loading.jl:1254
  [7] _include_from_serialized (repeats 2 times)
    @ ./loading.jl:1210 [inlined]
  [8] _require_search_from_serialized(pkg::Base.PkgId, sourcepath::String, build_id::UInt128, stalecheck::Bool; reasons::Dict{String, Int64}, DEPOT_PATH::Vector{String})
    @ Base ./loading.jl:2057
  [9] _require(pkg::Base.PkgId, env::String)
    @ Base ./loading.jl:2527
 [10] __require_prelocked(uuidkey::Base.PkgId, env::String)
    @ Base ./loading.jl:2388
 [11] #invoke_in_world#3
    @ ./essentials.jl:1089 [inlined]
 [12] invoke_in_world
    @ ./essentials.jl:1086 [inlined]
 [13] _require_prelocked(uuidkey::Base.PkgId, env::String)
    @ Base ./loading.jl:2375
 [14] macro expansion
    @ ./loading.jl:2314 [inlined]
 [15] macro expansion
    @ ./lock.jl:273 [inlined]
 [16] __require(into::Module, mod::Symbol)
    @ Base ./loading.jl:2271
 [17] #invoke_in_world#3
    @ ./essentials.jl:1089 [inlined]
 [18] invoke_in_world
    @ ./essentials.jl:1086 [inlined]
 [19] require(into::Module, mod::Symbol)
    @ Base ./loading.jl:2260
 [20] include
    @ ./Base.jl:557 [inlined]
 [21] include_package_for_output(pkg::Base.PkgId, input::String, depot_path::Vector{String}, dl_load_path::Vector{String}, load_path::Vector{String}, concrete_deps::Vector{Pair{Base.PkgId, UInt128}}, source::String)
    @ Base ./loading.jl:2881
 [22] top-level scope
    @ stdin:6
during initialization of module Connections
in expression starting at /home/pbachant/.julia/packages/DataDeps/Y2lje/src/DataDeps.jl:2
in expression starting at stdin:6
ERROR: LoadError: Failed to precompile DataDeps [124859b0-ceae-595e-8997-d05f6a7a8dfe] to "/home/pbachant/.julia/compiled/v1.11/DataDeps/jl_9go5Hz".
Stacktrace:
  [1] error(s::String)
    @ Base ./error.jl:35
  [2] compilecache(pkg::Base.PkgId, path::String, internal_stderr::IO, internal_stdout::IO, keep_loaded_modules::Bool; flags::Cmd, cacheflags::Base.CacheFlags, reasons::Dict{String, Int64}, loadable_exts::Nothing)
    @ Base ./loading.jl:3174
  [3] (::Base.var"#1110#1111"{Base.PkgId})()
    @ Base ./loading.jl:2579
  [4] mkpidlock(f::Base.var"#1110#1111"{Base.PkgId}, at::String, pid::Int32; kwopts::@Kwargs{stale_age::Int64, wait::Bool})
    @ FileWatching.Pidfile /clima/software/julia/julia-1.11.5/share/julia/stdlib/v1.11/FileWatching/src/pidfile.jl:95
  [5] #mkpidlock#6
    @ /clima/software/julia/julia-1.11.5/share/julia/stdlib/v1.11/FileWatching/src/pidfile.jl:90 [inlined]
  [6] trymkpidlock(::Function, ::Vararg{Any}; kwargs::@Kwargs{stale_age::Int64})
    @ FileWatching.Pidfile /clima/software/julia/julia-1.11.5/share/julia/stdlib/v1.11/FileWatching/src/pidfile.jl:116
  [7] #invokelatest#2
    @ ./essentials.jl:1057 [inlined]
  [8] invokelatest
    @ ./essentials.jl:1052 [inlined]
  [9] maybe_cachefile_lock(f::Base.var"#1110#1111"{Base.PkgId}, pkg::Base.PkgId, srcpath::String; stale_age::Int64)
    @ Base ./loading.jl:3698
 [10] maybe_cachefile_lock
    @ ./loading.jl:3695 [inlined]
 [11] _require(pkg::Base.PkgId, env::String)
    @ Base ./loading.jl:2565
 [12] __require_prelocked(uuidkey::Base.PkgId, env::String)
    @ Base ./loading.jl:2388
 [13] #invoke_in_world#3
    @ ./essentials.jl:1089 [inlined]
 [14] invoke_in_world
    @ ./essentials.jl:1086 [inlined]
 [15] _require_prelocked(uuidkey::Base.PkgId, env::String)
    @ Base ./loading.jl:2375
 [16] macro expansion
    @ ./loading.jl:2314 [inlined]
 [17] macro expansion
    @ ./lock.jl:273 [inlined]
 [18] __require(into::Module, mod::Symbol)
    @ Base ./loading.jl:2271
 [19] #invoke_in_world#3
    @ ./essentials.jl:1089 [inlined]
 [20] invoke_in_world
    @ ./essentials.jl:1086 [inlined]
 [21] require(into::Module, mod::Symbol)
    @ Base ./loading.jl:2260
 [22] include
    @ ./Base.jl:557 [inlined]
 [23] include_package_for_output(pkg::Base.PkgId, input::String, depot_path::Vector{String}, dl_load_path::Vector{String}, load_path::Vector{String}, concrete_deps::Vector{Pair{Base.PkgId, UInt128}}, source::Nothing)
    @ Base ./loading.jl:2881
 [24] top-level scope
    @ stdin:6
in expression starting at /home/pbachant/.julia/packages/ClimaOcean/5Dct7/src/ClimaOcean.jl:1
in expression starting at stdin:2026-01-15 04:47:13 - Precompiling packages
Precompiling project...
           ✗ DataDeps
           ✗ FileIO → HTTPExt
           ✗ MeshArrays → MeshArraysDataDepsExt
           ✗ ClimaOcean
  0 dependencies successfully precompiled in 15 seconds. 643 already precompiled.

ERROR: The following 1 direct dependency failed to precompile:

ClimaOcean 

Failed to precompile ClimaOcean [0376089a-ecfe-4b0e-a64f-9c555d74d754] to "/home/pbachant/.julia/compiled/v1.11/ClimaOcean/jl_3uC54K".
┌ Warning: You are using Julia v1.11 or later!"
│ Oceananigans is currently tested on Julia v1.10."
│ If you find issues with Julia v1.11 or later,"
│ please report at https://github.com/CliMA/Oceananigans.jl/issues/new
└ @ Oceananigans ~/.julia/packages/Oceananigans/A56vm/src/Oceananigans.jl:125
ERROR: LoadError: InitError: AssertionError: ret == 1
Stacktrace:
  [1] OpenSSL.SSLContext(ssl_method::OpenSSL.SSLMethod, verify_file::String)
    @ OpenSSL ~/.julia/packages/OpenSSL/fun1x/src/ssl.jl:165
  [2] SSLContext
    @ ~/.julia/packages/OpenSSL/fun1x/src/ssl.jl:145 [inlined]
  [3] __init__()
    @ HTTP.Connections ~/.julia/packages/HTTP/ShTJs/src/Connections.jl:41
  [4] run_module_init(mod::Module, i::Int64)
    @ Base ./loading.jl:1378
  [5] register_restored_modules(sv::Core.SimpleVector, pkg::Base.PkgId, path::String)
    @ Base ./loading.jl:1366
  [6] _include_from_serialized(pkg::Base.PkgId, path::String, ocachepath::String, depmods::Vector{Any}, ignore_native::Nothing; register::Bool)
    @ Base ./loading.jl:1254
  [7] _include_from_serialized (repeats 2 times)
    @ ./loading.jl:1210 [inlined]
  [8] _require_search_from_serialized(pkg::Base.PkgId, sourcepath::String, build_id::UInt128, stalecheck::Bool; reasons::Dict{String, Int64}, DEPOT_PATH::Vector{String})
    @ Base ./loading.jl:2057
  [9] _require(pkg::Base.PkgId, env::String)
    @ Base ./loading.jl:2527
 [10] __require_prelocked(uuidkey::Base.PkgId, env::String)
    @ Base ./loading.jl:2388
 [11] #invoke_in_world#3
    @ ./essentials.jl:1089 [inlined]
 [12] invoke_in_world
    @ ./essentials.jl:1086 [inlined]
 [13] _require_prelocked(uuidkey::Base.PkgId, env::String)
    @ Base ./loading.jl:2375
 [14] macro expansion
    @ ./loading.jl:2314 [inlined]
 [15] macro expansion
    @ ./lock.jl:273 [inlined]
 [16] __require(into::Module, mod::Symbol)
    @ Base ./loading.jl:2271
 [17] #invoke_in_world#3
    @ ./essentials.jl:1089 [inlined]
 [18] invoke_in_world
    @ ./essentials.jl:1086 [inlined]
 [19] require(into::Module, mod::Symbol)
    @ Base ./loading.jl:2260
 [20] include
    @ ./Base.jl:557 [inlined]
 [21] include_package_for_output(pkg::Base.PkgId, input::String, depot_path::Vector{String}, dl_load_path::Vector{String}, load_path::Vector{String}, concrete_deps::Vector{Pair{Base.PkgId, UInt128}}, source::String)
    @ Base ./loading.jl:2881
 [22] top-level scope
    @ stdin:6
during initialization of module Connections
in expression starting at /home/pbachant/.julia/packages/DataDeps/Y2lje/src/DataDeps.jl:2
in expression starting at stdin:6
ERROR: LoadError: Failed to precompile DataDeps [124859b0-ceae-595e-8997-d05f6a7a8dfe] to "/home/pbachant/.julia/compiled/v1.11/DataDeps/jl_LC5C0T".
Stacktrace:
  [1] error(s::String)
    @ Base ./error.jl:35
  [2] compilecache(pkg::Base.PkgId, path::String, internal_stderr::IO, internal_stdout::IO, keep_loaded_modules::Bool; flags::Cmd, cacheflags::Base.CacheFlags, reasons::Dict{String, Int64}, loadable_exts::Nothing)
    @ Base ./loading.jl:3174
  [3] (::Base.var"#1110#1111"{Base.PkgId})()
    @ Base ./loading.jl:2579
  [4] mkpidlock(f::Base.var"#1110#1111"{Base.PkgId}, at::String, pid::Int32; kwopts::@Kwargs{stale_age::Int64, wait::Bool})
    @ FileWatching.Pidfile /clima/software/julia/julia-1.11.5/share/julia/stdlib/v1.11/FileWatching/src/pidfile.jl:95
  [5] #mkpidlock#6
    @ /clima/software/julia/julia-1.11.5/share/julia/stdlib/v1.11/FileWatching/src/pidfile.jl:90 [inlined]
  [6] trymkpidlock(::Function, ::Vararg{Any}; kwargs::@Kwargs{stale_age::Int64})
    @ FileWatching.Pidfile /clima/software/julia/julia-1.11.5/share/julia/stdlib/v1.11/FileWatching/src/pidfile.jl:116
  [7] #invokelatest#2
    @ ./essentials.jl:1057 [inlined]
  [8] invokelatest
    @ ./essentials.jl:1052 [inlined]
  [9] maybe_cachefile_lock(f::Base.var"#1110#1111"{Base.PkgId}, pkg::Base.PkgId, srcpath::String; stale_age::Int64)
    @ Base ./loading.jl:3698
 [10] maybe_cachefile_lock
    @ ./loading.jl:3695 [inlined]
 [11] _require(pkg::Base.PkgId, env::String)
    @ Base ./loading.jl:2565
 [12] __require_prelocked(uuidkey::Base.PkgId, env::String)
    @ Base ./loading.jl:2388
 [13] #invoke_in_world#3
    @ ./essentials.jl:1089 [inlined]
 [14] invoke_in_world
    @ ./essentials.jl:1086 [inlined]
 [15] _require_prelocked(uuidkey::Base.PkgId, env::String)
    @ Base ./loading.jl:2375
 [16] macro expansion
    @ ./loading.jl:2314 [inlined]
 [17] macro expansion
    @ ./lock.jl:273 [inlined]
 [18] __require(into::Module, mod::Symbol)
    @ Base ./loading.jl:2271
 [19] #invoke_in_world#3
    @ ./essentials.jl:1089 [inlined]
 [20] invoke_in_world
    @ ./essentials.jl:1086 [inlined]
 [21] require(into::Module, mod::Symbol)
    @ Base ./loading.jl:2260
 [22] include
    @ ./Base.jl:557 [inlined]
 [23] include_package_for_output(pkg::Base.PkgId, input::String, depot_path::Vector{String}, dl_load_path::Vector{String}, load_path::Vector{String}, concrete_deps::Vector{Pair{Base.PkgId, UInt128}}, source::Nothing)
    @ Base ./loading.jl:2881
 [24] top-level scope
    @ stdin:6
in expression starting at /home/pbachant/.julia/packages/ClimaOcean/5Dct7/src/ClimaOcean.jl:1
in expression starting at stdin:
Traceback (most recent call last):
  File "/home/pbachant/calkit/clima-perf/scripts/run.py", line 209, in <module>
    main()
    ~~~~^^
  File "/home/pbachant/calkit/clima-perf/scripts/run.py", line 159, in main
    run_julia_command(env_dir, "using Pkg; Pkg.precompile();")
    ~~~~~~~~~~~~~~~~~^^^^^^^^^^^^^^^^^^^^^^^^^^^^^^^^^^^^^^^^^
  File "/home/pbachant/calkit/clima-perf/scripts/run.py", line 66, in run_julia_command
    subprocess.run(cmd, check=check)
    ~~~~~~~~~~~~~~^^^^^^^^^^^^^^^^^^
  File "/home/pbachant/.local/share/uv/python/cpython-3.14.2-linux-x86_64-gnu/lib/python3.14/subprocess.py", line 577, in run
    raise CalledProcessError(retcode, process.args,
                             output=stdout, stderr=stderr)
subprocess.CalledProcessError: Command '['julia', '--project=runs/amip/2025-12-01/ClimaCoupler.jl/experiments/ClimaEarth', '-e', 'using Pkg; Pkg.precompile();']' returned non-zero exit status 1.
Error: Failed to run in uv-venv
