Loading climacommon/2025_05_15
  Loading requirement: climaauth/2025_05_15 openmpi/4.1.5-mpitrampoline
    julia/1.11.5 cuda/julia-pref
Using Python 3.14.2 environment at: .calkit/venvs/main/.venv
2026-01-14 13:22:34 - Running benchmark for date: 2025-11-07
2026-01-14 13:22:34 - Git repo commits:
2026-01-14 13:22:34 -   ClimaCoupler.jl: d8131b18f4f4727500bc274185ccdebb43fb7032
2026-01-14 13:22:34 -   ClimaAtmos.jl: 458529bcbc0575909ef8c2284fce35d94e906bd0
2026-01-14 13:22:34 -   ClimaCore.jl: f5963ca8668bef961fcf808dab78b021de412fda
2026-01-14 13:22:34 -   ClimaTimesteppers.jl: 47a52f332cb8cc2898d90a1c5b2b760ae0b6fbab
2026-01-14 13:22:34 -   Thermodynamics.jl: 9577fb1da33e52743cf915a3c1b24d8aa98780a3
2026-01-14 13:22:34 -   RRTMGP.jl: 90eadd1744d321a9e3fc600ef613ac2e4c42209a
2026-01-14 13:22:34 - Copying ClimaCoupler at rev: d8131b18f4f4727500bc274185ccdebb43fb7032
2026-01-14 13:22:35 - Instantiating ClimaEarth environment at: runs/amip/2025-11-07/ClimaCoupler.jl/experiments/ClimaEarth
Precompiling project...
           ✗ DataDeps
           ✗ FileIO → HTTPExt
   9284.4 ms  ✓ Thermodynamics
  11936.3 ms  ✓ RRTMGP → RRTMGPNCDatasetsExt
   4762.8 ms  ✓ Thermodynamics → CreateParametersExt
  19017.8 ms  ✓ ClimaCore
   6390.7 ms  ✓ SurfaceFluxes
           ✗ MeshArrays → MeshArraysDataDepsExt
   4495.9 ms  ✓ SurfaceFluxes → CreateParametersExt
  19875.9 ms  ✓ RRTMGP → RRTMGPCUDAExt
  19691.9 ms  ✓ ClimaTimeSteppers
  10828.6 ms  ✓ CloudMicrophysics
  14430.1 ms  ✓ ClimaUtilities → ClimaUtilitiesClimaCoreExt
  16475.7 ms  ✓ ClimaCore → KrylovExt
           ✗ ClimaOcean
  21324.3 ms  ✓ ClimaUtilities → ClimaUtilitiesClimaCoreInterpolationsExt
  21091.8 ms  ✓ ClimaUtilities → ClimaUtilitiesClimaCoreNCDatasetsExt
  24210.4 ms  ✓ ClimaDiagnostics
  35089.7 ms  ✓ ClimaTimeSteppers → ClimaTimeSteppersBenchmarkToolsExt
  24711.6 ms  ✓ ClimaCoupler
  40634.3 ms  ✓ ClimaCore → ClimaCoreCUDAExt
  47665.1 ms  ✓ ClimaCoreMakie
  13848.7 ms  ✓ ClimaLand
   9730.3 ms  ✓ ClimaLand → FluxnetSimulationsExt
  26144.8 ms  ✓ ClimaAtmos
  20258.3 ms  ✓ ClimaLand → LandSimulationVisualizationExt
  22 dependencies successfully precompiled in 108 seconds. 621 already precompiled.
  3 dependencies had output during precompilation:
┌ ClimaTimeSteppers → ClimaTimeSteppersBenchmarkToolsExt
│  ┌ Warning: CUDA runtime library `libcublasLt.so.13` was loaded from a system path, `/usr/local/cuda/lib64/libcublasLt.so.13`.
│  │ This may cause errors.
│  │ 
│  │ If you're running under a profiler, this situation is expected. Otherwise,
│  │ ensure that your library path environment variable (e.g., `PATH` on Windows
│  │ or `LD_LIBRARY_PATH` on Linux) does not include CUDA library paths.
│  │ 
│  │ In any other case, please file an issue.
│  └ @ CUDA ~/.julia/packages/CUDA/TPbi4/src/initialization.jl:218
│  ┌ Warning: CUDA runtime library `libnvJitLink.so.13` was loaded from a system path, `/usr/local/cuda/lib64/libnvJitLink.so.13`.
│  │ This may cause errors.
│  │ 
│  │ If you're running under a profiler, this situation is expected. Otherwise,
│  │ ensure that your library path environment variable (e.g., `PATH` on Windows
│  │ or `LD_LIBRARY_PATH` on Linux) does not include CUDA library paths.
│  │ 
│  │ In any other case, please file an issue.
│  └ @ CUDA ~/.julia/packages/CUDA/TPbi4/src/initialization.jl:218
│  ┌ Warning: CUDA runtime library `libcusparse.so.12` was loaded from a system path, `/usr/local/cuda/lib64/libcusparse.so.12`.
│  │ This may cause errors.
│  │ 
│  │ If you're running under a profiler, this situation is expected. Otherwise,
│  │ ensure that your library path environment variable (e.g., `PATH` on Windows
│  │ or `LD_LIBRARY_PATH` on Linux) does not include CUDA library paths.
│  │ 
│  │ In any other case, please file an issue.
│  └ @ CUDA ~/.julia/packages/CUDA/TPbi4/src/initialization.jl:218
└  
┌ RRTMGP → RRTMGPCUDAExt
│  ┌ Warning: CUDA runtime library `libcublasLt.so.13` was loaded from a system path, `/usr/local/cuda/lib64/libcublasLt.so.13`.
│  │ This may cause errors.
│  │ 
│  │ If you're running under a profiler, this situation is expected. Otherwise,
│  │ ensure that your library path environment variable (e.g., `PATH` on Windows
│  │ or `LD_LIBRARY_PATH` on Linux) does not include CUDA library paths.
│  │ 
│  │ In any other case, please file an issue.
│  └ @ CUDA ~/.julia/packages/CUDA/TPbi4/src/initialization.jl:218
│  ┌ Warning: CUDA runtime library `libnvJitLink.so.13` was loaded from a system path, `/usr/local/cuda/lib64/libnvJitLink.so.13`.
│  │ This may cause errors.
│  │ 
│  │ If you're running under a profiler, this situation is expected. Otherwise,
│  │ ensure that your library path environment variable (e.g., `PATH` on Windows
│  │ or `LD_LIBRARY_PATH` on Linux) does not include CUDA library paths.
│  │ 
│  │ In any other case, please file an issue.
│  └ @ CUDA ~/.julia/packages/CUDA/TPbi4/src/initialization.jl:218
│  ┌ Warning: CUDA runtime library `libcusparse.so.12` was loaded from a system path, `/usr/local/cuda/lib64/libcusparse.so.12`.
│  │ This may cause errors.
│  │ 
│  │ If you're running under a profiler, this situation is expected. Otherwise,
│  │ ensure that your library path environment variable (e.g., `PATH` on Windows
│  │ or `LD_LIBRARY_PATH` on Linux) does not include CUDA library paths.
│  │ 
│  │ In any other case, please file an issue.
│  └ @ CUDA ~/.julia/packages/CUDA/TPbi4/src/initialization.jl:218
└  
┌ ClimaCore → ClimaCoreCUDAExt
│  ┌ Warning: CUDA runtime library `libcublasLt.so.13` was loaded from a system path, `/usr/local/cuda/lib64/libcublasLt.so.13`.
│  │ This may cause errors.
│  │ 
│  │ If you're running under a profiler, this situation is expected. Otherwise,
│  │ ensure that your library path environment variable (e.g., `PATH` on Windows
│  │ or `LD_LIBRARY_PATH` on Linux) does not include CUDA library paths.
│  │ 
│  │ In any other case, please file an issue.
│  └ @ CUDA ~/.julia/packages/CUDA/TPbi4/src/initialization.jl:218
│  ┌ Warning: CUDA runtime library `libnvJitLink.so.13` was loaded from a system path, `/usr/local/cuda/lib64/libnvJitLink.so.13`.
│  │ This may cause errors.
│  │ 
│  │ If you're running under a profiler, this situation is expected. Otherwise,
│  │ ensure that your library path environment variable (e.g., `PATH` on Windows
│  │ or `LD_LIBRARY_PATH` on Linux) does not include CUDA library paths.
│  │ 
│  │ In any other case, please file an issue.
│  └ @ CUDA ~/.julia/packages/CUDA/TPbi4/src/initialization.jl:218
│  ┌ Warning: CUDA runtime library `libcusparse.so.12` was loaded from a system path, `/usr/local/cuda/lib64/libcusparse.so.12`.
│  │ This may cause errors.
│  │ 
│  │ If you're running under a profiler, this situation is expected. Otherwise,
│  │ ensure that your library path environment variable (e.g., `PATH` on Windows
│  │ or `LD_LIBRARY_PATH` on Linux) does not include CUDA library paths.
│  │ 
│  │ In any other case, please file an issue.
│  └ @ CUDA ~/.julia/packages/CUDA/TPbi4/src/initialization.jl:218
└  

The following 1 direct dependency failed to precompile:

ClimaOcean 

Failed to precompile ClimaOcean [0376089a-ecfe-4b0e-a64f-9c555d74d754] to "/home/pbachant/.julia/compiled/v1.11/ClimaOcean/jl_LT3X51".
┌ Warning: You are using Julia v1.11 or later!"
│ Oceananigans is currently tested on Julia v1.10."
│ If you find issues with Julia v1.11 or later,"
│ please report at https://github.com/CliMA/Oceananigans.jl/issues/new
└ @ Oceananigans ~/.julia/packages/Oceananigans/A56vm/src/Oceananigans.jl:125
ERROR: LoadError: InitError: AssertionError: ret == 1
Stacktrace:
  [1] OpenSSL.SSLContext(ssl_method::OpenSSL.SSLMethod, verify_file::String)
    @ OpenSSL ~/.julia/packages/OpenSSL/fun1x/src/ssl.jl:165
  [2] SSLContext
    @ ~/.julia/packages/OpenSSL/fun1x/src/ssl.jl:145 [inlined]
  [3] __init__()
    @ HTTP.Connections ~/.julia/packages/HTTP/ShTJs/src/Connections.jl:41
  [4] run_module_init(mod::Module, i::Int64)
    @ Base ./loading.jl:1378
  [5] register_restored_modules(sv::Core.SimpleVector, pkg::Base.PkgId, path::String)
    @ Base ./loading.jl:1366
  [6] _include_from_serialized(pkg::Base.PkgId, path::String, ocachepath::String, depmods::Vector{Any}, ignore_native::Nothing; register::Bool)
    @ Base ./loading.jl:1254
  [7] _include_from_serialized (repeats 2 times)
    @ ./loading.jl:1210 [inlined]
  [8] _require_search_from_serialized(pkg::Base.PkgId, sourcepath::String, build_id::UInt128, stalecheck::Bool; reasons::Dict{String, Int64}, DEPOT_PATH::Vector{String})
    @ Base ./loading.jl:2057
  [9] _require(pkg::Base.PkgId, env::String)
    @ Base ./loading.jl:2527
 [10] __require_prelocked(uuidkey::Base.PkgId, env::String)
    @ Base ./loading.jl:2388
 [11] #invoke_in_world#3
    @ ./essentials.jl:1089 [inlined]
 [12] invoke_in_world
    @ ./essentials.jl:1086 [inlined]
 [13] _require_prelocked(uuidkey::Base.PkgId, env::String)
    @ Base ./loading.jl:2375
 [14] macro expansion
    @ ./loading.jl:2314 [inlined]
 [15] macro expansion
    @ ./lock.jl:273 [inlined]
 [16] __require(into::Module, mod::Symbol)
    @ Base ./loading.jl:2271
 [17] #invoke_in_world#3
    @ ./essentials.jl:1089 [inlined]
 [18] invoke_in_world
    @ ./essentials.jl:1086 [inlined]
 [19] require(into::Module, mod::Symbol)
    @ Base ./loading.jl:2260
 [20] include
    @ ./Base.jl:557 [inlined]
 [21] include_package_for_output(pkg::Base.PkgId, input::String, depot_path::Vector{String}, dl_load_path::Vector{String}, load_path::Vector{String}, concrete_deps::Vector{Pair{Base.PkgId, UInt128}}, source::String)
    @ Base ./loading.jl:2881
 [22] top-level scope
    @ stdin:6
during initialization of module Connections
in expression starting at /home/pbachant/.julia/packages/DataDeps/Y2lje/src/DataDeps.jl:2
in expression starting at stdin:6
ERROR: LoadError: Failed to precompile DataDeps [124859b0-ceae-595e-8997-d05f6a7a8dfe] to "/home/pbachant/.julia/compiled/v1.11/DataDeps/jl_aZNSiP".
Stacktrace:
  [1] error(s::String)
    @ Base ./error.jl:35
  [2] compilecache(pkg::Base.PkgId, path::String, internal_stderr::IO, internal_stdout::IO, keep_loaded_modules::Bool; flags::Cmd, cacheflags::Base.CacheFlags, reasons::Dict{String, Int64}, loadable_exts::Nothing)
    @ Base ./loading.jl:3174
  [3] (::Base.var"#1110#1111"{Base.PkgId})()
    @ Base ./loading.jl:2579
  [4] mkpidlock(f::Base.var"#1110#1111"{Base.PkgId}, at::String, pid::Int32; kwopts::@Kwargs{stale_age::Int64, wait::Bool})
    @ FileWatching.Pidfile /clima/software/julia/julia-1.11.5/share/julia/stdlib/v1.11/FileWatching/src/pidfile.jl:95
  [5] #mkpidlock#6
    @ /clima/software/julia/julia-1.11.5/share/julia/stdlib/v1.11/FileWatching/src/pidfile.jl:90 [inlined]
  [6] trymkpidlock(::Function, ::Vararg{Any}; kwargs::@Kwargs{stale_age::Int64})
    @ FileWatching.Pidfile /clima/software/julia/julia-1.11.5/share/julia/stdlib/v1.11/FileWatching/src/pidfile.jl:116
  [7] #invokelatest#2
    @ ./essentials.jl:1057 [inlined]
  [8] invokelatest
    @ ./essentials.jl:1052 [inlined]
  [9] maybe_cachefile_lock(f::Base.var"#1110#1111"{Base.PkgId}, pkg::Base.PkgId, srcpath::String; stale_age::Int64)
    @ Base ./loading.jl:3698
 [10] maybe_cachefile_lock
    @ ./loading.jl:3695 [inlined]
 [11] _require(pkg::Base.PkgId, env::String)
    @ Base ./loading.jl:2565
 [12] __require_prelocked(uuidkey::Base.PkgId, env::String)
    @ Base ./loading.jl:2388
 [13] #invoke_in_world#3
    @ ./essentials.jl:1089 [inlined]
 [14] invoke_in_world
    @ ./essentials.jl:1086 [inlined]
 [15] _require_prelocked(uuidkey::Base.PkgId, env::String)
    @ Base ./loading.jl:2375
 [16] macro expansion
    @ ./loading.jl:2314 [inlined]
 [17] macro expansion
    @ ./lock.jl:273 [inlined]
 [18] __require(into::Module, mod::Symbol)
    @ Base ./loading.jl:2271
 [19] #invoke_in_world#3
    @ ./essentials.jl:1089 [inlined]
 [20] invoke_in_world
    @ ./essentials.jl:1086 [inlined]
 [21] require(into::Module, mod::Symbol)
    @ Base ./loading.jl:2260
 [22] include
    @ ./Base.jl:557 [inlined]
 [23] include_package_for_output(pkg::Base.PkgId, input::String, depot_path::Vector{String}, dl_load_path::Vector{String}, load_path::Vector{String}, concrete_deps::Vector{Pair{Base.PkgId, UInt128}}, source::Nothing)
    @ Base ./loading.jl:2881
 [24] top-level scope
    @ stdin:6
in expression starting at /home/pbachant/.julia/packages/ClimaOcean/5Dct7/src/ClimaOcean.jl:1
in expression starting at stdin:2026-01-14 13:24:35 - Adding package: ClimaAtmos.jl at rev: 458529bcbc0575909ef8c2284fce35d94e906bd0
   Resolving package versions...
    Updating `~/calkit/clima-perf/runs/amip/2025-11-07/ClimaCoupler.jl/experiments/ClimaEarth/Project.toml`
  [b2c96348] ~ ClimaAtmos v0.31.8 ⇒ v0.31.8 `https://github.com/CliMA/ClimaAtmos.jl#458529b`
    Updating `~/calkit/clima-perf/runs/amip/2025-11-07/ClimaCoupler.jl/experiments/ClimaEarth/Manifest-v1.11.toml`
  [b2c96348] ~ ClimaAtmos v0.31.8 ⇒ v0.31.8 `https://github.com/CliMA/ClimaAtmos.jl#458529b`
Precompiling project...
           ✗ DataDeps
           ✗ FileIO → HTTPExt
           ✗ MeshArrays → MeshArraysDataDepsExt
           ✗ ClimaOcean
  0 dependencies successfully precompiled in 21 seconds. 643 already precompiled.

The following 1 direct dependency failed to precompile:

ClimaOcean 

Failed to precompile ClimaOcean [0376089a-ecfe-4b0e-a64f-9c555d74d754] to "/home/pbachant/.julia/compiled/v1.11/ClimaOcean/jl_FfgnM6".
┌ Warning: You are using Julia v1.11 or later!"
│ Oceananigans is currently tested on Julia v1.10."
│ If you find issues with Julia v1.11 or later,"
│ please report at https://github.com/CliMA/Oceananigans.jl/issues/new
└ @ Oceananigans ~/.julia/packages/Oceananigans/A56vm/src/Oceananigans.jl:125
ERROR: LoadError: InitError: AssertionError: ret == 1
Stacktrace:
  [1] OpenSSL.SSLContext(ssl_method::OpenSSL.SSLMethod, verify_file::String)
    @ OpenSSL ~/.julia/packages/OpenSSL/fun1x/src/ssl.jl:165
  [2] SSLContext
    @ ~/.julia/packages/OpenSSL/fun1x/src/ssl.jl:145 [inlined]
  [3] __init__()
    @ HTTP.Connections ~/.julia/packages/HTTP/ShTJs/src/Connections.jl:41
  [4] run_module_init(mod::Module, i::Int64)
    @ Base ./loading.jl:1378
  [5] register_restored_modules(sv::Core.SimpleVector, pkg::Base.PkgId, path::String)
    @ Base ./loading.jl:1366
  [6] _include_from_serialized(pkg::Base.PkgId, path::String, ocachepath::String, depmods::Vector{Any}, ignore_native::Nothing; register::Bool)
    @ Base ./loading.jl:1254
  [7] _include_from_serialized (repeats 2 times)
    @ ./loading.jl:1210 [inlined]
  [8] _require_search_from_serialized(pkg::Base.PkgId, sourcepath::String, build_id::UInt128, stalecheck::Bool; reasons::Dict{String, Int64}, DEPOT_PATH::Vector{String})
    @ Base ./loading.jl:2057
  [9] _require(pkg::Base.PkgId, env::String)
    @ Base ./loading.jl:2527
 [10] __require_prelocked(uuidkey::Base.PkgId, env::String)
    @ Base ./loading.jl:2388
 [11] #invoke_in_world#3
    @ ./essentials.jl:1089 [inlined]
 [12] invoke_in_world
    @ ./essentials.jl:1086 [inlined]
 [13] _require_prelocked(uuidkey::Base.PkgId, env::String)
    @ Base ./loading.jl:2375
 [14] macro expansion
    @ ./loading.jl:2314 [inlined]
 [15] macro expansion
    @ ./lock.jl:273 [inlined]
 [16] __require(into::Module, mod::Symbol)
    @ Base ./loading.jl:2271
 [17] #invoke_in_world#3
    @ ./essentials.jl:1089 [inlined]
 [18] invoke_in_world
    @ ./essentials.jl:1086 [inlined]
 [19] require(into::Module, mod::Symbol)
    @ Base ./loading.jl:2260
 [20] include
    @ ./Base.jl:557 [inlined]
 [21] include_package_for_output(pkg::Base.PkgId, input::String, depot_path::Vector{String}, dl_load_path::Vector{String}, load_path::Vector{String}, concrete_deps::Vector{Pair{Base.PkgId, UInt128}}, source::String)
    @ Base ./loading.jl:2881
 [22] top-level scope
    @ stdin:6
during initialization of module Connections
in expression starting at /home/pbachant/.julia/packages/DataDeps/Y2lje/src/DataDeps.jl:2
in expression starting at stdin:6
ERROR: LoadError: Failed to precompile DataDeps [124859b0-ceae-595e-8997-d05f6a7a8dfe] to "/home/pbachant/.julia/compiled/v1.11/DataDeps/jl_sLTVD7".
Stacktrace:
  [1] error(s::String)
    @ Base ./error.jl:35
  [2] compilecache(pkg::Base.PkgId, path::String, internal_stderr::IO, internal_stdout::IO, keep_loaded_modules::Bool; flags::Cmd, cacheflags::Base.CacheFlags, reasons::Dict{String, Int64}, loadable_exts::Nothing)
    @ Base ./loading.jl:3174
  [3] (::Base.var"#1110#1111"{Base.PkgId})()
    @ Base ./loading.jl:2579
  [4] mkpidlock(f::Base.var"#1110#1111"{Base.PkgId}, at::String, pid::Int32; kwopts::@Kwargs{stale_age::Int64, wait::Bool})
    @ FileWatching.Pidfile /clima/software/julia/julia-1.11.5/share/julia/stdlib/v1.11/FileWatching/src/pidfile.jl:95
  [5] #mkpidlock#6
    @ /clima/software/julia/julia-1.11.5/share/julia/stdlib/v1.11/FileWatching/src/pidfile.jl:90 [inlined]
  [6] trymkpidlock(::Function, ::Vararg{Any}; kwargs::@Kwargs{stale_age::Int64})
    @ FileWatching.Pidfile /clima/software/julia/julia-1.11.5/share/julia/stdlib/v1.11/FileWatching/src/pidfile.jl:116
  [7] #invokelatest#2
    @ ./essentials.jl:1057 [inlined]
  [8] invokelatest
    @ ./essentials.jl:1052 [inlined]
  [9] maybe_cachefile_lock(f::Base.var"#1110#1111"{Base.PkgId}, pkg::Base.PkgId, srcpath::String; stale_age::Int64)
    @ Base ./loading.jl:3698
 [10] maybe_cachefile_lock
    @ ./loading.jl:3695 [inlined]
 [11] _require(pkg::Base.PkgId, env::String)
    @ Base ./loading.jl:2565
 [12] __require_prelocked(uuidkey::Base.PkgId, env::String)
    @ Base ./loading.jl:2388
 [13] #invoke_in_world#3
    @ ./essentials.jl:1089 [inlined]
 [14] invoke_in_world
    @ ./essentials.jl:1086 [inlined]
 [15] _require_prelocked(uuidkey::Base.PkgId, env::String)
    @ Base ./loading.jl:2375
 [16] macro expansion
    @ ./loading.jl:2314 [inlined]
 [17] macro expansion
    @ ./lock.jl:273 [inlined]
 [18] __require(into::Module, mod::Symbol)
    @ Base ./loading.jl:2271
 [19] #invoke_in_world#3
    @ ./essentials.jl:1089 [inlined]
 [20] invoke_in_world
    @ ./essentials.jl:1086 [inlined]
 [21] require(into::Module, mod::Symbol)
    @ Base ./loading.jl:2260
 [22] include
    @ ./Base.jl:557 [inlined]
 [23] include_package_for_output(pkg::Base.PkgId, input::String, depot_path::Vector{String}, dl_load_path::Vector{String}, load_path::Vector{String}, concrete_deps::Vector{Pair{Base.PkgId, UInt128}}, source::Nothing)
    @ Base ./loading.jl:2881
 [24] top-level scope
    @ stdin:6
in expression starting at /home/pbachant/.julia/packages/ClimaOcean/5Dct7/src/ClimaOcean.jl:1
in expression starting at stdin:2026-01-14 13:25:20 - Adding package: ClimaCore.jl at rev: f5963ca8668bef961fcf808dab78b021de412fda
   Resolving package versions...
    Updating `~/calkit/clima-perf/runs/amip/2025-11-07/ClimaCoupler.jl/experiments/ClimaEarth/Project.toml`
  [d414da3d] ~ ClimaCore v0.14.41 ⇒ v0.14.41 `https://github.com/CliMA/ClimaCore.jl#f5963ca`
    Updating `~/calkit/clima-perf/runs/amip/2025-11-07/ClimaCoupler.jl/experiments/ClimaEarth/Manifest-v1.11.toml`
  [d414da3d] ~ ClimaCore v0.14.41 ⇒ v0.14.41 `https://github.com/CliMA/ClimaCore.jl#f5963ca`
Precompiling project...
           ✗ DataDeps
           ✗ FileIO → HTTPExt
           ✗ MeshArrays → MeshArraysDataDepsExt
  11857.4 ms  ✓ ClimaCore
           ✗ ClimaOcean
   7845.0 ms  ✓ ClimaUtilities → ClimaUtilitiesClimaCoreExt
   9053.6 ms  ✓ ClimaCore → KrylovExt
  16084.2 ms  ✓ ClimaUtilities → ClimaUtilitiesClimaCoreInterpolationsExt
  17063.7 ms  ✓ ClimaCoupler
  17421.0 ms  ✓ ClimaUtilities → ClimaUtilitiesClimaCoreNCDatasetsExt
  18890.5 ms  ✓ ClimaDiagnostics
  27690.0 ms  ✓ ClimaCore → ClimaCoreCUDAExt
  33946.4 ms  ✓ ClimaCoreMakie
  13277.3 ms  ✓ ClimaLand
   8813.4 ms  ✓ ClimaLand → FluxnetSimulationsExt
  26119.4 ms  ✓ ClimaAtmos
  18945.4 ms  ✓ ClimaLand → LandSimulationVisualizationExt
  13 dependencies successfully precompiled in 79 seconds. 630 already precompiled.
  1 dependency had output during precompilation:
┌ ClimaCore → ClimaCoreCUDAExt
│  ┌ Warning: CUDA runtime library `libcublasLt.so.13` was loaded from a system path, `/usr/local/cuda/lib64/libcublasLt.so.13`.
│  │ This may cause errors.
│  │ 
│  │ If you're running under a profiler, this situation is expected. Otherwise,
│  │ ensure that your library path environment variable (e.g., `PATH` on Windows
│  │ or `LD_LIBRARY_PATH` on Linux) does not include CUDA library paths.
│  │ 
│  │ In any other case, please file an issue.
│  └ @ CUDA ~/.julia/packages/CUDA/TPbi4/src/initialization.jl:218
│  ┌ Warning: CUDA runtime library `libnvJitLink.so.13` was loaded from a system path, `/usr/local/cuda/lib64/libnvJitLink.so.13`.
│  │ This may cause errors.
│  │ 
│  │ If you're running under a profiler, this situation is expected. Otherwise,
│  │ ensure that your library path environment variable (e.g., `PATH` on Windows
│  │ or `LD_LIBRARY_PATH` on Linux) does not include CUDA library paths.
│  │ 
│  │ In any other case, please file an issue.
│  └ @ CUDA ~/.julia/packages/CUDA/TPbi4/src/initialization.jl:218
│  ┌ Warning: CUDA runtime library `libcusparse.so.12` was loaded from a system path, `/usr/local/cuda/lib64/libcusparse.so.12`.
│  │ This may cause errors.
│  │ 
│  │ If you're running under a profiler, this situation is expected. Otherwise,
│  │ ensure that your library path environment variable (e.g., `PATH` on Windows
│  │ or `LD_LIBRARY_PATH` on Linux) does not include CUDA library paths.
│  │ 
│  │ In any other case, please file an issue.
│  └ @ CUDA ~/.julia/packages/CUDA/TPbi4/src/initialization.jl:218
└  

The following 1 direct dependency failed to precompile:

ClimaOcean 

Failed to precompile ClimaOcean [0376089a-ecfe-4b0e-a64f-9c555d74d754] to "/home/pbachant/.julia/compiled/v1.11/ClimaOcean/jl_u9IfQI".
┌ Warning: You are using Julia v1.11 or later!"
│ Oceananigans is currently tested on Julia v1.10."
│ If you find issues with Julia v1.11 or later,"
│ please report at https://github.com/CliMA/Oceananigans.jl/issues/new
└ @ Oceananigans ~/.julia/packages/Oceananigans/A56vm/src/Oceananigans.jl:125
ERROR: LoadError: InitError: AssertionError: ret == 1
Stacktrace:
  [1] OpenSSL.SSLContext(ssl_method::OpenSSL.SSLMethod, verify_file::String)
    @ OpenSSL ~/.julia/packages/OpenSSL/fun1x/src/ssl.jl:165
  [2] SSLContext
    @ ~/.julia/packages/OpenSSL/fun1x/src/ssl.jl:145 [inlined]
  [3] __init__()
    @ HTTP.Connections ~/.julia/packages/HTTP/ShTJs/src/Connections.jl:41
  [4] run_module_init(mod::Module, i::Int64)
    @ Base ./loading.jl:1378
  [5] register_restored_modules(sv::Core.SimpleVector, pkg::Base.PkgId, path::String)
    @ Base ./loading.jl:1366
  [6] _include_from_serialized(pkg::Base.PkgId, path::String, ocachepath::String, depmods::Vector{Any}, ignore_native::Nothing; register::Bool)
    @ Base ./loading.jl:1254
  [7] _include_from_serialized (repeats 2 times)
    @ ./loading.jl:1210 [inlined]
  [8] _require_search_from_serialized(pkg::Base.PkgId, sourcepath::String, build_id::UInt128, stalecheck::Bool; reasons::Dict{String, Int64}, DEPOT_PATH::Vector{String})
    @ Base ./loading.jl:2057
  [9] _require(pkg::Base.PkgId, env::String)
    @ Base ./loading.jl:2527
 [10] __require_prelocked(uuidkey::Base.PkgId, env::String)
    @ Base ./loading.jl:2388
 [11] #invoke_in_world#3
    @ ./essentials.jl:1089 [inlined]
 [12] invoke_in_world
    @ ./essentials.jl:1086 [inlined]
 [13] _require_prelocked(uuidkey::Base.PkgId, env::String)
    @ Base ./loading.jl:2375
 [14] macro expansion
    @ ./loading.jl:2314 [inlined]
 [15] macro expansion
    @ ./lock.jl:273 [inlined]
 [16] __require(into::Module, mod::Symbol)
    @ Base ./loading.jl:2271
 [17] #invoke_in_world#3
    @ ./essentials.jl:1089 [inlined]
 [18] invoke_in_world
    @ ./essentials.jl:1086 [inlined]
 [19] require(into::Module, mod::Symbol)
    @ Base ./loading.jl:2260
 [20] include
    @ ./Base.jl:557 [inlined]
 [21] include_package_for_output(pkg::Base.PkgId, input::String, depot_path::Vector{String}, dl_load_path::Vector{String}, load_path::Vector{String}, concrete_deps::Vector{Pair{Base.PkgId, UInt128}}, source::String)
    @ Base ./loading.jl:2881
 [22] top-level scope
    @ stdin:6
during initialization of module Connections
in expression starting at /home/pbachant/.julia/packages/DataDeps/Y2lje/src/DataDeps.jl:2
in expression starting at stdin:6
ERROR: LoadError: Failed to precompile DataDeps [124859b0-ceae-595e-8997-d05f6a7a8dfe] to "/home/pbachant/.julia/compiled/v1.11/DataDeps/jl_BIbCs2".
Stacktrace:
  [1] error(s::String)
    @ Base ./error.jl:35
  [2] compilecache(pkg::Base.PkgId, path::String, internal_stderr::IO, internal_stdout::IO, keep_loaded_modules::Bool; flags::Cmd, cacheflags::Base.CacheFlags, reasons::Dict{String, Int64}, loadable_exts::Nothing)
    @ Base ./loading.jl:3174
  [3] (::Base.var"#1110#1111"{Base.PkgId})()
    @ Base ./loading.jl:2579
  [4] mkpidlock(f::Base.var"#1110#1111"{Base.PkgId}, at::String, pid::Int32; kwopts::@Kwargs{stale_age::Int64, wait::Bool})
    @ FileWatching.Pidfile /clima/software/julia/julia-1.11.5/share/julia/stdlib/v1.11/FileWatching/src/pidfile.jl:95
  [5] #mkpidlock#6
    @ /clima/software/julia/julia-1.11.5/share/julia/stdlib/v1.11/FileWatching/src/pidfile.jl:90 [inlined]
  [6] trymkpidlock(::Function, ::Vararg{Any}; kwargs::@Kwargs{stale_age::Int64})
    @ FileWatching.Pidfile /clima/software/julia/julia-1.11.5/share/julia/stdlib/v1.11/FileWatching/src/pidfile.jl:116
  [7] #invokelatest#2
    @ ./essentials.jl:1057 [inlined]
  [8] invokelatest
    @ ./essentials.jl:1052 [inlined]
  [9] maybe_cachefile_lock(f::Base.var"#1110#1111"{Base.PkgId}, pkg::Base.PkgId, srcpath::String; stale_age::Int64)
    @ Base ./loading.jl:3698
 [10] maybe_cachefile_lock
    @ ./loading.jl:3695 [inlined]
 [11] _require(pkg::Base.PkgId, env::String)
    @ Base ./loading.jl:2565
 [12] __require_prelocked(uuidkey::Base.PkgId, env::String)
    @ Base ./loading.jl:2388
 [13] #invoke_in_world#3
    @ ./essentials.jl:1089 [inlined]
 [14] invoke_in_world
    @ ./essentials.jl:1086 [inlined]
 [15] _require_prelocked(uuidkey::Base.PkgId, env::String)
    @ Base ./loading.jl:2375
 [16] macro expansion
    @ ./loading.jl:2314 [inlined]
 [17] macro expansion
    @ ./lock.jl:273 [inlined]
 [18] __require(into::Module, mod::Symbol)
    @ Base ./loading.jl:2271
 [19] #invoke_in_world#3
    @ ./essentials.jl:1089 [inlined]
 [20] invoke_in_world
    @ ./essentials.jl:1086 [inlined]
 [21] require(into::Module, mod::Symbol)
    @ Base ./loading.jl:2260
 [22] include
    @ ./Base.jl:557 [inlined]
 [23] include_package_for_output(pkg::Base.PkgId, input::String, depot_path::Vector{String}, dl_load_path::Vector{String}, load_path::Vector{String}, concrete_deps::Vector{Pair{Base.PkgId, UInt128}}, source::Nothing)
    @ Base ./loading.jl:2881
 [24] top-level scope
    @ stdin:6
in expression starting at /home/pbachant/.julia/packages/ClimaOcean/5Dct7/src/ClimaOcean.jl:1
in expression starting at stdin:2026-01-14 13:27:05 - Adding package: ClimaTimesteppers.jl at rev: 47a52f332cb8cc2898d90a1c5b2b760ae0b6fbab
   Resolving package versions...
    Updating `~/calkit/clima-perf/runs/amip/2025-11-07/ClimaCoupler.jl/experiments/ClimaEarth/Project.toml`
  [595c0a79] ~ ClimaTimeSteppers v0.8.5 ⇒ v0.8.5 `https://github.com/CliMA/ClimaTimesteppers.jl#47a52f3`
    Updating `~/calkit/clima-perf/runs/amip/2025-11-07/ClimaCoupler.jl/experiments/ClimaEarth/Manifest-v1.11.toml`
  [595c0a79] ~ ClimaTimeSteppers v0.8.5 ⇒ v0.8.5 `https://github.com/CliMA/ClimaTimesteppers.jl#47a52f3`
Precompiling project...
           ✗ DataDeps
           ✗ FileIO → HTTPExt
           ✗ MeshArrays → MeshArraysDataDepsExt
  15511.5 ms  ✓ ClimaLand
           ✗ ClimaOcean
  10236.8 ms  ✓ ClimaLand → FluxnetSimulationsExt
  30541.6 ms  ✓ ClimaAtmos
  20623.8 ms  ✓ ClimaLand → LandSimulationVisualizationExt
  4 dependencies successfully precompiled in 46 seconds. 639 already precompiled.

The following 1 direct dependency failed to precompile:

ClimaOcean 

Failed to precompile ClimaOcean [0376089a-ecfe-4b0e-a64f-9c555d74d754] to "/home/pbachant/.julia/compiled/v1.11/ClimaOcean/jl_jOGt8C".
┌ Warning: You are using Julia v1.11 or later!"
│ Oceananigans is currently tested on Julia v1.10."
│ If you find issues with Julia v1.11 or later,"
│ please report at https://github.com/CliMA/Oceananigans.jl/issues/new
└ @ Oceananigans ~/.julia/packages/Oceananigans/A56vm/src/Oceananigans.jl:125
ERROR: LoadError: InitError: AssertionError: ret == 1
Stacktrace:
  [1] OpenSSL.SSLContext(ssl_method::OpenSSL.SSLMethod, verify_file::String)
    @ OpenSSL ~/.julia/packages/OpenSSL/fun1x/src/ssl.jl:165
  [2] SSLContext
    @ ~/.julia/packages/OpenSSL/fun1x/src/ssl.jl:145 [inlined]
  [3] __init__()
    @ HTTP.Connections ~/.julia/packages/HTTP/ShTJs/src/Connections.jl:41
  [4] run_module_init(mod::Module, i::Int64)
    @ Base ./loading.jl:1378
  [5] register_restored_modules(sv::Core.SimpleVector, pkg::Base.PkgId, path::String)
    @ Base ./loading.jl:1366
  [6] _include_from_serialized(pkg::Base.PkgId, path::String, ocachepath::String, depmods::Vector{Any}, ignore_native::Nothing; register::Bool)
    @ Base ./loading.jl:1254
  [7] _include_from_serialized (repeats 2 times)
    @ ./loading.jl:1210 [inlined]
  [8] _require_search_from_serialized(pkg::Base.PkgId, sourcepath::String, build_id::UInt128, stalecheck::Bool; reasons::Dict{String, Int64}, DEPOT_PATH::Vector{String})
    @ Base ./loading.jl:2057
  [9] _require(pkg::Base.PkgId, env::String)
    @ Base ./loading.jl:2527
 [10] __require_prelocked(uuidkey::Base.PkgId, env::String)
    @ Base ./loading.jl:2388
 [11] #invoke_in_world#3
    @ ./essentials.jl:1089 [inlined]
 [12] invoke_in_world
    @ ./essentials.jl:1086 [inlined]
 [13] _require_prelocked(uuidkey::Base.PkgId, env::String)
    @ Base ./loading.jl:2375
 [14] macro expansion
    @ ./loading.jl:2314 [inlined]
 [15] macro expansion
    @ ./lock.jl:273 [inlined]
 [16] __require(into::Module, mod::Symbol)
    @ Base ./loading.jl:2271
 [17] #invoke_in_world#3
    @ ./essentials.jl:1089 [inlined]
 [18] invoke_in_world
    @ ./essentials.jl:1086 [inlined]
 [19] require(into::Module, mod::Symbol)
    @ Base ./loading.jl:2260
 [20] include
    @ ./Base.jl:557 [inlined]
 [21] include_package_for_output(pkg::Base.PkgId, input::String, depot_path::Vector{String}, dl_load_path::Vector{String}, load_path::Vector{String}, concrete_deps::Vector{Pair{Base.PkgId, UInt128}}, source::String)
    @ Base ./loading.jl:2881
 [22] top-level scope
    @ stdin:6
during initialization of module Connections
in expression starting at /home/pbachant/.julia/packages/DataDeps/Y2lje/src/DataDeps.jl:2
in expression starting at stdin:6
ERROR: LoadError: Failed to precompile DataDeps [124859b0-ceae-595e-8997-d05f6a7a8dfe] to "/home/pbachant/.julia/compiled/v1.11/DataDeps/jl_SheMKi".
Stacktrace:
  [1] error(s::String)
    @ Base ./error.jl:35
  [2] compilecache(pkg::Base.PkgId, path::String, internal_stderr::IO, internal_stdout::IO, keep_loaded_modules::Bool; flags::Cmd, cacheflags::Base.CacheFlags, reasons::Dict{String, Int64}, loadable_exts::Nothing)
    @ Base ./loading.jl:3174
  [3] (::Base.var"#1110#1111"{Base.PkgId})()
    @ Base ./loading.jl:2579
  [4] mkpidlock(f::Base.var"#1110#1111"{Base.PkgId}, at::String, pid::Int32; kwopts::@Kwargs{stale_age::Int64, wait::Bool})
    @ FileWatching.Pidfile /clima/software/julia/julia-1.11.5/share/julia/stdlib/v1.11/FileWatching/src/pidfile.jl:95
  [5] #mkpidlock#6
    @ /clima/software/julia/julia-1.11.5/share/julia/stdlib/v1.11/FileWatching/src/pidfile.jl:90 [inlined]
  [6] trymkpidlock(::Function, ::Vararg{Any}; kwargs::@Kwargs{stale_age::Int64})
    @ FileWatching.Pidfile /clima/software/julia/julia-1.11.5/share/julia/stdlib/v1.11/FileWatching/src/pidfile.jl:116
  [7] #invokelatest#2
    @ ./essentials.jl:1057 [inlined]
  [8] invokelatest
    @ ./essentials.jl:1052 [inlined]
  [9] maybe_cachefile_lock(f::Base.var"#1110#1111"{Base.PkgId}, pkg::Base.PkgId, srcpath::String; stale_age::Int64)
    @ Base ./loading.jl:3698
 [10] maybe_cachefile_lock
    @ ./loading.jl:3695 [inlined]
 [11] _require(pkg::Base.PkgId, env::String)
    @ Base ./loading.jl:2565
 [12] __require_prelocked(uuidkey::Base.PkgId, env::String)
    @ Base ./loading.jl:2388
 [13] #invoke_in_world#3
    @ ./essentials.jl:1089 [inlined]
 [14] invoke_in_world
    @ ./essentials.jl:1086 [inlined]
 [15] _require_prelocked(uuidkey::Base.PkgId, env::String)
    @ Base ./loading.jl:2375
 [16] macro expansion
    @ ./loading.jl:2314 [inlined]
 [17] macro expansion
    @ ./lock.jl:273 [inlined]
 [18] __require(into::Module, mod::Symbol)
    @ Base ./loading.jl:2271
 [19] #invoke_in_world#3
    @ ./essentials.jl:1089 [inlined]
 [20] invoke_in_world
    @ ./essentials.jl:1086 [inlined]
 [21] require(into::Module, mod::Symbol)
    @ Base ./loading.jl:2260
 [22] include
    @ ./Base.jl:557 [inlined]
 [23] include_package_for_output(pkg::Base.PkgId, input::String, depot_path::Vector{String}, dl_load_path::Vector{String}, load_path::Vector{String}, concrete_deps::Vector{Pair{Base.PkgId, UInt128}}, source::Nothing)
    @ Base ./loading.jl:2881
 [24] top-level scope
    @ stdin:6
in expression starting at /home/pbachant/.julia/packages/ClimaOcean/5Dct7/src/ClimaOcean.jl:1
in expression starting at stdin:2026-01-14 13:28:15 - Adding package: Thermodynamics.jl at rev: 9577fb1da33e52743cf915a3c1b24d8aa98780a3
   Resolving package versions...
    Updating `~/calkit/clima-perf/runs/amip/2025-11-07/ClimaCoupler.jl/experiments/ClimaEarth/Project.toml`
  [b60c26fb] ~ Thermodynamics v0.15.0 ⇒ v0.15.0 `https://github.com/CliMA/Thermodynamics.jl#9577fb1`
    Updating `~/calkit/clima-perf/runs/amip/2025-11-07/ClimaCoupler.jl/experiments/ClimaEarth/Manifest-v1.11.toml`
  [b60c26fb] ~ Thermodynamics v0.15.0 ⇒ v0.15.0 `https://github.com/CliMA/Thermodynamics.jl#9577fb1`
Precompiling project...
           ✗ DataDeps
           ✗ FileIO → HTTPExt
           ✗ MeshArrays → MeshArraysDataDepsExt
  10017.6 ms  ✓ ClimaCoupler
           ✗ ClimaOcean
  20418.9 ms  ✓ ClimaLand
   8728.5 ms  ✓ ClimaLand → FluxnetSimulationsExt
  33189.1 ms  ✓ ClimaAtmos
  18469.5 ms  ✓ ClimaLand → LandSimulationVisualizationExt
  5 dependencies successfully precompiled in 49 seconds. 638 already precompiled.

The following 1 direct dependency failed to precompile:

ClimaOcean 

Failed to precompile ClimaOcean [0376089a-ecfe-4b0e-a64f-9c555d74d754] to "/home/pbachant/.julia/compiled/v1.11/ClimaOcean/jl_8HDbQG".
┌ Warning: You are using Julia v1.11 or later!"
│ Oceananigans is currently tested on Julia v1.10."
│ If you find issues with Julia v1.11 or later,"
│ please report at https://github.com/CliMA/Oceananigans.jl/issues/new
└ @ Oceananigans ~/.julia/packages/Oceananigans/A56vm/src/Oceananigans.jl:125
ERROR: LoadError: InitError: AssertionError: ret == 1
Stacktrace:
  [1] OpenSSL.SSLContext(ssl_method::OpenSSL.SSLMethod, verify_file::String)
    @ OpenSSL ~/.julia/packages/OpenSSL/fun1x/src/ssl.jl:165
  [2] SSLContext
    @ ~/.julia/packages/OpenSSL/fun1x/src/ssl.jl:145 [inlined]
  [3] __init__()
    @ HTTP.Connections ~/.julia/packages/HTTP/ShTJs/src/Connections.jl:41
  [4] run_module_init(mod::Module, i::Int64)
    @ Base ./loading.jl:1378
  [5] register_restored_modules(sv::Core.SimpleVector, pkg::Base.PkgId, path::String)
    @ Base ./loading.jl:1366
  [6] _include_from_serialized(pkg::Base.PkgId, path::String, ocachepath::String, depmods::Vector{Any}, ignore_native::Nothing; register::Bool)
    @ Base ./loading.jl:1254
  [7] _include_from_serialized (repeats 2 times)
    @ ./loading.jl:1210 [inlined]
  [8] _require_search_from_serialized(pkg::Base.PkgId, sourcepath::String, build_id::UInt128, stalecheck::Bool; reasons::Dict{String, Int64}, DEPOT_PATH::Vector{String})
    @ Base ./loading.jl:2057
  [9] _require(pkg::Base.PkgId, env::String)
    @ Base ./loading.jl:2527
 [10] __require_prelocked(uuidkey::Base.PkgId, env::String)
    @ Base ./loading.jl:2388
 [11] #invoke_in_world#3
    @ ./essentials.jl:1089 [inlined]
 [12] invoke_in_world
    @ ./essentials.jl:1086 [inlined]
 [13] _require_prelocked(uuidkey::Base.PkgId, env::String)
    @ Base ./loading.jl:2375
 [14] macro expansion
    @ ./loading.jl:2314 [inlined]
 [15] macro expansion
    @ ./lock.jl:273 [inlined]
 [16] __require(into::Module, mod::Symbol)
    @ Base ./loading.jl:2271
 [17] #invoke_in_world#3
    @ ./essentials.jl:1089 [inlined]
 [18] invoke_in_world
    @ ./essentials.jl:1086 [inlined]
 [19] require(into::Module, mod::Symbol)
    @ Base ./loading.jl:2260
 [20] include
    @ ./Base.jl:557 [inlined]
 [21] include_package_for_output(pkg::Base.PkgId, input::String, depot_path::Vector{String}, dl_load_path::Vector{String}, load_path::Vector{String}, concrete_deps::Vector{Pair{Base.PkgId, UInt128}}, source::String)
    @ Base ./loading.jl:2881
 [22] top-level scope
    @ stdin:6
during initialization of module Connections
in expression starting at /home/pbachant/.julia/packages/DataDeps/Y2lje/src/DataDeps.jl:2
in expression starting at stdin:6
ERROR: LoadError: Failed to precompile DataDeps [124859b0-ceae-595e-8997-d05f6a7a8dfe] to "/home/pbachant/.julia/compiled/v1.11/DataDeps/jl_22bvJb".
Stacktrace:
  [1] error(s::String)
    @ Base ./error.jl:35
  [2] compilecache(pkg::Base.PkgId, path::String, internal_stderr::IO, internal_stdout::IO, keep_loaded_modules::Bool; flags::Cmd, cacheflags::Base.CacheFlags, reasons::Dict{String, Int64}, loadable_exts::Nothing)
    @ Base ./loading.jl:3174
  [3] (::Base.var"#1110#1111"{Base.PkgId})()
    @ Base ./loading.jl:2579
  [4] mkpidlock(f::Base.var"#1110#1111"{Base.PkgId}, at::String, pid::Int32; kwopts::@Kwargs{stale_age::Int64, wait::Bool})
    @ FileWatching.Pidfile /clima/software/julia/julia-1.11.5/share/julia/stdlib/v1.11/FileWatching/src/pidfile.jl:95
  [5] #mkpidlock#6
    @ /clima/software/julia/julia-1.11.5/share/julia/stdlib/v1.11/FileWatching/src/pidfile.jl:90 [inlined]
  [6] trymkpidlock(::Function, ::Vararg{Any}; kwargs::@Kwargs{stale_age::Int64})
    @ FileWatching.Pidfile /clima/software/julia/julia-1.11.5/share/julia/stdlib/v1.11/FileWatching/src/pidfile.jl:116
  [7] #invokelatest#2
    @ ./essentials.jl:1057 [inlined]
  [8] invokelatest
    @ ./essentials.jl:1052 [inlined]
  [9] maybe_cachefile_lock(f::Base.var"#1110#1111"{Base.PkgId}, pkg::Base.PkgId, srcpath::String; stale_age::Int64)
    @ Base ./loading.jl:3698
 [10] maybe_cachefile_lock
    @ ./loading.jl:3695 [inlined]
 [11] _require(pkg::Base.PkgId, env::String)
    @ Base ./loading.jl:2565
 [12] __require_prelocked(uuidkey::Base.PkgId, env::String)
    @ Base ./loading.jl:2388
 [13] #invoke_in_world#3
    @ ./essentials.jl:1089 [inlined]
 [14] invoke_in_world
    @ ./essentials.jl:1086 [inlined]
 [15] _require_prelocked(uuidkey::Base.PkgId, env::String)
    @ Base ./loading.jl:2375
 [16] macro expansion
    @ ./loading.jl:2314 [inlined]
 [17] macro expansion
    @ ./lock.jl:273 [inlined]
 [18] __require(into::Module, mod::Symbol)
    @ Base ./loading.jl:2271
 [19] #invoke_in_world#3
    @ ./essentials.jl:1089 [inlined]
 [20] invoke_in_world
    @ ./essentials.jl:1086 [inlined]
 [21] require(into::Module, mod::Symbol)
    @ Base ./loading.jl:2260
 [22] include
    @ ./Base.jl:557 [inlined]
 [23] include_package_for_output(pkg::Base.PkgId, input::String, depot_path::Vector{String}, dl_load_path::Vector{String}, load_path::Vector{String}, concrete_deps::Vector{Pair{Base.PkgId, UInt128}}, source::Nothing)
    @ Base ./loading.jl:2881
 [24] top-level scope
    @ stdin:6
in expression starting at /home/pbachant/.julia/packages/ClimaOcean/5Dct7/src/ClimaOcean.jl:1
in expression starting at stdin:2026-01-14 13:29:29 - Adding package: RRTMGP.jl at rev: 90eadd1744d321a9e3fc600ef613ac2e4c42209a
   Resolving package versions...
    Updating `~/calkit/clima-perf/runs/amip/2025-11-07/ClimaCoupler.jl/experiments/ClimaEarth/Project.toml`
  [a01a1ee8] + RRTMGP v0.21.6 `https://github.com/CliMA/RRTMGP.jl#90eadd1`
    Updating `~/calkit/clima-perf/runs/amip/2025-11-07/ClimaCoupler.jl/experiments/ClimaEarth/Manifest-v1.11.toml`
  [a01a1ee8] ~ RRTMGP v0.21.6 ⇒ v0.21.6 `https://github.com/CliMA/RRTMGP.jl#90eadd1`
Precompiling project...
           ✗ DataDeps
           ✗ FileIO → HTTPExt
           ✗ MeshArrays → MeshArraysDataDepsExt
           ✗ ClimaOcean
  19176.1 ms  ✓ ClimaAtmos
  1 dependency successfully precompiled in 29 seconds. 642 already precompiled.

The following 1 direct dependency failed to precompile:

ClimaOcean 

Failed to precompile ClimaOcean [0376089a-ecfe-4b0e-a64f-9c555d74d754] to "/home/pbachant/.julia/compiled/v1.11/ClimaOcean/jl_dvqAPB".
┌ Warning: You are using Julia v1.11 or later!"
│ Oceananigans is currently tested on Julia v1.10."
│ If you find issues with Julia v1.11 or later,"
│ please report at https://github.com/CliMA/Oceananigans.jl/issues/new
└ @ Oceananigans ~/.julia/packages/Oceananigans/A56vm/src/Oceananigans.jl:125
ERROR: LoadError: InitError: AssertionError: ret == 1
Stacktrace:
  [1] OpenSSL.SSLContext(ssl_method::OpenSSL.SSLMethod, verify_file::String)
    @ OpenSSL ~/.julia/packages/OpenSSL/fun1x/src/ssl.jl:165
  [2] SSLContext
    @ ~/.julia/packages/OpenSSL/fun1x/src/ssl.jl:145 [inlined]
  [3] __init__()
    @ HTTP.Connections ~/.julia/packages/HTTP/ShTJs/src/Connections.jl:41
  [4] run_module_init(mod::Module, i::Int64)
    @ Base ./loading.jl:1378
  [5] register_restored_modules(sv::Core.SimpleVector, pkg::Base.PkgId, path::String)
    @ Base ./loading.jl:1366
  [6] _include_from_serialized(pkg::Base.PkgId, path::String, ocachepath::String, depmods::Vector{Any}, ignore_native::Nothing; register::Bool)
    @ Base ./loading.jl:1254
  [7] _include_from_serialized (repeats 2 times)
    @ ./loading.jl:1210 [inlined]
  [8] _require_search_from_serialized(pkg::Base.PkgId, sourcepath::String, build_id::UInt128, stalecheck::Bool; reasons::Dict{String, Int64}, DEPOT_PATH::Vector{String})
    @ Base ./loading.jl:2057
  [9] _require(pkg::Base.PkgId, env::String)
    @ Base ./loading.jl:2527
 [10] __require_prelocked(uuidkey::Base.PkgId, env::String)
    @ Base ./loading.jl:2388
 [11] #invoke_in_world#3
    @ ./essentials.jl:1089 [inlined]
 [12] invoke_in_world
    @ ./essentials.jl:1086 [inlined]
 [13] _require_prelocked(uuidkey::Base.PkgId, env::String)
    @ Base ./loading.jl:2375
 [14] macro expansion
    @ ./loading.jl:2314 [inlined]
 [15] macro expansion
    @ ./lock.jl:273 [inlined]
 [16] __require(into::Module, mod::Symbol)
    @ Base ./loading.jl:2271
 [17] #invoke_in_world#3
    @ ./essentials.jl:1089 [inlined]
 [18] invoke_in_world
    @ ./essentials.jl:1086 [inlined]
 [19] require(into::Module, mod::Symbol)
    @ Base ./loading.jl:2260
 [20] include
    @ ./Base.jl:557 [inlined]
 [21] include_package_for_output(pkg::Base.PkgId, input::String, depot_path::Vector{String}, dl_load_path::Vector{String}, load_path::Vector{String}, concrete_deps::Vector{Pair{Base.PkgId, UInt128}}, source::String)
    @ Base ./loading.jl:2881
 [22] top-level scope
    @ stdin:6
during initialization of module Connections
in expression starting at /home/pbachant/.julia/packages/DataDeps/Y2lje/src/DataDeps.jl:2
in expression starting at stdin:6
ERROR: LoadError: Failed to precompile DataDeps [124859b0-ceae-595e-8997-d05f6a7a8dfe] to "/home/pbachant/.julia/compiled/v1.11/DataDeps/jl_AlAeCu".
Stacktrace:
  [1] error(s::String)
    @ Base ./error.jl:35
  [2] compilecache(pkg::Base.PkgId, path::String, internal_stderr::IO, internal_stdout::IO, keep_loaded_modules::Bool; flags::Cmd, cacheflags::Base.CacheFlags, reasons::Dict{String, Int64}, loadable_exts::Nothing)
    @ Base ./loading.jl:3174
  [3] (::Base.var"#1110#1111"{Base.PkgId})()
    @ Base ./loading.jl:2579
  [4] mkpidlock(f::Base.var"#1110#1111"{Base.PkgId}, at::String, pid::Int32; kwopts::@Kwargs{stale_age::Int64, wait::Bool})
    @ FileWatching.Pidfile /clima/software/julia/julia-1.11.5/share/julia/stdlib/v1.11/FileWatching/src/pidfile.jl:95
  [5] #mkpidlock#6
    @ /clima/software/julia/julia-1.11.5/share/julia/stdlib/v1.11/FileWatching/src/pidfile.jl:90 [inlined]
  [6] trymkpidlock(::Function, ::Vararg{Any}; kwargs::@Kwargs{stale_age::Int64})
    @ FileWatching.Pidfile /clima/software/julia/julia-1.11.5/share/julia/stdlib/v1.11/FileWatching/src/pidfile.jl:116
  [7] #invokelatest#2
    @ ./essentials.jl:1057 [inlined]
  [8] invokelatest
    @ ./essentials.jl:1052 [inlined]
  [9] maybe_cachefile_lock(f::Base.var"#1110#1111"{Base.PkgId}, pkg::Base.PkgId, srcpath::String; stale_age::Int64)
    @ Base ./loading.jl:3698
 [10] maybe_cachefile_lock
    @ ./loading.jl:3695 [inlined]
 [11] _require(pkg::Base.PkgId, env::String)
    @ Base ./loading.jl:2565
 [12] __require_prelocked(uuidkey::Base.PkgId, env::String)
    @ Base ./loading.jl:2388
 [13] #invoke_in_world#3
    @ ./essentials.jl:1089 [inlined]
 [14] invoke_in_world
    @ ./essentials.jl:1086 [inlined]
 [15] _require_prelocked(uuidkey::Base.PkgId, env::String)
    @ Base ./loading.jl:2375
 [16] macro expansion
    @ ./loading.jl:2314 [inlined]
 [17] macro expansion
    @ ./lock.jl:273 [inlined]
 [18] __require(into::Module, mod::Symbol)
    @ Base ./loading.jl:2271
 [19] #invoke_in_world#3
    @ ./essentials.jl:1089 [inlined]
 [20] invoke_in_world
    @ ./essentials.jl:1086 [inlined]
 [21] require(into::Module, mod::Symbol)
    @ Base ./loading.jl:2260
 [22] include
    @ ./Base.jl:557 [inlined]
 [23] include_package_for_output(pkg::Base.PkgId, input::String, depot_path::Vector{String}, dl_load_path::Vector{String}, load_path::Vector{String}, concrete_deps::Vector{Pair{Base.PkgId, UInt128}}, source::Nothing)
    @ Base ./loading.jl:2881
 [24] top-level scope
    @ stdin:6
in expression starting at /home/pbachant/.julia/packages/ClimaOcean/5Dct7/src/ClimaOcean.jl:1
in expression starting at stdin:2026-01-14 13:30:23 - Resolving environment
  No Changes to `~/calkit/clima-perf/runs/amip/2025-11-07/ClimaCoupler.jl/experiments/ClimaEarth/Project.toml`
  No Changes to `~/calkit/clima-perf/runs/amip/2025-11-07/ClimaCoupler.jl/experiments/ClimaEarth/Manifest-v1.11.toml`
2026-01-14 13:30:36 - Adding MPI package
   Resolving package versions...
    Updating `~/calkit/clima-perf/runs/amip/2025-11-07/ClimaCoupler.jl/experiments/ClimaEarth/Project.toml`
  [da04e1cc] + MPI v0.20.23
  No Changes to `~/calkit/clima-perf/runs/amip/2025-11-07/ClimaCoupler.jl/experiments/ClimaEarth/Manifest-v1.11.toml`
Precompiling project...
           ✗ DataDeps
           ✗ FileIO → HTTPExt
           ✗ MeshArrays → MeshArraysDataDepsExt
           ✗ ClimaOcean
  0 dependencies successfully precompiled in 19 seconds. 643 already precompiled.

The following 1 direct dependency failed to precompile:

ClimaOcean 

Failed to precompile ClimaOcean [0376089a-ecfe-4b0e-a64f-9c555d74d754] to "/home/pbachant/.julia/compiled/v1.11/ClimaOcean/jl_188qoH".
┌ Warning: You are using Julia v1.11 or later!"
│ Oceananigans is currently tested on Julia v1.10."
│ If you find issues with Julia v1.11 or later,"
│ please report at https://github.com/CliMA/Oceananigans.jl/issues/new
└ @ Oceananigans ~/.julia/packages/Oceananigans/A56vm/src/Oceananigans.jl:125
ERROR: LoadError: InitError: AssertionError: ret == 1
Stacktrace:
  [1] OpenSSL.SSLContext(ssl_method::OpenSSL.SSLMethod, verify_file::String)
    @ OpenSSL ~/.julia/packages/OpenSSL/fun1x/src/ssl.jl:165
  [2] SSLContext
    @ ~/.julia/packages/OpenSSL/fun1x/src/ssl.jl:145 [inlined]
  [3] __init__()
    @ HTTP.Connections ~/.julia/packages/HTTP/ShTJs/src/Connections.jl:41
  [4] run_module_init(mod::Module, i::Int64)
    @ Base ./loading.jl:1378
  [5] register_restored_modules(sv::Core.SimpleVector, pkg::Base.PkgId, path::String)
    @ Base ./loading.jl:1366
  [6] _include_from_serialized(pkg::Base.PkgId, path::String, ocachepath::String, depmods::Vector{Any}, ignore_native::Nothing; register::Bool)
    @ Base ./loading.jl:1254
  [7] _include_from_serialized (repeats 2 times)
    @ ./loading.jl:1210 [inlined]
  [8] _require_search_from_serialized(pkg::Base.PkgId, sourcepath::String, build_id::UInt128, stalecheck::Bool; reasons::Dict{String, Int64}, DEPOT_PATH::Vector{String})
    @ Base ./loading.jl:2057
  [9] _require(pkg::Base.PkgId, env::String)
    @ Base ./loading.jl:2527
 [10] __require_prelocked(uuidkey::Base.PkgId, env::String)
    @ Base ./loading.jl:2388
 [11] #invoke_in_world#3
    @ ./essentials.jl:1089 [inlined]
 [12] invoke_in_world
    @ ./essentials.jl:1086 [inlined]
 [13] _require_prelocked(uuidkey::Base.PkgId, env::String)
    @ Base ./loading.jl:2375
 [14] macro expansion
    @ ./loading.jl:2314 [inlined]
 [15] macro expansion
    @ ./lock.jl:273 [inlined]
 [16] __require(into::Module, mod::Symbol)
    @ Base ./loading.jl:2271
 [17] #invoke_in_world#3
    @ ./essentials.jl:1089 [inlined]
 [18] invoke_in_world
    @ ./essentials.jl:1086 [inlined]
 [19] require(into::Module, mod::Symbol)
    @ Base ./loading.jl:2260
 [20] include
    @ ./Base.jl:557 [inlined]
 [21] include_package_for_output(pkg::Base.PkgId, input::String, depot_path::Vector{String}, dl_load_path::Vector{String}, load_path::Vector{String}, concrete_deps::Vector{Pair{Base.PkgId, UInt128}}, source::String)
    @ Base ./loading.jl:2881
 [22] top-level scope
    @ stdin:6
during initialization of module Connections
in expression starting at /home/pbachant/.julia/packages/DataDeps/Y2lje/src/DataDeps.jl:2
in expression starting at stdin:6
ERROR: LoadError: Failed to precompile DataDeps [124859b0-ceae-595e-8997-d05f6a7a8dfe] to "/home/pbachant/.julia/compiled/v1.11/DataDeps/jl_CooPPK".
Stacktrace:
  [1] error(s::String)
    @ Base ./error.jl:35
  [2] compilecache(pkg::Base.PkgId, path::String, internal_stderr::IO, internal_stdout::IO, keep_loaded_modules::Bool; flags::Cmd, cacheflags::Base.CacheFlags, reasons::Dict{String, Int64}, loadable_exts::Nothing)
    @ Base ./loading.jl:3174
  [3] (::Base.var"#1110#1111"{Base.PkgId})()
    @ Base ./loading.jl:2579
  [4] mkpidlock(f::Base.var"#1110#1111"{Base.PkgId}, at::String, pid::Int32; kwopts::@Kwargs{stale_age::Int64, wait::Bool})
    @ FileWatching.Pidfile /clima/software/julia/julia-1.11.5/share/julia/stdlib/v1.11/FileWatching/src/pidfile.jl:95
  [5] #mkpidlock#6
    @ /clima/software/julia/julia-1.11.5/share/julia/stdlib/v1.11/FileWatching/src/pidfile.jl:90 [inlined]
  [6] trymkpidlock(::Function, ::Vararg{Any}; kwargs::@Kwargs{stale_age::Int64})
    @ FileWatching.Pidfile /clima/software/julia/julia-1.11.5/share/julia/stdlib/v1.11/FileWatching/src/pidfile.jl:116
  [7] #invokelatest#2
    @ ./essentials.jl:1057 [inlined]
  [8] invokelatest
    @ ./essentials.jl:1052 [inlined]
  [9] maybe_cachefile_lock(f::Base.var"#1110#1111"{Base.PkgId}, pkg::Base.PkgId, srcpath::String; stale_age::Int64)
    @ Base ./loading.jl:3698
 [10] maybe_cachefile_lock
    @ ./loading.jl:3695 [inlined]
 [11] _require(pkg::Base.PkgId, env::String)
    @ Base ./loading.jl:2565
 [12] __require_prelocked(uuidkey::Base.PkgId, env::String)
    @ Base ./loading.jl:2388
 [13] #invoke_in_world#3
    @ ./essentials.jl:1089 [inlined]
 [14] invoke_in_world
    @ ./essentials.jl:1086 [inlined]
 [15] _require_prelocked(uuidkey::Base.PkgId, env::String)
    @ Base ./loading.jl:2375
 [16] macro expansion
    @ ./loading.jl:2314 [inlined]
 [17] macro expansion
    @ ./lock.jl:273 [inlined]
 [18] __require(into::Module, mod::Symbol)
    @ Base ./loading.jl:2271
 [19] #invoke_in_world#3
    @ ./essentials.jl:1089 [inlined]
 [20] invoke_in_world
    @ ./essentials.jl:1086 [inlined]
 [21] require(into::Module, mod::Symbol)
    @ Base ./loading.jl:2260
 [22] include
    @ ./Base.jl:557 [inlined]
 [23] include_package_for_output(pkg::Base.PkgId, input::String, depot_path::Vector{String}, dl_load_path::Vector{String}, load_path::Vector{String}, concrete_deps::Vector{Pair{Base.PkgId, UInt128}}, source::Nothing)
    @ Base ./loading.jl:2881
 [24] top-level scope
    @ stdin:6
in expression starting at /home/pbachant/.julia/packages/ClimaOcean/5Dct7/src/ClimaOcean.jl:1
in expression starting at stdin:2026-01-14 13:31:20 - Precompiling packages
Precompiling project...
           ✗ DataDeps
           ✗ FileIO → HTTPExt
           ✗ MeshArrays → MeshArraysDataDepsExt
           ✗ ClimaOcean
  0 dependencies successfully precompiled in 19 seconds. 643 already precompiled.

ERROR: The following 1 direct dependency failed to precompile:

ClimaOcean 

Failed to precompile ClimaOcean [0376089a-ecfe-4b0e-a64f-9c555d74d754] to "/home/pbachant/.julia/compiled/v1.11/ClimaOcean/jl_wrgI3C".
┌ Warning: You are using Julia v1.11 or later!"
│ Oceananigans is currently tested on Julia v1.10."
│ If you find issues with Julia v1.11 or later,"
│ please report at https://github.com/CliMA/Oceananigans.jl/issues/new
└ @ Oceananigans ~/.julia/packages/Oceananigans/A56vm/src/Oceananigans.jl:125
ERROR: LoadError: InitError: AssertionError: ret == 1
Stacktrace:
  [1] OpenSSL.SSLContext(ssl_method::OpenSSL.SSLMethod, verify_file::String)
    @ OpenSSL ~/.julia/packages/OpenSSL/fun1x/src/ssl.jl:165
  [2] SSLContext
    @ ~/.julia/packages/OpenSSL/fun1x/src/ssl.jl:145 [inlined]
  [3] __init__()
    @ HTTP.Connections ~/.julia/packages/HTTP/ShTJs/src/Connections.jl:41
  [4] run_module_init(mod::Module, i::Int64)
    @ Base ./loading.jl:1378
  [5] register_restored_modules(sv::Core.SimpleVector, pkg::Base.PkgId, path::String)
    @ Base ./loading.jl:1366
  [6] _include_from_serialized(pkg::Base.PkgId, path::String, ocachepath::String, depmods::Vector{Any}, ignore_native::Nothing; register::Bool)
    @ Base ./loading.jl:1254
  [7] _include_from_serialized (repeats 2 times)
    @ ./loading.jl:1210 [inlined]
  [8] _require_search_from_serialized(pkg::Base.PkgId, sourcepath::String, build_id::UInt128, stalecheck::Bool; reasons::Dict{String, Int64}, DEPOT_PATH::Vector{String})
    @ Base ./loading.jl:2057
  [9] _require(pkg::Base.PkgId, env::String)
    @ Base ./loading.jl:2527
 [10] __require_prelocked(uuidkey::Base.PkgId, env::String)
    @ Base ./loading.jl:2388
 [11] #invoke_in_world#3
    @ ./essentials.jl:1089 [inlined]
 [12] invoke_in_world
    @ ./essentials.jl:1086 [inlined]
 [13] _require_prelocked(uuidkey::Base.PkgId, env::String)
    @ Base ./loading.jl:2375
 [14] macro expansion
    @ ./loading.jl:2314 [inlined]
 [15] macro expansion
    @ ./lock.jl:273 [inlined]
 [16] __require(into::Module, mod::Symbol)
    @ Base ./loading.jl:2271
 [17] #invoke_in_world#3
    @ ./essentials.jl:1089 [inlined]
 [18] invoke_in_world
    @ ./essentials.jl:1086 [inlined]
 [19] require(into::Module, mod::Symbol)
    @ Base ./loading.jl:2260
 [20] include
    @ ./Base.jl:557 [inlined]
 [21] include_package_for_output(pkg::Base.PkgId, input::String, depot_path::Vector{String}, dl_load_path::Vector{String}, load_path::Vector{String}, concrete_deps::Vector{Pair{Base.PkgId, UInt128}}, source::String)
    @ Base ./loading.jl:2881
 [22] top-level scope
    @ stdin:6
during initialization of module Connections
in expression starting at /home/pbachant/.julia/packages/DataDeps/Y2lje/src/DataDeps.jl:2
in expression starting at stdin:6
ERROR: LoadError: Failed to precompile DataDeps [124859b0-ceae-595e-8997-d05f6a7a8dfe] to "/home/pbachant/.julia/compiled/v1.11/DataDeps/jl_U6JuB7".
Stacktrace:
  [1] error(s::String)
    @ Base ./error.jl:35
  [2] compilecache(pkg::Base.PkgId, path::String, internal_stderr::IO, internal_stdout::IO, keep_loaded_modules::Bool; flags::Cmd, cacheflags::Base.CacheFlags, reasons::Dict{String, Int64}, loadable_exts::Nothing)
    @ Base ./loading.jl:3174
  [3] (::Base.var"#1110#1111"{Base.PkgId})()
    @ Base ./loading.jl:2579
  [4] mkpidlock(f::Base.var"#1110#1111"{Base.PkgId}, at::String, pid::Int32; kwopts::@Kwargs{stale_age::Int64, wait::Bool})
    @ FileWatching.Pidfile /clima/software/julia/julia-1.11.5/share/julia/stdlib/v1.11/FileWatching/src/pidfile.jl:95
  [5] #mkpidlock#6
    @ /clima/software/julia/julia-1.11.5/share/julia/stdlib/v1.11/FileWatching/src/pidfile.jl:90 [inlined]
  [6] trymkpidlock(::Function, ::Vararg{Any}; kwargs::@Kwargs{stale_age::Int64})
    @ FileWatching.Pidfile /clima/software/julia/julia-1.11.5/share/julia/stdlib/v1.11/FileWatching/src/pidfile.jl:116
  [7] #invokelatest#2
    @ ./essentials.jl:1057 [inlined]
  [8] invokelatest
    @ ./essentials.jl:1052 [inlined]
  [9] maybe_cachefile_lock(f::Base.var"#1110#1111"{Base.PkgId}, pkg::Base.PkgId, srcpath::String; stale_age::Int64)
    @ Base ./loading.jl:3698
 [10] maybe_cachefile_lock
    @ ./loading.jl:3695 [inlined]
 [11] _require(pkg::Base.PkgId, env::String)
    @ Base ./loading.jl:2565
 [12] __require_prelocked(uuidkey::Base.PkgId, env::String)
    @ Base ./loading.jl:2388
 [13] #invoke_in_world#3
    @ ./essentials.jl:1089 [inlined]
 [14] invoke_in_world
    @ ./essentials.jl:1086 [inlined]
 [15] _require_prelocked(uuidkey::Base.PkgId, env::String)
    @ Base ./loading.jl:2375
 [16] macro expansion
    @ ./loading.jl:2314 [inlined]
 [17] macro expansion
    @ ./lock.jl:273 [inlined]
 [18] __require(into::Module, mod::Symbol)
    @ Base ./loading.jl:2271
 [19] #invoke_in_world#3
    @ ./essentials.jl:1089 [inlined]
 [20] invoke_in_world
    @ ./essentials.jl:1086 [inlined]
 [21] require(into::Module, mod::Symbol)
    @ Base ./loading.jl:2260
 [22] include
    @ ./Base.jl:557 [inlined]
 [23] include_package_for_output(pkg::Base.PkgId, input::String, depot_path::Vector{String}, dl_load_path::Vector{String}, load_path::Vector{String}, concrete_deps::Vector{Pair{Base.PkgId, UInt128}}, source::Nothing)
    @ Base ./loading.jl:2881
 [24] top-level scope
    @ stdin:6
in expression starting at /home/pbachant/.julia/packages/ClimaOcean/5Dct7/src/ClimaOcean.jl:1
in expression starting at stdin:
Traceback (most recent call last):
  File "/home/pbachant/calkit/clima-perf/scripts/run.py", line 236, in <module>
    main()
    ~~~~^^
  File "/home/pbachant/calkit/clima-perf/scripts/run.py", line 159, in main
    run_julia_command(env_dir, "using Pkg; Pkg.precompile();")
    ~~~~~~~~~~~~~~~~~^^^^^^^^^^^^^^^^^^^^^^^^^^^^^^^^^^^^^^^^^
  File "/home/pbachant/calkit/clima-perf/scripts/run.py", line 66, in run_julia_command
    subprocess.run(cmd, check=check)
    ~~~~~~~~~~~~~~^^^^^^^^^^^^^^^^^^
  File "/home/pbachant/.local/share/uv/python/cpython-3.14.2-linux-x86_64-gnu/lib/python3.14/subprocess.py", line 577, in run
    raise CalledProcessError(retcode, process.args,
                             output=stdout, stderr=stderr)
subprocess.CalledProcessError: Command '['julia', '--project=runs/amip/2025-11-07/ClimaCoupler.jl/experiments/ClimaEarth', '-e', 'using Pkg; Pkg.precompile();']' returned non-zero exit status 1.
Error: Failed to run in uv-venv
